{"C:\\Users\\Tangt\\Desktop\\Poly study stuff (Sem2.2)\\DevOps\\CG-Finance-Website\\public\\instrumented\\js\\createRetirement.js":{"path":"C:\\Users\\Tangt\\Desktop\\Poly study stuff (Sem2.2)\\DevOps\\CG-Finance-Website\\public\\instrumented\\js\\createRetirement.js","statementMap":{"0":{"start":{"line":1,"column":35},"end":{"line":1,"column":150}},"1":{"start":{"line":1,"column":160},"end":{"line":1,"column":202}},"2":{"start":{"line":1,"column":214},"end":{"line":1,"column":243}},"3":{"start":{"line":1,"column":252},"end":{"line":1,"column":266}},"4":{"start":{"line":1,"column":284},"end":{"line":1,"column":4562}},"5":{"start":{"line":1,"column":4576},"end":{"line":1,"column":4605}},"6":{"start":{"line":1,"column":4606},"end":{"line":1,"column":4683}},"7":{"start":{"line":1,"column":4654},"end":{"line":1,"column":4682}},"8":{"start":{"line":1,"column":4702},"end":{"line":1,"column":4716}},"9":{"start":{"line":2,"column":0},"end":{"line":2,"column":50}},"10":{"start":{"line":2,"column":26},"end":{"line":2,"column":48}},"11":{"start":{"line":2,"column":51},"end":{"line":2,"column":73}},"12":{"start":{"line":2,"column":74},"end":{"line":2,"column":91}},"13":{"start":{"line":2,"column":112},"end":{"line":2,"column":136}},"14":{"start":{"line":2,"column":147},"end":{"line":2,"column":216}},"15":{"start":{"line":2,"column":234},"end":{"line":2,"column":308}},"16":{"start":{"line":2,"column":329},"end":{"line":2,"column":406}},"17":{"start":{"line":2,"column":423},"end":{"line":2,"column":496}},"18":{"start":{"line":2,"column":498},"end":{"line":2,"column":522}},"19":{"start":{"line":2,"column":522},"end":{"line":2,"column":820}},"20":{"start":{"line":2,"column":656},"end":{"line":2,"column":683}},"21":{"start":{"line":2,"column":683},"end":{"line":2,"column":707}},"22":{"start":{"line":2,"column":707},"end":{"line":2,"column":755}},"23":{"start":{"line":2,"column":755},"end":{"line":2,"column":779}},"24":{"start":{"line":2,"column":779},"end":{"line":2,"column":786}},"25":{"start":{"line":2,"column":792},"end":{"line":2,"column":819}},"26":{"start":{"line":2,"column":820},"end":{"line":2,"column":844}},"27":{"start":{"line":2,"column":844},"end":{"line":2,"column":863}},"28":{"start":{"line":2,"column":863},"end":{"line":2,"column":887}},"29":{"start":{"line":2,"column":887},"end":{"line":2,"column":911}},"30":{"start":{"line":2,"column":911},"end":{"line":2,"column":935}},"31":{"start":{"line":2,"column":935},"end":{"line":2,"column":962}},"32":{"start":{"line":2,"column":962},"end":{"line":2,"column":987}},"33":{"start":{"line":2,"column":987},"end":{"line":2,"column":1010}},"34":{"start":{"line":3,"column":27},"end":{"line":3,"column":96}},"35":{"start":{"line":3,"column":98},"end":{"line":3,"column":123}},"36":{"start":{"line":3,"column":123},"end":{"line":3,"column":179}},"37":{"start":{"line":3,"column":179},"end":{"line":3,"column":204}},"38":{"start":{"line":3,"column":204},"end":{"line":3,"column":291}},"39":{"start":{"line":4,"column":26},"end":{"line":4,"column":102}},"40":{"start":{"line":4,"column":104},"end":{"line":4,"column":129}},"41":{"start":{"line":4,"column":129},"end":{"line":4,"column":184}},"42":{"start":{"line":4,"column":184},"end":{"line":4,"column":209}},"43":{"start":{"line":4,"column":209},"end":{"line":4,"column":294}},"44":{"start":{"line":4,"column":308},"end":{"line":4,"column":335}},"45":{"start":{"line":4,"column":351},"end":{"line":4,"column":388}},"46":{"start":{"line":4,"column":390},"end":{"line":4,"column":415}},"47":{"start":{"line":4,"column":415},"end":{"line":4,"column":476}},"48":{"start":{"line":4,"column":476},"end":{"line":4,"column":501}},"49":{"start":{"line":4,"column":501},"end":{"line":4,"column":573}},"50":{"start":{"line":4,"column":573},"end":{"line":4,"column":598}},"51":{"start":{"line":4,"column":598},"end":{"line":4,"column":676}},"52":{"start":{"line":4,"column":676},"end":{"line":4,"column":701}},"53":{"start":{"line":4,"column":701},"end":{"line":4,"column":770}},"54":{"start":{"line":4,"column":770},"end":{"line":4,"column":795}},"55":{"start":{"line":4,"column":795},"end":{"line":4,"column":842}},"56":{"start":{"line":4,"column":842},"end":{"line":4,"column":867}},"57":{"start":{"line":4,"column":867},"end":{"line":4,"column":917}},"58":{"start":{"line":4,"column":917},"end":{"line":4,"column":942}},"59":{"start":{"line":4,"column":942},"end":{"line":4,"column":1009}},"60":{"start":{"line":4,"column":1009},"end":{"line":4,"column":1034}},"61":{"start":{"line":4,"column":1034},"end":{"line":4,"column":1510}},"62":{"start":{"line":4,"column":1362},"end":{"line":4,"column":1389}},"63":{"start":{"line":4,"column":1389},"end":{"line":4,"column":1414}},"64":{"start":{"line":4,"column":1414},"end":{"line":4,"column":1444}},"65":{"start":{"line":4,"column":1444},"end":{"line":4,"column":1469}},"66":{"start":{"line":4,"column":1469},"end":{"line":4,"column":1476}},"67":{"start":{"line":4,"column":1482},"end":{"line":4,"column":1509}},"68":{"start":{"line":4,"column":1523},"end":{"line":4,"column":1568}},"69":{"start":{"line":4,"column":1570},"end":{"line":4,"column":1595}},"70":{"start":{"line":4,"column":1595},"end":{"line":4,"column":1639}},"71":{"start":{"line":4,"column":1639},"end":{"line":4,"column":1664}},"72":{"start":{"line":4,"column":1664},"end":{"line":4,"column":1724}},"73":{"start":{"line":4,"column":1724},"end":{"line":4,"column":1749}},"74":{"start":{"line":4,"column":1749},"end":{"line":4,"column":2144}},"75":{"start":{"line":4,"column":1775},"end":{"line":4,"column":1799}},"76":{"start":{"line":4,"column":1799},"end":{"line":4,"column":1824}},"77":{"start":{"line":4,"column":1824},"end":{"line":4,"column":1866}},"78":{"start":{"line":4,"column":1866},"end":{"line":4,"column":1891}},"79":{"start":{"line":4,"column":1891},"end":{"line":4,"column":1913}},"80":{"start":{"line":4,"column":1913},"end":{"line":4,"column":1938}},"81":{"start":{"line":4,"column":1938},"end":{"line":4,"column":2142}},"82":{"start":{"line":4,"column":1970},"end":{"line":4,"column":1997}},"83":{"start":{"line":4,"column":1997},"end":{"line":4,"column":2022}},"84":{"start":{"line":4,"column":2022},"end":{"line":4,"column":2049}},"85":{"start":{"line":4,"column":2055},"end":{"line":4,"column":2082}},"86":{"start":{"line":4,"column":2082},"end":{"line":4,"column":2107}},"87":{"start":{"line":4,"column":2107},"end":{"line":4,"column":2141}},"88":{"start":{"line":4,"column":2144},"end":{"line":4,"column":2169}},"89":{"start":{"line":4,"column":2169},"end":{"line":4,"column":2208}}},"fnMap":{"0":{"name":"cov_1w6e359q7o","decl":{"start":{"line":1,"column":9},"end":{"line":1,"column":23}},"loc":{"start":{"line":1,"column":25},"end":{"line":2,"column":74}},"line":1},"1":{"name":"(anonymous_1)","decl":{"start":{"line":2,"column":15},"end":{"line":2,"column":16}},"loc":{"start":{"line":2,"column":25},"end":{"line":2,"column":49}},"line":2},"2":{"name":"calculate","decl":{"start":{"line":2,"column":100},"end":{"line":2,"column":109}},"loc":{"start":{"line":2,"column":111},"end":{"line":4,"column":2209}},"line":2},"3":{"name":"(anonymous_3)","decl":{"start":{"line":4,"column":1764},"end":{"line":4,"column":1765}},"loc":{"start":{"line":4,"column":1774},"end":{"line":4,"column":2143}},"line":4}},"branchMap":{"0":{"loc":{"start":{"line":1,"column":4576},"end":{"line":1,"column":4605}},"type":"binary-expr","locations":[{"start":{"line":1,"column":4576},"end":{"line":1,"column":4587}},{"start":{"line":1,"column":4590},"end":{"line":1,"column":4604}}],"line":1},"1":{"loc":{"start":{"line":1,"column":4606},"end":{"line":1,"column":4683}},"type":"if","locations":[{"start":{"line":1,"column":4606},"end":{"line":1,"column":4683}},{"start":{"line":1,"column":4606},"end":{"line":1,"column":4683}}],"line":1},"2":{"loc":{"start":{"line":1,"column":4609},"end":{"line":1,"column":4652}},"type":"binary-expr","locations":[{"start":{"line":1,"column":4609},"end":{"line":1,"column":4624}},{"start":{"line":1,"column":4626},"end":{"line":1,"column":4652}}],"line":1},"3":{"loc":{"start":{"line":2,"column":522},"end":{"line":2,"column":820}},"type":"if","locations":[{"start":{"line":2,"column":522},"end":{"line":2,"column":820}},{"start":{"line":2,"column":522},"end":{"line":2,"column":820}}],"line":2},"4":{"loc":{"start":{"line":2,"column":525},"end":{"line":2,"column":654}},"type":"binary-expr","locations":[{"start":{"line":2,"column":526},"end":{"line":2,"column":565}},{"start":{"line":2,"column":569},"end":{"line":2,"column":611}},{"start":{"line":2,"column":615},"end":{"line":2,"column":653}}],"line":2},"5":{"loc":{"start":{"line":4,"column":1034},"end":{"line":4,"column":1510}},"type":"if","locations":[{"start":{"line":4,"column":1034},"end":{"line":4,"column":1510}},{"start":{"line":4,"column":1034},"end":{"line":4,"column":1510}}],"line":4},"6":{"loc":{"start":{"line":4,"column":1037},"end":{"line":4,"column":1360}},"type":"binary-expr","locations":[{"start":{"line":4,"column":1038},"end":{"line":4,"column":1083}},{"start":{"line":4,"column":1087},"end":{"line":4,"column":1138}},{"start":{"line":4,"column":1142},"end":{"line":4,"column":1196}},{"start":{"line":4,"column":1200},"end":{"line":4,"column":1249}},{"start":{"line":4,"column":1253},"end":{"line":4,"column":1311}},{"start":{"line":4,"column":1315},"end":{"line":4,"column":1359}}],"line":4},"7":{"loc":{"start":{"line":4,"column":1938},"end":{"line":4,"column":2142}},"type":"if","locations":[{"start":{"line":4,"column":1938},"end":{"line":4,"column":2142}},{"start":{"line":4,"column":1938},"end":{"line":4,"column":2142}}],"line":4}},"s":{"0":0,"1":0,"2":0,"3":0,"4":0,"5":0,"6":0,"7":0,"8":0,"9":0,"10":0,"11":0,"12":0,"13":0,"14":0,"15":0,"16":0,"17":0,"18":0,"19":0,"20":0,"21":0,"22":0,"23":0,"24":0,"25":0,"26":0,"27":0,"28":0,"29":0,"30":0,"31":0,"32":0,"33":0,"34":0,"35":0,"36":0,"37":0,"38":0,"39":0,"40":0,"41":0,"42":0,"43":0,"44":0,"45":0,"46":0,"47":0,"48":0,"49":0,"50":0,"51":0,"52":0,"53":0,"54":0,"55":0,"56":0,"57":0,"58":0,"59":0,"60":0,"61":0,"62":0,"63":0,"64":0,"65":0,"66":0,"67":0,"68":0,"69":0,"70":0,"71":0,"72":0,"73":0,"74":0,"75":0,"76":0,"77":0,"78":0,"79":0,"80":0,"81":0,"82":0,"83":0,"84":0,"85":0,"86":0,"87":0,"88":0,"89":0},"f":{"0":0,"1":0,"2":0,"3":0},"b":{"0":[0,0],"1":[0,0],"2":[0,0],"3":[0,0],"4":[0,0,0],"5":[0,0],"6":[0,0,0,0,0,0],"7":[0,0]},"inputSourceMap":{"version":3,"names":["cov_1w6e359q7o","actualCoverage","calculate","f","title","s","document","getElementById","value","currentAge","retirementAge","fundGoals","b","alert","console","log","years_to_retirement","parseInt","textContent","annual_saving_goal","parseFloat","response","jsonData","Object","current_age","retirement_age","fund_goal","user","sessionStorage","getItem","request","XMLHttpRequest","open","setRequestHeader","onload","JSON","parse","responseText","message","undefined","send","stringify"],"sources":["createRetirement.js"],"sourcesContent":["function calculate() {\r\n    let title = document.getElementById(\"create_title\").value;\r\n    let currentAge = document.getElementById(\"create_currentAge\").value;\r\n    let retirementAge = document.getElementById(\"create_retirementAge\").value;\r\n    let fundGoals = document.getElementById(\"create_fundGoals\").value;\r\n\r\n    if (currentAge < 0 || retirementAge < 0 || fundGoals < 0) {\r\n      alert(\"No negative numbers allowed in fields!\");\r\n      return;\r\n    }  \r\n\r\n    console.log(title);\r\n    console.log(currentAge);\r\n    console.log(retirementAge);\r\n    console.log(fundGoals);\r\n\r\n    //Calculating years to retirement\r\n    const years_to_retirement =\r\n      parseInt(retirementAge) - parseInt(currentAge);\r\n    console.log(\"Year to retirement: \", years_to_retirement);\r\n    document.getElementById(\"years_to_retirement_display\").textContent =\r\n      years_to_retirement;\r\n\r\n    //Calculating annual saving goal\r\n    const annual_saving_goal =\r\n      parseFloat(fundGoals) / parseInt(years_to_retirement);\r\n    console.log(\"Annual Saving Goal: \", annual_saving_goal);\r\n    document.getElementById(\"annual_saving_goal_display\").textContent =\r\n      annual_saving_goal;\r\n\r\n    var response = \"\";\r\n    var jsonData = new Object();\r\n    jsonData.title = document.getElementById(\"create_title\").value;\r\n    jsonData.current_age = document.getElementById(\"create_currentAge\").value;\r\n    jsonData.retirement_age = document.getElementById(\r\n      \"create_retirementAge\"\r\n    ).value;\r\n    jsonData.fund_goal = document.getElementById(\"create_fundGoals\").value;\r\n    jsonData.annual_saving_goal = annual_saving_goal;\r\n    jsonData.user = sessionStorage.getItem(\"Useremail\");\r\n\r\n    console.log(\"Annual saving goal is: \", jsonData.annual_saving_goal);\r\n\r\n    if (\r\n      jsonData.title == \"\" ||\r\n      jsonData.current_age == \"\" ||\r\n      jsonData.retirement_age == \"\" ||\r\n      jsonData.fund_goal == \"\" ||\r\n      jsonData.annual_saving_goal == \"\" ||\r\n      jsonData.user == \"\"\r\n    ) {\r\n      alert(\"All Fields required!\");\r\n      return;\r\n    }\r\n    \r\n    var request = new XMLHttpRequest();\r\n    request.open(\"POST\", \"/add-retirement\", true);\r\n    request.setRequestHeader(\"Content-Type\", \"application/json\");\r\n    request.onload = function () {\r\n      response = JSON.parse(request.responseText);\r\n      console.log(response);\r\n      if (response.message == undefined) {\r\n        alert(\"Retirement Added!\");\r\n      } else {\r\n        alert(\"Unable to add retirement\");\r\n      }\r\n    };\r\n    request.send(JSON.stringify(jsonData));\r\n  }"],"mappings":"8mJAeY;AAAAA,cAAA,SAAAA,CAAA,SAAAC,cAAA,WAAAA,cAAA,EAAAD,cAAA,GAfZ,QAAS,CAAAE,SAASA,CAAA,CAAG,CAAAF,cAAA,GAAAG,CAAA,MACjB,GAAI,CAAAC,KAAK,EAAAJ,cAAA,GAAAK,CAAA,MAAGC,QAAQ,CAACC,cAAc,CAAC,cAAc,CAAC,CAACC,KAAK,EACzD,GAAI,CAAAC,UAAU,EAAAT,cAAA,GAAAK,CAAA,MAAGC,QAAQ,CAACC,cAAc,CAAC,mBAAmB,CAAC,CAACC,KAAK,EACnE,GAAI,CAAAE,aAAa,EAAAV,cAAA,GAAAK,CAAA,MAAGC,QAAQ,CAACC,cAAc,CAAC,sBAAsB,CAAC,CAACC,KAAK,EACzE,GAAI,CAAAG,SAAS,EAAAX,cAAA,GAAAK,CAAA,MAAGC,QAAQ,CAACC,cAAc,CAAC,kBAAkB,CAAC,CAACC,KAAK,EAACR,cAAA,GAAAK,CAAA,MAElE,GAAI,CAAAL,cAAA,GAAAY,CAAA,SAAAH,UAAU,CAAG,CAAC,IAAAT,cAAA,GAAAY,CAAA,SAAIF,aAAa,CAAG,CAAC,IAAAV,cAAA,GAAAY,CAAA,SAAID,SAAS,CAAG,CAAC,EAAE,CAAAX,cAAA,GAAAY,CAAA,SAAAZ,cAAA,GAAAK,CAAA,MACxDQ,KAAK,CAAC,wCAAwC,CAAC,CAACb,cAAA,GAAAK,CAAA,MAChD,OACF,CAAC,KAAAL,cAAA,GAAAY,CAAA,UAAAZ,cAAA,GAAAK,CAAA,MAEDS,OAAO,CAACC,GAAG,CAACX,KAAK,CAAC,CAACJ,cAAA,GAAAK,CAAA,MACnBS,OAAO,CAACC,GAAG,CAACN,UAAU,CAAC,CAACT,cAAA,GAAAK,CAAA,MACxBS,OAAO,CAACC,GAAG,CAACL,aAAa,CAAC,CAACV,cAAA,GAAAK,CAAA,OAC3BS,OAAO,CAACC,GAAG,CAACJ,SAAS,CAAC,CAEtB;AACA,KAAM,CAAAK,mBAAmB,EAAAhB,cAAA,GAAAK,CAAA,OACvBY,QAAQ,CAACP,aAAa,CAAC,CAAGO,QAAQ,CAACR,UAAU,CAAC,EAACT,cAAA,GAAAK,CAAA,OACjDS,OAAO,CAACC,GAAG,CAAC,sBAAsB,CAAEC,mBAAmB,CAAC,CAAChB,cAAA,GAAAK,CAAA,OACzDC,QAAQ,CAACC,cAAc,CAAC,6BAA6B,CAAC,CAACW,WAAW,CAChEF,mBAAmB,CAErB;AACA,KAAM,CAAAG,kBAAkB,EAAAnB,cAAA,GAAAK,CAAA,OACtBe,UAAU,CAACT,SAAS,CAAC,CAAGM,QAAQ,CAACD,mBAAmB,CAAC,EAAChB,cAAA,GAAAK,CAAA,OACxDS,OAAO,CAACC,GAAG,CAAC,sBAAsB,CAAEI,kBAAkB,CAAC,CAACnB,cAAA,GAAAK,CAAA,OACxDC,QAAQ,CAACC,cAAc,CAAC,4BAA4B,CAAC,CAACW,WAAW,CAC/DC,kBAAkB,CAEpB,GAAI,CAAAE,QAAQ,EAAArB,cAAA,GAAAK,CAAA,OAAG,EAAE,EACjB,GAAI,CAAAiB,QAAQ,EAAAtB,cAAA,GAAAK,CAAA,OAAG,GAAI,CAAAkB,MAAM,CAAC,CAAC,EAACvB,cAAA,GAAAK,CAAA,OAC5BiB,QAAQ,CAAClB,KAAK,CAAGE,QAAQ,CAACC,cAAc,CAAC,cAAc,CAAC,CAACC,KAAK,CAACR,cAAA,GAAAK,CAAA,OAC/DiB,QAAQ,CAACE,WAAW,CAAGlB,QAAQ,CAACC,cAAc,CAAC,mBAAmB,CAAC,CAACC,KAAK,CAACR,cAAA,GAAAK,CAAA,OAC1EiB,QAAQ,CAACG,cAAc,CAAGnB,QAAQ,CAACC,cAAc,CAC/C,sBACF,CAAC,CAACC,KAAK,CAACR,cAAA,GAAAK,CAAA,OACRiB,QAAQ,CAACI,SAAS,CAAGpB,QAAQ,CAACC,cAAc,CAAC,kBAAkB,CAAC,CAACC,KAAK,CAACR,cAAA,GAAAK,CAAA,OACvEiB,QAAQ,CAACH,kBAAkB,CAAGA,kBAAkB,CAACnB,cAAA,GAAAK,CAAA,OACjDiB,QAAQ,CAACK,IAAI,CAAGC,cAAc,CAACC,OAAO,CAAC,WAAW,CAAC,CAAC7B,cAAA,GAAAK,CAAA,OAEpDS,OAAO,CAACC,GAAG,CAAC,yBAAyB,CAAEO,QAAQ,CAACH,kBAAkB,CAAC,CAACnB,cAAA,GAAAK,CAAA,OAEpE,GACE,CAAAL,cAAA,GAAAY,CAAA,SAAAU,QAAQ,CAAClB,KAAK,EAAI,EAAE,IAAAJ,cAAA,GAAAY,CAAA,SACpBU,QAAQ,CAACE,WAAW,EAAI,EAAE,IAAAxB,cAAA,GAAAY,CAAA,SAC1BU,QAAQ,CAACG,cAAc,EAAI,EAAE,IAAAzB,cAAA,GAAAY,CAAA,SAC7BU,QAAQ,CAACI,SAAS,EAAI,EAAE,IAAA1B,cAAA,GAAAY,CAAA,SACxBU,QAAQ,CAACH,kBAAkB,EAAI,EAAE,IAAAnB,cAAA,GAAAY,CAAA,SACjCU,QAAQ,CAACK,IAAI,EAAI,EAAE,EACnB,CAAA3B,cAAA,GAAAY,CAAA,SAAAZ,cAAA,GAAAK,CAAA,OACAQ,KAAK,CAAC,sBAAsB,CAAC,CAACb,cAAA,GAAAK,CAAA,OAC9B,OACF,CAAC,KAAAL,cAAA,GAAAY,CAAA,UAED,GAAI,CAAAkB,OAAO,EAAA9B,cAAA,GAAAK,CAAA,OAAG,GAAI,CAAA0B,cAAc,CAAC,CAAC,EAAC/B,cAAA,GAAAK,CAAA,OACnCyB,OAAO,CAACE,IAAI,CAAC,MAAM,CAAE,iBAAiB,CAAE,IAAI,CAAC,CAAChC,cAAA,GAAAK,CAAA,OAC9CyB,OAAO,CAACG,gBAAgB,CAAC,cAAc,CAAE,kBAAkB,CAAC,CAACjC,cAAA,GAAAK,CAAA,OAC7DyB,OAAO,CAACI,MAAM,CAAG,UAAY,CAAAlC,cAAA,GAAAG,CAAA,MAAAH,cAAA,GAAAK,CAAA,OAC3BgB,QAAQ,CAAGc,IAAI,CAACC,KAAK,CAACN,OAAO,CAACO,YAAY,CAAC,CAACrC,cAAA,GAAAK,CAAA,OAC5CS,OAAO,CAACC,GAAG,CAACM,QAAQ,CAAC,CAACrB,cAAA,GAAAK,CAAA,OACtB,GAAIgB,QAAQ,CAACiB,OAAO,EAAIC,SAAS,CAAE,CAAAvC,cAAA,GAAAY,CAAA,SAAAZ,cAAA,GAAAK,CAAA,OACjCQ,KAAK,CAAC,mBAAmB,CAAC,CAC5B,CAAC,IAAM,CAAAb,cAAA,GAAAY,CAAA,SAAAZ,cAAA,GAAAK,CAAA,OACLQ,KAAK,CAAC,0BAA0B,CAAC,CACnC,CACF,CAAC,CAACb,cAAA,GAAAK,CAAA,OACFyB,OAAO,CAACU,IAAI,CAACL,IAAI,CAACM,SAAS,CAACnB,QAAQ,CAAC,CAAC,CACxC"},"all":true},"C:\\Users\\Tangt\\Desktop\\Poly study stuff (Sem2.2)\\DevOps\\CG-Finance-Website\\public\\instrumented\\js\\editRetirement.js":{"path":"C:\\Users\\Tangt\\Desktop\\Poly study stuff (Sem2.2)\\DevOps\\CG-Finance-Website\\public\\instrumented\\js\\editRetirement.js","statementMap":{"0":{"start":{"line":1,"column":35},"end":{"line":1,"column":148}},"1":{"start":{"line":1,"column":158},"end":{"line":1,"column":200}},"2":{"start":{"line":1,"column":212},"end":{"line":1,"column":241}},"3":{"start":{"line":1,"column":250},"end":{"line":1,"column":264}},"4":{"start":{"line":1,"column":282},"end":{"line":1,"column":7337}},"5":{"start":{"line":1,"column":7351},"end":{"line":1,"column":7380}},"6":{"start":{"line":1,"column":7381},"end":{"line":1,"column":7458}},"7":{"start":{"line":1,"column":7429},"end":{"line":1,"column":7457}},"8":{"start":{"line":1,"column":7477},"end":{"line":1,"column":7491}},"9":{"start":{"line":2,"column":0},"end":{"line":2,"column":50}},"10":{"start":{"line":2,"column":26},"end":{"line":2,"column":48}},"11":{"start":{"line":2,"column":51},"end":{"line":2,"column":73}},"12":{"start":{"line":2,"column":74},"end":{"line":2,"column":91}},"13":{"start":{"line":3,"column":34},"end":{"line":3,"column":58}},"14":{"start":{"line":3,"column":77},"end":{"line":3,"column":123}},"15":{"start":{"line":3,"column":142},"end":{"line":3,"column":198}},"16":{"start":{"line":3,"column":200},"end":{"line":3,"column":224}},"17":{"start":{"line":3,"column":224},"end":{"line":3,"column":262}},"18":{"start":{"line":4,"column":20},"end":{"line":4,"column":68}},"19":{"start":{"line":4,"column":70},"end":{"line":4,"column":94}},"20":{"start":{"line":4,"column":94},"end":{"line":4,"column":137}},"21":{"start":{"line":4,"column":189},"end":{"line":4,"column":213}},"22":{"start":{"line":4,"column":213},"end":{"line":4,"column":237}},"23":{"start":{"line":4,"column":237},"end":{"line":8,"column":46}},"24":{"start":{"line":4,"column":275},"end":{"line":4,"column":299}},"25":{"start":{"line":4,"column":312},"end":{"line":4,"column":356}},"26":{"start":{"line":4,"column":358},"end":{"line":4,"column":382}},"27":{"start":{"line":4,"column":382},"end":{"line":4,"column":426}},"28":{"start":{"line":4,"column":426},"end":{"line":4,"column":450}},"29":{"start":{"line":4,"column":450},"end":{"line":4,"column":510}},"30":{"start":{"line":4,"column":510},"end":{"line":4,"column":534}},"31":{"start":{"line":4,"column":534},"end":{"line":8,"column":3}},"32":{"start":{"line":4,"column":560},"end":{"line":4,"column":584}},"33":{"start":{"line":4,"column":584},"end":{"line":4,"column":609}},"34":{"start":{"line":4,"column":609},"end":{"line":8,"column":1}},"35":{"start":{"line":4,"column":627},"end":{"line":4,"column":684}},"36":{"start":{"line":4,"column":686},"end":{"line":4,"column":711}},"37":{"start":{"line":4,"column":711},"end":{"line":4,"column":733}},"38":{"start":{"line":4,"column":733},"end":{"line":4,"column":758}},"39":{"start":{"line":4,"column":758},"end":{"line":6,"column":67}},"40":{"start":{"line":4,"column":769},"end":{"line":4,"column":795}},"41":{"start":{"line":4,"column":820},"end":{"line":4,"column":845}},"42":{"start":{"line":4,"column":845},"end":{"line":6,"column":66}},"43":{"start":{"line":4,"column":879},"end":{"line":4,"column":906}},"44":{"start":{"line":4,"column":906},"end":{"line":4,"column":931}},"45":{"start":{"line":4,"column":931},"end":{"line":4,"column":956}},"46":{"start":{"line":4,"column":956},"end":{"line":4,"column":981}},"47":{"start":{"line":4,"column":981},"end":{"line":4,"column":1043}},"48":{"start":{"line":4,"column":1043},"end":{"line":4,"column":1068}},"49":{"start":{"line":4,"column":1068},"end":{"line":4,"column":1141}},"50":{"start":{"line":4,"column":1141},"end":{"line":4,"column":1166}},"51":{"start":{"line":4,"column":1166},"end":{"line":4,"column":1245}},"52":{"start":{"line":4,"column":1245},"end":{"line":4,"column":1270}},"53":{"start":{"line":4,"column":1270},"end":{"line":4,"column":1340}},"54":{"start":{"line":4,"column":1367},"end":{"line":4,"column":1462}},"55":{"start":{"line":4,"column":1464},"end":{"line":4,"column":1489}},"56":{"start":{"line":4,"column":1489},"end":{"line":4,"column":1545}},"57":{"start":{"line":4,"column":1545},"end":{"line":4,"column":1570}},"58":{"start":{"line":4,"column":1570},"end":{"line":4,"column":1662}},"59":{"start":{"line":5,"column":26},"end":{"line":5,"column":114}},"60":{"start":{"line":5,"column":116},"end":{"line":5,"column":141}},"61":{"start":{"line":5,"column":141},"end":{"line":5,"column":196}},"62":{"start":{"line":5,"column":196},"end":{"line":5,"column":221}},"63":{"start":{"line":5,"column":221},"end":{"line":5,"column":311}},"64":{"start":{"line":5,"column":311},"end":{"line":5,"column":336}},"65":{"start":{"line":5,"column":336},"end":{"line":5,"column":357}},"66":{"start":{"line":6,"column":0},"end":{"line":6,"column":25}},"67":{"start":{"line":6,"column":25},"end":{"line":6,"column":32}},"68":{"start":{"line":6,"column":38},"end":{"line":6,"column":65}},"69":{"start":{"line":6,"column":67},"end":{"line":6,"column":92}},"70":{"start":{"line":6,"column":92},"end":{"line":6,"column":134}},"71":{"start":{"line":7,"column":14},"end":{"line":7,"column":39}},"72":{"start":{"line":7,"column":39},"end":{"line":7,"column":53}},"73":{"start":{"line":8,"column":3},"end":{"line":8,"column":28}},"74":{"start":{"line":8,"column":28},"end":{"line":8,"column":43}},"75":{"start":{"line":9,"column":30},"end":{"line":9,"column":54}},"76":{"start":{"line":9,"column":54},"end":{"line":9,"column":79}},"77":{"start":{"line":9,"column":79},"end":{"line":11,"column":22}},"78":{"start":{"line":9,"column":105},"end":{"line":9,"column":171}},"79":{"start":{"line":10,"column":0},"end":{"line":10,"column":25}},"80":{"start":{"line":10,"column":25},"end":{"line":10,"column":53}},"81":{"start":{"line":10,"column":67},"end":{"line":10,"column":92}},"82":{"start":{"line":11,"column":0},"end":{"line":11,"column":21}},"83":{"start":{"line":11,"column":23},"end":{"line":11,"column":48}},"84":{"start":{"line":11,"column":48},"end":{"line":11,"column":63}},"85":{"start":{"line":11,"column":88},"end":{"line":11,"column":112}},"86":{"start":{"line":11,"column":123},"end":{"line":11,"column":191}},"87":{"start":{"line":11,"column":209},"end":{"line":11,"column":282}},"88":{"start":{"line":11,"column":303},"end":{"line":11,"column":379}},"89":{"start":{"line":11,"column":396},"end":{"line":11,"column":468}},"90":{"start":{"line":11,"column":470},"end":{"line":11,"column":495}},"91":{"start":{"line":11,"column":495},"end":{"line":11,"column":514}},"92":{"start":{"line":11,"column":514},"end":{"line":11,"column":539}},"93":{"start":{"line":11,"column":539},"end":{"line":11,"column":563}},"94":{"start":{"line":11,"column":563},"end":{"line":11,"column":588}},"95":{"start":{"line":11,"column":588},"end":{"line":11,"column":615}},"96":{"start":{"line":11,"column":615},"end":{"line":11,"column":640}},"97":{"start":{"line":11,"column":640},"end":{"line":11,"column":663}},"98":{"start":{"line":12,"column":27},"end":{"line":12,"column":96}},"99":{"start":{"line":12,"column":98},"end":{"line":12,"column":123}},"100":{"start":{"line":12,"column":123},"end":{"line":12,"column":179}},"101":{"start":{"line":12,"column":179},"end":{"line":12,"column":204}},"102":{"start":{"line":12,"column":204},"end":{"line":12,"column":296}},"103":{"start":{"line":13,"column":26},"end":{"line":13,"column":102}},"104":{"start":{"line":13,"column":104},"end":{"line":13,"column":129}},"105":{"start":{"line":13,"column":129},"end":{"line":13,"column":184}},"106":{"start":{"line":13,"column":184},"end":{"line":13,"column":209}},"107":{"start":{"line":13,"column":209},"end":{"line":13,"column":299}},"108":{"start":{"line":13,"column":313},"end":{"line":13,"column":340}},"109":{"start":{"line":13,"column":356},"end":{"line":13,"column":393}},"110":{"start":{"line":13,"column":395},"end":{"line":13,"column":420}},"111":{"start":{"line":13,"column":420},"end":{"line":13,"column":479}},"112":{"start":{"line":13,"column":479},"end":{"line":13,"column":504}},"113":{"start":{"line":13,"column":504},"end":{"line":13,"column":574}},"114":{"start":{"line":13,"column":574},"end":{"line":13,"column":599}},"115":{"start":{"line":13,"column":599},"end":{"line":13,"column":675}},"116":{"start":{"line":13,"column":675},"end":{"line":13,"column":700}},"117":{"start":{"line":13,"column":700},"end":{"line":13,"column":767}},"118":{"start":{"line":13,"column":767},"end":{"line":13,"column":792}},"119":{"start":{"line":13,"column":792},"end":{"line":13,"column":839}},"120":{"start":{"line":13,"column":839},"end":{"line":13,"column":864}},"121":{"start":{"line":13,"column":864},"end":{"line":13,"column":914}},"122":{"start":{"line":13,"column":914},"end":{"line":13,"column":939}},"123":{"start":{"line":13,"column":939},"end":{"line":13,"column":1006}},"124":{"start":{"line":13,"column":1006},"end":{"line":13,"column":1031}},"125":{"start":{"line":13,"column":1031},"end":{"line":13,"column":1507}},"126":{"start":{"line":13,"column":1359},"end":{"line":13,"column":1386}},"127":{"start":{"line":13,"column":1386},"end":{"line":13,"column":1411}},"128":{"start":{"line":13,"column":1411},"end":{"line":13,"column":1441}},"129":{"start":{"line":13,"column":1441},"end":{"line":13,"column":1466}},"130":{"start":{"line":13,"column":1466},"end":{"line":13,"column":1473}},"131":{"start":{"line":13,"column":1479},"end":{"line":13,"column":1506}},"132":{"start":{"line":13,"column":1520},"end":{"line":13,"column":1565}},"133":{"start":{"line":13,"column":1567},"end":{"line":13,"column":1592}},"134":{"start":{"line":13,"column":1592},"end":{"line":13,"column":1650}},"135":{"start":{"line":13,"column":1650},"end":{"line":13,"column":1675}},"136":{"start":{"line":13,"column":1675},"end":{"line":13,"column":1735}},"137":{"start":{"line":13,"column":1735},"end":{"line":13,"column":1760}},"138":{"start":{"line":13,"column":1760},"end":{"line":13,"column":2157}},"139":{"start":{"line":13,"column":1786},"end":{"line":13,"column":1810}},"140":{"start":{"line":13,"column":1810},"end":{"line":13,"column":1835}},"141":{"start":{"line":13,"column":1835},"end":{"line":13,"column":1877}},"142":{"start":{"line":13,"column":1877},"end":{"line":13,"column":1902}},"143":{"start":{"line":13,"column":1902},"end":{"line":13,"column":1924}},"144":{"start":{"line":13,"column":1924},"end":{"line":13,"column":1949}},"145":{"start":{"line":13,"column":1949},"end":{"line":13,"column":2155}},"146":{"start":{"line":13,"column":1981},"end":{"line":13,"column":2008}},"147":{"start":{"line":13,"column":2008},"end":{"line":13,"column":2033}},"148":{"start":{"line":13,"column":2033},"end":{"line":13,"column":2061}},"149":{"start":{"line":13,"column":2067},"end":{"line":13,"column":2094}},"150":{"start":{"line":13,"column":2094},"end":{"line":13,"column":2119}},"151":{"start":{"line":13,"column":2119},"end":{"line":13,"column":2154}},"152":{"start":{"line":13,"column":2157},"end":{"line":13,"column":2182}},"153":{"start":{"line":13,"column":2182},"end":{"line":13,"column":2221}}},"fnMap":{"0":{"name":"cov_2k93eldjjd","decl":{"start":{"line":1,"column":9},"end":{"line":1,"column":23}},"loc":{"start":{"line":1,"column":25},"end":{"line":2,"column":74}},"line":1},"1":{"name":"(anonymous_1)","decl":{"start":{"line":2,"column":15},"end":{"line":2,"column":16}},"loc":{"start":{"line":2,"column":25},"end":{"line":2,"column":49}},"line":2},"2":{"name":"getRetirementIdFromUrl","decl":{"start":{"line":3,"column":9},"end":{"line":3,"column":31}},"loc":{"start":{"line":3,"column":33},"end":{"line":3,"column":263}},"line":3},"3":{"name":"getSpecificRetirement","decl":{"start":{"line":4,"column":152},"end":{"line":4,"column":173}},"loc":{"start":{"line":4,"column":188},"end":{"line":8,"column":47}},"line":4},"4":{"name":"(anonymous_4)","decl":{"start":{"line":4,"column":256},"end":{"line":4,"column":257}},"loc":{"start":{"line":4,"column":274},"end":{"line":8,"column":44}},"line":4},"5":{"name":"(anonymous_5)","decl":{"start":{"line":4,"column":549},"end":{"line":4,"column":550}},"loc":{"start":{"line":4,"column":559},"end":{"line":8,"column":2}},"line":4},"6":{"name":"exampleUsage","decl":{"start":{"line":9,"column":15},"end":{"line":9,"column":27}},"loc":{"start":{"line":9,"column":29},"end":{"line":11,"column":23}},"line":9},"7":{"name":"calculateEdit","decl":{"start":{"line":11,"column":72},"end":{"line":11,"column":85}},"loc":{"start":{"line":11,"column":87},"end":{"line":13,"column":2222}},"line":11},"8":{"name":"(anonymous_8)","decl":{"start":{"line":13,"column":1775},"end":{"line":13,"column":1776}},"loc":{"start":{"line":13,"column":1785},"end":{"line":13,"column":2156}},"line":13}},"branchMap":{"0":{"loc":{"start":{"line":1,"column":7351},"end":{"line":1,"column":7380}},"type":"binary-expr","locations":[{"start":{"line":1,"column":7351},"end":{"line":1,"column":7362}},{"start":{"line":1,"column":7365},"end":{"line":1,"column":7379}}],"line":1},"1":{"loc":{"start":{"line":1,"column":7381},"end":{"line":1,"column":7458}},"type":"if","locations":[{"start":{"line":1,"column":7381},"end":{"line":1,"column":7458}},{"start":{"line":1,"column":7381},"end":{"line":1,"column":7458}}],"line":1},"2":{"loc":{"start":{"line":1,"column":7384},"end":{"line":1,"column":7427}},"type":"binary-expr","locations":[{"start":{"line":1,"column":7384},"end":{"line":1,"column":7399}},{"start":{"line":1,"column":7401},"end":{"line":1,"column":7427}}],"line":1},"3":{"loc":{"start":{"line":4,"column":845},"end":{"line":6,"column":66}},"type":"if","locations":[{"start":{"line":4,"column":845},"end":{"line":6,"column":66}},{"start":{"line":4,"column":845},"end":{"line":6,"column":66}}],"line":4},"4":{"loc":{"start":{"line":13,"column":1031},"end":{"line":13,"column":1507}},"type":"if","locations":[{"start":{"line":13,"column":1031},"end":{"line":13,"column":1507}},{"start":{"line":13,"column":1031},"end":{"line":13,"column":1507}}],"line":13},"5":{"loc":{"start":{"line":13,"column":1034},"end":{"line":13,"column":1357}},"type":"binary-expr","locations":[{"start":{"line":13,"column":1035},"end":{"line":13,"column":1080}},{"start":{"line":13,"column":1084},"end":{"line":13,"column":1135}},{"start":{"line":13,"column":1139},"end":{"line":13,"column":1193}},{"start":{"line":13,"column":1197},"end":{"line":13,"column":1246}},{"start":{"line":13,"column":1250},"end":{"line":13,"column":1308}},{"start":{"line":13,"column":1312},"end":{"line":13,"column":1356}}],"line":13},"6":{"loc":{"start":{"line":13,"column":1949},"end":{"line":13,"column":2155}},"type":"if","locations":[{"start":{"line":13,"column":1949},"end":{"line":13,"column":2155}},{"start":{"line":13,"column":1949},"end":{"line":13,"column":2155}}],"line":13}},"s":{"0":0,"1":0,"2":0,"3":0,"4":0,"5":0,"6":0,"7":0,"8":0,"9":0,"10":0,"11":0,"12":0,"13":0,"14":0,"15":0,"16":0,"17":0,"18":0,"19":0,"20":0,"21":0,"22":0,"23":0,"24":0,"25":0,"26":0,"27":0,"28":0,"29":0,"30":0,"31":0,"32":0,"33":0,"34":0,"35":0,"36":0,"37":0,"38":0,"39":0,"40":0,"41":0,"42":0,"43":0,"44":0,"45":0,"46":0,"47":0,"48":0,"49":0,"50":0,"51":0,"52":0,"53":0,"54":0,"55":0,"56":0,"57":0,"58":0,"59":0,"60":0,"61":0,"62":0,"63":0,"64":0,"65":0,"66":0,"67":0,"68":0,"69":0,"70":0,"71":0,"72":0,"73":0,"74":0,"75":0,"76":0,"77":0,"78":0,"79":0,"80":0,"81":0,"82":0,"83":0,"84":0,"85":0,"86":0,"87":0,"88":0,"89":0,"90":0,"91":0,"92":0,"93":0,"94":0,"95":0,"96":0,"97":0,"98":0,"99":0,"100":0,"101":0,"102":0,"103":0,"104":0,"105":0,"106":0,"107":0,"108":0,"109":0,"110":0,"111":0,"112":0,"113":0,"114":0,"115":0,"116":0,"117":0,"118":0,"119":0,"120":0,"121":0,"122":0,"123":0,"124":0,"125":0,"126":0,"127":0,"128":0,"129":0,"130":0,"131":0,"132":0,"133":0,"134":0,"135":0,"136":0,"137":0,"138":0,"139":0,"140":0,"141":0,"142":0,"143":0,"144":0,"145":0,"146":0,"147":0,"148":0,"149":0,"150":0,"151":0,"152":0,"153":0},"f":{"0":0,"1":0,"2":0,"3":0,"4":0,"5":0,"6":0,"7":0,"8":0},"b":{"0":[0,0],"1":[0,0],"2":[0,0],"3":[0,0],"4":[0,0],"5":[0,0,0,0,0,0],"6":[0,0]},"inputSourceMap":{"version":3,"names":["cov_2k93eldjjd","actualCoverage","getRetirementIdFromUrl","f","queryString","s","window","location","search","urlParams","URLSearchParams","get","retirementId","console","log","getSpecificRetirement","retirement_id","Promise","resolve","reject","request","XMLHttpRequest","open","setRequestHeader","onload","response","JSON","parse","responseText","i","length","id","b","document","getElementById","value","title","current_age","retirement_age","fund_goal","years_to_retirement","parseInt","textContent","annual_saving_goal","parseFloat","Error","error","send","exampleUsage","retirementData","calculateEdit","currentAge","retirementAge","fundGoals","jsonData","Object","user","sessionStorage","getItem","alert","message","undefined","stringify"],"sources":["editRetirement.js"],"sourcesContent":["// Function to get the retirement_id from the URL\r\nfunction getRetirementIdFromUrl() {\r\n  const queryString = window.location.search;\r\n  const urlParams = new URLSearchParams(queryString);\r\n  return urlParams.get(\"retirement_id\");\r\n}\r\n\r\n// Example usage\r\nconst retirementId = getRetirementIdFromUrl();\r\nconsole.log(\"Retirement ID:\", retirementId);\r\nasync function getSpecificRetirement(retirement_id) {\r\n  return new Promise((resolve, reject) => {\r\n    var request = new XMLHttpRequest();\r\n    request.open(\"GET\", \"/view-retirement\", true);\r\n    request.setRequestHeader(\"Content-Type\", \"application/json\");\r\n\r\n    request.onload = function () {\r\n      try {\r\n        var response = JSON.parse(request.responseText);\r\n        console.log(response);\r\n        for (var i = 0; i < response.length; i++) {\r\n          if (response[i].id == retirement_id) {\r\n            console.log(response[i]);\r\n            document.getElementById(\"edit_title\").value = response[i].title;\r\n            document.getElementById(\"edit_currentAge\").value =\r\n              response[i].current_age;\r\n            document.getElementById(\"edit_retirementAge\").value =\r\n              response[i].retirement_age;\r\n            document.getElementById(\"edit_fundGoals\").value =\r\n              response[i].fund_goal;\r\n\r\n            const years_to_retirement =\r\n              parseInt(response[i].retirement_age) -\r\n              parseInt(response[i].current_age);\r\n            console.log(\"Year to retirement: \", years_to_retirement);\r\n            document.getElementById(\r\n              \"edit_years_to_retirement_display\"\r\n            ).textContent = years_to_retirement;\r\n\r\n            // Calculating annual saving goal\r\n            const annual_saving_goal =\r\n              parseFloat(response[i].fund_goal) / parseInt(years_to_retirement);\r\n            console.log(\"Annual Saving Goal: \", annual_saving_goal);\r\n            document.getElementById(\r\n              \"edit_annual_saving_goal_display\"\r\n            ).textContent = annual_saving_goal;\r\n\r\n            resolve(response[i]); // Resolve the promise with the found retirement object\r\n            return;\r\n          }\r\n        }\r\n        reject(new Error(\"Retirement not found\")); // Reject the promise if retirement is not found\r\n      } catch (error) {\r\n        reject(error); // Reject the promise if there's an error parsing the response\r\n      }\r\n    };\r\n\r\n    request.send();\r\n  });\r\n}\r\n\r\n// Example of using the asynchronous function\r\nasync function exampleUsage() {\r\n  try {\r\n    const retirementData = await getSpecificRetirement(retirementId);\r\n    // Do something with the retirementData\r\n    console.log(retirementData);\r\n  } catch (error) {\r\n    // Handle errors\r\n    console.error(error);\r\n  }\r\n}\r\n\r\nexampleUsage();\r\n\r\nfunction calculateEdit() {\r\n  let title = document.getElementById(\"edit_title\").value;\r\n  let currentAge = document.getElementById(\"edit_currentAge\").value;\r\n  let retirementAge = document.getElementById(\"edit_retirementAge\").value;\r\n  let fundGoals = document.getElementById(\"edit_fundGoals\").value;\r\n\r\n  console.log(title);\r\n  console.log(currentAge);\r\n  console.log(retirementAge);\r\n  console.log(fundGoals);\r\n\r\n  //Calculating years to retirement\r\n  const years_to_retirement = parseInt(retirementAge) - parseInt(currentAge);\r\n  console.log(\"Year to retirement: \", years_to_retirement);\r\n  document.getElementById(\"edit_years_to_retirement_display\").textContent =\r\n    years_to_retirement;\r\n\r\n  //Calculating annual saving goal\r\n  const annual_saving_goal =\r\n    parseFloat(fundGoals) / parseInt(years_to_retirement);\r\n  console.log(\"Annual Saving Goal: \", annual_saving_goal);\r\n  document.getElementById(\"edit_annual_saving_goal_display\").textContent =\r\n    annual_saving_goal;\r\n\r\n  var response = \"\";\r\n  var jsonData = new Object();\r\n  jsonData.title = document.getElementById(\"edit_title\").value;\r\n  jsonData.current_age = document.getElementById(\"edit_currentAge\").value;\r\n  jsonData.retirement_age = document.getElementById(\"edit_retirementAge\").value;\r\n  jsonData.fund_goal = document.getElementById(\"edit_fundGoals\").value;\r\n  jsonData.annual_saving_goal = annual_saving_goal;\r\n  jsonData.user = sessionStorage.getItem(\"Useremail\");\r\n\r\n  console.log(\"Annual saving goal is: \", jsonData.annual_saving_goal);\r\n  if (\r\n    jsonData.title == \"\" ||\r\n    jsonData.current_age == \"\" ||\r\n    jsonData.retirement_age == \"\" ||\r\n    jsonData.fund_goal == \"\" ||\r\n    jsonData.annual_saving_goal == \"\" ||\r\n    jsonData.user == \"\"\r\n  ) {\r\n    alert(\"All Fields required!\");\r\n    return;\r\n  }\r\n  var request = new XMLHttpRequest();\r\n  request.open(\"PUT\", \"/edit-retirement/\" + retirementId, true);\r\n  request.setRequestHeader(\"Content-Type\", \"application/json\");\r\n  request.onload = function () {\r\n    response = JSON.parse(request.responseText);\r\n    console.log(response);\r\n    if (response.message == undefined) {\r\n      alert(\"Retirement Edited!\");\r\n    } else {\r\n      alert(\"Unable to edit retirement\");\r\n    }\r\n  };\r\n  request.send(JSON.stringify(jsonData));\r\n}\r\n"],"mappings":"q0OAeY;AAAAA,cAAA,SAAAA,CAAA,SAAAC,cAAA,WAAAA,cAAA,EAAAD,cAAA,GAfZ;AACA,QAAS,CAAAE,sBAAsBA,CAAA,CAAG,CAAAF,cAAA,GAAAG,CAAA,MAChC,KAAM,CAAAC,WAAW,EAAAJ,cAAA,GAAAK,CAAA,MAAGC,MAAM,CAACC,QAAQ,CAACC,MAAM,EAC1C,KAAM,CAAAC,SAAS,EAAAT,cAAA,GAAAK,CAAA,MAAG,GAAI,CAAAK,eAAe,CAACN,WAAW,CAAC,EAACJ,cAAA,GAAAK,CAAA,MACnD,MAAO,CAAAI,SAAS,CAACE,GAAG,CAAC,eAAe,CAAC,CACvC,CAEA;AACA,KAAM,CAAAC,YAAY,EAAAZ,cAAA,GAAAK,CAAA,MAAGH,sBAAsB,CAAC,CAAC,EAACF,cAAA,GAAAK,CAAA,MAC9CQ,OAAO,CAACC,GAAG,CAAC,gBAAgB,CAAEF,YAAY,CAAC,CAC3C,cAAe,CAAAG,qBAAqBA,CAACC,aAAa,CAAE,CAAAhB,cAAA,GAAAG,CAAA,MAAAH,cAAA,GAAAK,CAAA,MAClD,MAAO,IAAI,CAAAY,OAAO,CAAC,CAACC,OAAO,CAAEC,MAAM,GAAK,CAAAnB,cAAA,GAAAG,CAAA,MACtC,GAAI,CAAAiB,OAAO,EAAApB,cAAA,GAAAK,CAAA,MAAG,GAAI,CAAAgB,cAAc,CAAC,CAAC,EAACrB,cAAA,GAAAK,CAAA,MACnCe,OAAO,CAACE,IAAI,CAAC,KAAK,CAAE,kBAAkB,CAAE,IAAI,CAAC,CAACtB,cAAA,GAAAK,CAAA,MAC9Ce,OAAO,CAACG,gBAAgB,CAAC,cAAc,CAAE,kBAAkB,CAAC,CAACvB,cAAA,GAAAK,CAAA,MAE7De,OAAO,CAACI,MAAM,CAAG,UAAY,CAAAxB,cAAA,GAAAG,CAAA,MAAAH,cAAA,GAAAK,CAAA,OAC3B,GAAI,CACF,GAAI,CAAAoB,QAAQ,EAAAzB,cAAA,GAAAK,CAAA,OAAGqB,IAAI,CAACC,KAAK,CAACP,OAAO,CAACQ,YAAY,CAAC,EAAC5B,cAAA,GAAAK,CAAA,OAChDQ,OAAO,CAACC,GAAG,CAACW,QAAQ,CAAC,CAACzB,cAAA,GAAAK,CAAA,OACtB,IAAK,GAAI,CAAAwB,CAAC,EAAA7B,cAAA,GAAAK,CAAA,OAAG,CAAC,EAAEwB,CAAC,CAAGJ,QAAQ,CAACK,MAAM,CAAED,CAAC,EAAE,CAAE,CAAA7B,cAAA,GAAAK,CAAA,OACxC,GAAIoB,QAAQ,CAACI,CAAC,CAAC,CAACE,EAAE,EAAIf,aAAa,CAAE,CAAAhB,cAAA,GAAAgC,CAAA,SAAAhC,cAAA,GAAAK,CAAA,OACnCQ,OAAO,CAACC,GAAG,CAACW,QAAQ,CAACI,CAAC,CAAC,CAAC,CAAC7B,cAAA,GAAAK,CAAA,OACzB4B,QAAQ,CAACC,cAAc,CAAC,YAAY,CAAC,CAACC,KAAK,CAAGV,QAAQ,CAACI,CAAC,CAAC,CAACO,KAAK,CAACpC,cAAA,GAAAK,CAAA,OAChE4B,QAAQ,CAACC,cAAc,CAAC,iBAAiB,CAAC,CAACC,KAAK,CAC9CV,QAAQ,CAACI,CAAC,CAAC,CAACQ,WAAW,CAACrC,cAAA,GAAAK,CAAA,OAC1B4B,QAAQ,CAACC,cAAc,CAAC,oBAAoB,CAAC,CAACC,KAAK,CACjDV,QAAQ,CAACI,CAAC,CAAC,CAACS,cAAc,CAACtC,cAAA,GAAAK,CAAA,OAC7B4B,QAAQ,CAACC,cAAc,CAAC,gBAAgB,CAAC,CAACC,KAAK,CAC7CV,QAAQ,CAACI,CAAC,CAAC,CAACU,SAAS,CAEvB,KAAM,CAAAC,mBAAmB,EAAAxC,cAAA,GAAAK,CAAA,OACvBoC,QAAQ,CAAChB,QAAQ,CAACI,CAAC,CAAC,CAACS,cAAc,CAAC,CACpCG,QAAQ,CAAChB,QAAQ,CAACI,CAAC,CAAC,CAACQ,WAAW,CAAC,EAACrC,cAAA,GAAAK,CAAA,OACpCQ,OAAO,CAACC,GAAG,CAAC,sBAAsB,CAAE0B,mBAAmB,CAAC,CAACxC,cAAA,GAAAK,CAAA,OACzD4B,QAAQ,CAACC,cAAc,CACrB,kCACF,CAAC,CAACQ,WAAW,CAAGF,mBAAmB,CAEnC;AACA,KAAM,CAAAG,kBAAkB,EAAA3C,cAAA,GAAAK,CAAA,OACtBuC,UAAU,CAACnB,QAAQ,CAACI,CAAC,CAAC,CAACU,SAAS,CAAC,CAAGE,QAAQ,CAACD,mBAAmB,CAAC,EAACxC,cAAA,GAAAK,CAAA,OACpEQ,OAAO,CAACC,GAAG,CAAC,sBAAsB,CAAE6B,kBAAkB,CAAC,CAAC3C,cAAA,GAAAK,CAAA,OACxD4B,QAAQ,CAACC,cAAc,CACrB,iCACF,CAAC,CAACQ,WAAW,CAAGC,kBAAkB,CAAC3C,cAAA,GAAAK,CAAA,OAEnCa,OAAO,CAACO,QAAQ,CAACI,CAAC,CAAC,CAAC,CAAE;AAAA7B,cAAA,GAAAK,CAAA,OACtB,OACF,CAAC,KAAAL,cAAA,GAAAgC,CAAA,UACH,CAAChC,cAAA,GAAAK,CAAA,OACDc,MAAM,CAAC,GAAI,CAAA0B,KAAK,CAAC,sBAAsB,CAAC,CAAC,CAAE;AAC7C,CAAE,MAAOC,KAAK,CAAE,CAAA9C,cAAA,GAAAK,CAAA,OACdc,MAAM,CAAC2B,KAAK,CAAC,CAAE;AACjB,CACF,CAAC,CAAC9C,cAAA,GAAAK,CAAA,OAEFe,OAAO,CAAC2B,IAAI,CAAC,CAAC,CAChB,CAAC,CAAC,CACJ,CAEA;AACA,cAAe,CAAAC,YAAYA,CAAA,CAAG,CAAAhD,cAAA,GAAAG,CAAA,MAAAH,cAAA,GAAAK,CAAA,OAC5B,GAAI,CACF,KAAM,CAAA4C,cAAc,EAAAjD,cAAA,GAAAK,CAAA,OAAG,KAAM,CAAAU,qBAAqB,CAACH,YAAY,CAAC,EAChE;AAAAZ,cAAA,GAAAK,CAAA,OACAQ,OAAO,CAACC,GAAG,CAACmC,cAAc,CAAC,CAC7B,CAAE,MAAOH,KAAK,CAAE,CAAA9C,cAAA,GAAAK,CAAA,OACd;AACAQ,OAAO,CAACiC,KAAK,CAACA,KAAK,CAAC,CACtB,CACF,CAAC9C,cAAA,GAAAK,CAAA,OAED2C,YAAY,CAAC,CAAC,CAEd,QAAS,CAAAE,aAAaA,CAAA,CAAG,CAAAlD,cAAA,GAAAG,CAAA,MACvB,GAAI,CAAAiC,KAAK,EAAApC,cAAA,GAAAK,CAAA,OAAG4B,QAAQ,CAACC,cAAc,CAAC,YAAY,CAAC,CAACC,KAAK,EACvD,GAAI,CAAAgB,UAAU,EAAAnD,cAAA,GAAAK,CAAA,OAAG4B,QAAQ,CAACC,cAAc,CAAC,iBAAiB,CAAC,CAACC,KAAK,EACjE,GAAI,CAAAiB,aAAa,EAAApD,cAAA,GAAAK,CAAA,OAAG4B,QAAQ,CAACC,cAAc,CAAC,oBAAoB,CAAC,CAACC,KAAK,EACvE,GAAI,CAAAkB,SAAS,EAAArD,cAAA,GAAAK,CAAA,OAAG4B,QAAQ,CAACC,cAAc,CAAC,gBAAgB,CAAC,CAACC,KAAK,EAACnC,cAAA,GAAAK,CAAA,OAEhEQ,OAAO,CAACC,GAAG,CAACsB,KAAK,CAAC,CAACpC,cAAA,GAAAK,CAAA,OACnBQ,OAAO,CAACC,GAAG,CAACqC,UAAU,CAAC,CAACnD,cAAA,GAAAK,CAAA,OACxBQ,OAAO,CAACC,GAAG,CAACsC,aAAa,CAAC,CAACpD,cAAA,GAAAK,CAAA,OAC3BQ,OAAO,CAACC,GAAG,CAACuC,SAAS,CAAC,CAEtB;AACA,KAAM,CAAAb,mBAAmB,EAAAxC,cAAA,GAAAK,CAAA,OAAGoC,QAAQ,CAACW,aAAa,CAAC,CAAGX,QAAQ,CAACU,UAAU,CAAC,EAACnD,cAAA,GAAAK,CAAA,OAC3EQ,OAAO,CAACC,GAAG,CAAC,sBAAsB,CAAE0B,mBAAmB,CAAC,CAACxC,cAAA,GAAAK,CAAA,OACzD4B,QAAQ,CAACC,cAAc,CAAC,kCAAkC,CAAC,CAACQ,WAAW,CACrEF,mBAAmB,CAErB;AACA,KAAM,CAAAG,kBAAkB,EAAA3C,cAAA,GAAAK,CAAA,OACtBuC,UAAU,CAACS,SAAS,CAAC,CAAGZ,QAAQ,CAACD,mBAAmB,CAAC,EAACxC,cAAA,GAAAK,CAAA,OACxDQ,OAAO,CAACC,GAAG,CAAC,sBAAsB,CAAE6B,kBAAkB,CAAC,CAAC3C,cAAA,GAAAK,CAAA,OACxD4B,QAAQ,CAACC,cAAc,CAAC,iCAAiC,CAAC,CAACQ,WAAW,CACpEC,kBAAkB,CAEpB,GAAI,CAAAlB,QAAQ,EAAAzB,cAAA,GAAAK,CAAA,OAAG,EAAE,EACjB,GAAI,CAAAiD,QAAQ,EAAAtD,cAAA,GAAAK,CAAA,OAAG,GAAI,CAAAkD,MAAM,CAAC,CAAC,EAACvD,cAAA,GAAAK,CAAA,OAC5BiD,QAAQ,CAAClB,KAAK,CAAGH,QAAQ,CAACC,cAAc,CAAC,YAAY,CAAC,CAACC,KAAK,CAACnC,cAAA,GAAAK,CAAA,OAC7DiD,QAAQ,CAACjB,WAAW,CAAGJ,QAAQ,CAACC,cAAc,CAAC,iBAAiB,CAAC,CAACC,KAAK,CAACnC,cAAA,GAAAK,CAAA,OACxEiD,QAAQ,CAAChB,cAAc,CAAGL,QAAQ,CAACC,cAAc,CAAC,oBAAoB,CAAC,CAACC,KAAK,CAACnC,cAAA,GAAAK,CAAA,OAC9EiD,QAAQ,CAACf,SAAS,CAAGN,QAAQ,CAACC,cAAc,CAAC,gBAAgB,CAAC,CAACC,KAAK,CAACnC,cAAA,GAAAK,CAAA,OACrEiD,QAAQ,CAACX,kBAAkB,CAAGA,kBAAkB,CAAC3C,cAAA,GAAAK,CAAA,OACjDiD,QAAQ,CAACE,IAAI,CAAGC,cAAc,CAACC,OAAO,CAAC,WAAW,CAAC,CAAC1D,cAAA,GAAAK,CAAA,OAEpDQ,OAAO,CAACC,GAAG,CAAC,yBAAyB,CAAEwC,QAAQ,CAACX,kBAAkB,CAAC,CAAC3C,cAAA,GAAAK,CAAA,OACpE,GACE,CAAAL,cAAA,GAAAgC,CAAA,SAAAsB,QAAQ,CAAClB,KAAK,EAAI,EAAE,IAAApC,cAAA,GAAAgC,CAAA,SACpBsB,QAAQ,CAACjB,WAAW,EAAI,EAAE,IAAArC,cAAA,GAAAgC,CAAA,SAC1BsB,QAAQ,CAAChB,cAAc,EAAI,EAAE,IAAAtC,cAAA,GAAAgC,CAAA,SAC7BsB,QAAQ,CAACf,SAAS,EAAI,EAAE,IAAAvC,cAAA,GAAAgC,CAAA,SACxBsB,QAAQ,CAACX,kBAAkB,EAAI,EAAE,IAAA3C,cAAA,GAAAgC,CAAA,SACjCsB,QAAQ,CAACE,IAAI,EAAI,EAAE,EACnB,CAAAxD,cAAA,GAAAgC,CAAA,SAAAhC,cAAA,GAAAK,CAAA,OACAsD,KAAK,CAAC,sBAAsB,CAAC,CAAC3D,cAAA,GAAAK,CAAA,OAC9B,OACF,CAAC,KAAAL,cAAA,GAAAgC,CAAA,UACD,GAAI,CAAAZ,OAAO,EAAApB,cAAA,GAAAK,CAAA,OAAG,GAAI,CAAAgB,cAAc,CAAC,CAAC,EAACrB,cAAA,GAAAK,CAAA,OACnCe,OAAO,CAACE,IAAI,CAAC,KAAK,CAAE,mBAAmB,CAAGV,YAAY,CAAE,IAAI,CAAC,CAACZ,cAAA,GAAAK,CAAA,OAC9De,OAAO,CAACG,gBAAgB,CAAC,cAAc,CAAE,kBAAkB,CAAC,CAACvB,cAAA,GAAAK,CAAA,OAC7De,OAAO,CAACI,MAAM,CAAG,UAAY,CAAAxB,cAAA,GAAAG,CAAA,MAAAH,cAAA,GAAAK,CAAA,OAC3BoB,QAAQ,CAAGC,IAAI,CAACC,KAAK,CAACP,OAAO,CAACQ,YAAY,CAAC,CAAC5B,cAAA,GAAAK,CAAA,OAC5CQ,OAAO,CAACC,GAAG,CAACW,QAAQ,CAAC,CAACzB,cAAA,GAAAK,CAAA,OACtB,GAAIoB,QAAQ,CAACmC,OAAO,EAAIC,SAAS,CAAE,CAAA7D,cAAA,GAAAgC,CAAA,SAAAhC,cAAA,GAAAK,CAAA,OACjCsD,KAAK,CAAC,oBAAoB,CAAC,CAC7B,CAAC,IAAM,CAAA3D,cAAA,GAAAgC,CAAA,SAAAhC,cAAA,GAAAK,CAAA,OACLsD,KAAK,CAAC,2BAA2B,CAAC,CACpC,CACF,CAAC,CAAC3D,cAAA,GAAAK,CAAA,OACFe,OAAO,CAAC2B,IAAI,CAACrB,IAAI,CAACoC,SAAS,CAACR,QAAQ,CAAC,CAAC,CACxC"},"all":true},"C:\\Users\\Tangt\\Desktop\\Poly study stuff (Sem2.2)\\DevOps\\CG-Finance-Website\\public\\instrumented\\js\\expense.js":{"path":"C:\\Users\\Tangt\\Desktop\\Poly study stuff (Sem2.2)\\DevOps\\CG-Finance-Website\\public\\instrumented\\js\\expense.js","statementMap":{"0":{"start":{"line":1,"column":34},"end":{"line":1,"column":140}},"1":{"start":{"line":1,"column":150},"end":{"line":1,"column":192}},"2":{"start":{"line":1,"column":204},"end":{"line":1,"column":233}},"3":{"start":{"line":1,"column":242},"end":{"line":1,"column":256}},"4":{"start":{"line":1,"column":274},"end":{"line":1,"column":14299}},"5":{"start":{"line":1,"column":14313},"end":{"line":1,"column":14342}},"6":{"start":{"line":1,"column":14343},"end":{"line":1,"column":14420}},"7":{"start":{"line":1,"column":14391},"end":{"line":1,"column":14419}},"8":{"start":{"line":1,"column":14439},"end":{"line":1,"column":14453}},"9":{"start":{"line":2,"column":0},"end":{"line":2,"column":49}},"10":{"start":{"line":2,"column":25},"end":{"line":2,"column":47}},"11":{"start":{"line":2,"column":50},"end":{"line":2,"column":72}},"12":{"start":{"line":2,"column":73},"end":{"line":2,"column":89}},"13":{"start":{"line":2,"column":113},"end":{"line":2,"column":136}},"14":{"start":{"line":2,"column":160},"end":{"line":2,"column":218}},"15":{"start":{"line":2,"column":220},"end":{"line":2,"column":243}},"16":{"start":{"line":2,"column":243},"end":{"line":2,"column":434}},"17":{"start":{"line":2,"column":267},"end":{"line":2,"column":293}},"18":{"start":{"line":2,"column":293},"end":{"line":2,"column":316}},"19":{"start":{"line":2,"column":316},"end":{"line":2,"column":371}},"20":{"start":{"line":2,"column":371},"end":{"line":2,"column":394}},"21":{"start":{"line":2,"column":394},"end":{"line":2,"column":401}},"22":{"start":{"line":2,"column":407},"end":{"line":2,"column":433}},"23":{"start":{"line":2,"column":448},"end":{"line":2,"column":473}},"24":{"start":{"line":2,"column":488},"end":{"line":2,"column":531}},"25":{"start":{"line":2,"column":533},"end":{"line":2,"column":556}},"26":{"start":{"line":2,"column":556},"end":{"line":2,"column":598}},"27":{"start":{"line":2,"column":598},"end":{"line":2,"column":621}},"28":{"start":{"line":2,"column":621},"end":{"line":2,"column":681}},"29":{"start":{"line":2,"column":681},"end":{"line":2,"column":704}},"30":{"start":{"line":2,"column":704},"end":{"line":8,"column":1182}},"31":{"start":{"line":2,"column":730},"end":{"line":2,"column":753}},"32":{"start":{"line":2,"column":753},"end":{"line":2,"column":776}},"33":{"start":{"line":2,"column":776},"end":{"line":2,"column":818}},"34":{"start":{"line":5,"column":18},"end":{"line":5,"column":166}},"35":{"start":{"line":5,"column":76},"end":{"line":5,"column":99}},"36":{"start":{"line":5,"column":99},"end":{"line":5,"column":123}},"37":{"start":{"line":5,"column":123},"end":{"line":5,"column":164}},"38":{"start":{"line":8,"column":10},"end":{"line":8,"column":36}},"39":{"start":{"line":8,"column":54},"end":{"line":8,"column":87}},"40":{"start":{"line":8,"column":89},"end":{"line":8,"column":113}},"41":{"start":{"line":8,"column":113},"end":{"line":8,"column":381}},"42":{"start":{"line":8,"column":124},"end":{"line":8,"column":149}},"43":{"start":{"line":8,"column":178},"end":{"line":8,"column":202}},"44":{"start":{"line":8,"column":202},"end":{"line":8,"column":380}},"45":{"start":{"line":8,"column":251},"end":{"line":8,"column":277}},"46":{"start":{"line":8,"column":277},"end":{"line":8,"column":301}},"47":{"start":{"line":8,"column":301},"end":{"line":8,"column":347}},"48":{"start":{"line":8,"column":353},"end":{"line":8,"column":379}},"49":{"start":{"line":8,"column":381},"end":{"line":8,"column":405}},"50":{"start":{"line":8,"column":405},"end":{"line":8,"column":789}},"51":{"start":{"line":8,"column":438},"end":{"line":8,"column":462}},"52":{"start":{"line":8,"column":462},"end":{"line":8,"column":788}},"53":{"start":{"line":8,"column":473},"end":{"line":8,"column":498}},"54":{"start":{"line":8,"column":527},"end":{"line":8,"column":551}},"55":{"start":{"line":8,"column":551},"end":{"line":8,"column":787}},"56":{"start":{"line":8,"column":589},"end":{"line":8,"column":615}},"57":{"start":{"line":8,"column":615},"end":{"line":8,"column":639}},"58":{"start":{"line":8,"column":639},"end":{"line":8,"column":681}},"59":{"start":{"line":8,"column":681},"end":{"line":8,"column":705}},"60":{"start":{"line":8,"column":705},"end":{"line":8,"column":754}},"61":{"start":{"line":8,"column":760},"end":{"line":8,"column":786}},"62":{"start":{"line":8,"column":789},"end":{"line":8,"column":813}},"63":{"start":{"line":8,"column":813},"end":{"line":8,"column":1054}},"64":{"start":{"line":8,"column":846},"end":{"line":8,"column":870}},"65":{"start":{"line":8,"column":870},"end":{"line":8,"column":1053}},"66":{"start":{"line":8,"column":1054},"end":{"line":8,"column":1078}},"67":{"start":{"line":8,"column":1078},"end":{"line":8,"column":1101}},"68":{"start":{"line":8,"column":1101},"end":{"line":8,"column":1125}},"69":{"start":{"line":8,"column":1125},"end":{"line":8,"column":1180}},"70":{"start":{"line":8,"column":1182},"end":{"line":8,"column":1206}},"71":{"start":{"line":8,"column":1206},"end":{"line":8,"column":1221}},"72":{"start":{"line":8,"column":1254},"end":{"line":8,"column":1277}},"73":{"start":{"line":11,"column":24},"end":{"line":11,"column":83}},"74":{"start":{"line":11,"column":85},"end":{"line":11,"column":109}},"75":{"start":{"line":11,"column":109},"end":{"line":11,"column":302}},"76":{"start":{"line":11,"column":133},"end":{"line":11,"column":159}},"77":{"start":{"line":11,"column":159},"end":{"line":11,"column":183}},"78":{"start":{"line":11,"column":183},"end":{"line":11,"column":238}},"79":{"start":{"line":11,"column":238},"end":{"line":11,"column":262}},"80":{"start":{"line":11,"column":262},"end":{"line":11,"column":269}},"81":{"start":{"line":11,"column":275},"end":{"line":11,"column":301}},"82":{"start":{"line":11,"column":302},"end":{"line":11,"column":326}},"83":{"start":{"line":11,"column":326},"end":{"line":11,"column":385}},"84":{"start":{"line":11,"column":411},"end":{"line":11,"column":434}},"85":{"start":{"line":11,"column":448},"end":{"line":11,"column":474}},"86":{"start":{"line":11,"column":489},"end":{"line":11,"column":533}},"87":{"start":{"line":11,"column":535},"end":{"line":11,"column":559}},"88":{"start":{"line":11,"column":559},"end":{"line":11,"column":601}},"89":{"start":{"line":11,"column":601},"end":{"line":11,"column":625}},"90":{"start":{"line":11,"column":625},"end":{"line":11,"column":685}},"91":{"start":{"line":11,"column":685},"end":{"line":11,"column":709}},"92":{"start":{"line":11,"column":709},"end":{"line":23,"column":144}},"93":{"start":{"line":11,"column":735},"end":{"line":11,"column":758}},"94":{"start":{"line":11,"column":758},"end":{"line":11,"column":782}},"95":{"start":{"line":11,"column":782},"end":{"line":11,"column":824}},"96":{"start":{"line":11,"column":824},"end":{"line":11,"column":848}},"97":{"start":{"line":11,"column":848},"end":{"line":11,"column":870}},"98":{"start":{"line":11,"column":870},"end":{"line":11,"column":894}},"99":{"start":{"line":11,"column":894},"end":{"line":23,"column":142}},"100":{"start":{"line":11,"column":905},"end":{"line":11,"column":930}},"101":{"start":{"line":11,"column":955},"end":{"line":11,"column":979}},"102":{"start":{"line":12,"column":0},"end":{"line":23,"column":141}},"103":{"start":{"line":12,"column":133},"end":{"line":12,"column":159}},"104":{"start":{"line":12,"column":159},"end":{"line":12,"column":183}},"105":{"start":{"line":12,"column":183},"end":{"line":12,"column":220}},"106":{"start":{"line":12,"column":230},"end":{"line":23,"column":7}},"107":{"start":{"line":23,"column":9},"end":{"line":23,"column":33}},"108":{"start":{"line":23,"column":33},"end":{"line":23,"column":108}},"109":{"start":{"line":23,"column":114},"end":{"line":23,"column":140}},"110":{"start":{"line":23,"column":144},"end":{"line":23,"column":168}},"111":{"start":{"line":23,"column":168},"end":{"line":23,"column":183}},"112":{"start":{"line":23,"column":184},"end":{"line":23,"column":208}},"113":{"start":{"line":23,"column":208},"end":{"line":23,"column":225}},"114":{"start":{"line":23,"column":262},"end":{"line":23,"column":285}},"115":{"start":{"line":23,"column":293},"end":{"line":23,"column":348}},"116":{"start":{"line":23,"column":367},"end":{"line":23,"column":431}},"117":{"start":{"line":23,"column":433},"end":{"line":23,"column":457}},"118":{"start":{"line":23,"column":457},"end":{"line":24,"column":116}},"119":{"start":{"line":23,"column":534},"end":{"line":23,"column":560}},"120":{"start":{"line":23,"column":573},"end":{"line":23,"column":617}},"121":{"start":{"line":23,"column":619},"end":{"line":23,"column":643}},"122":{"start":{"line":23,"column":643},"end":{"line":23,"column":693}},"123":{"start":{"line":23,"column":693},"end":{"line":23,"column":717}},"124":{"start":{"line":23,"column":717},"end":{"line":23,"column":777}},"125":{"start":{"line":23,"column":777},"end":{"line":23,"column":801}},"126":{"start":{"line":23,"column":801},"end":{"line":24,"column":44}},"127":{"start":{"line":23,"column":827},"end":{"line":23,"column":850}},"128":{"start":{"line":23,"column":864},"end":{"line":23,"column":920}},"129":{"start":{"line":23,"column":922},"end":{"line":23,"column":946}},"130":{"start":{"line":23,"column":946},"end":{"line":23,"column":968}},"131":{"start":{"line":24,"column":0},"end":{"line":24,"column":24}},"132":{"start":{"line":24,"column":24},"end":{"line":24,"column":42}},"133":{"start":{"line":24,"column":44},"end":{"line":24,"column":68}},"134":{"start":{"line":24,"column":68},"end":{"line":24,"column":83}},"135":{"start":{"line":24,"column":89},"end":{"line":24,"column":115}},"136":{"start":{"line":24,"column":159},"end":{"line":24,"column":182}},"137":{"start":{"line":24,"column":199},"end":{"line":24,"column":258}},"138":{"start":{"line":24,"column":272},"end":{"line":24,"column":326}},"139":{"start":{"line":24,"column":336},"end":{"line":24,"column":386}},"140":{"start":{"line":25,"column":0},"end":{"line":25,"column":24}},"141":{"start":{"line":25,"column":24},"end":{"line":25,"column":52}},"142":{"start":{"line":25,"column":52},"end":{"line":25,"column":76}},"143":{"start":{"line":25,"column":76},"end":{"line":25,"column":101}},"144":{"start":{"line":25,"column":101},"end":{"line":25,"column":125}},"145":{"start":{"line":25,"column":125},"end":{"line":25,"column":145}},"146":{"start":{"line":25,"column":145},"end":{"line":25,"column":169}},"147":{"start":{"line":25,"column":169},"end":{"line":25,"column":185}},"148":{"start":{"line":25,"column":185},"end":{"line":25,"column":209}},"149":{"start":{"line":25,"column":209},"end":{"line":25,"column":267}},"150":{"start":{"line":25,"column":267},"end":{"line":25,"column":291}},"151":{"start":{"line":25,"column":291},"end":{"line":25,"column":348}},"152":{"start":{"line":25,"column":348},"end":{"line":25,"column":372}},"153":{"start":{"line":25,"column":372},"end":{"line":25,"column":440}},"154":{"start":{"line":25,"column":467},"end":{"line":25,"column":490}},"155":{"start":{"line":25,"column":510},"end":{"line":25,"column":646}},"156":{"start":{"line":25,"column":572},"end":{"line":25,"column":596}},"157":{"start":{"line":25,"column":596},"end":{"line":25,"column":620}},"158":{"start":{"line":25,"column":620},"end":{"line":25,"column":644}},"159":{"start":{"line":25,"column":666},"end":{"line":25,"column":791}},"160":{"start":{"line":25,"column":717},"end":{"line":25,"column":741}},"161":{"start":{"line":25,"column":741},"end":{"line":25,"column":765}},"162":{"start":{"line":25,"column":765},"end":{"line":25,"column":789}},"163":{"start":{"line":25,"column":808},"end":{"line":25,"column":931}},"164":{"start":{"line":25,"column":859},"end":{"line":25,"column":883}},"165":{"start":{"line":25,"column":883},"end":{"line":25,"column":907}},"166":{"start":{"line":25,"column":907},"end":{"line":25,"column":929}},"167":{"start":{"line":25,"column":944},"end":{"line":25,"column":1025}},"168":{"start":{"line":25,"column":1048},"end":{"line":29,"column":6}},"169":{"start":{"line":28,"column":55},"end":{"line":28,"column":79}},"170":{"start":{"line":28,"column":79},"end":{"line":28,"column":103}},"171":{"start":{"line":28,"column":103},"end":{"line":28,"column":124}},"172":{"start":{"line":28,"column":124},"end":{"line":28,"column":148}},"173":{"start":{"line":28,"column":148},"end":{"line":28,"column":167}},"174":{"start":{"line":29,"column":31},"end":{"line":29,"column":55}},"175":{"start":{"line":29,"column":69},"end":{"line":29,"column":95}},"176":{"start":{"line":29,"column":111},"end":{"line":29,"column":147}},"177":{"start":{"line":29,"column":156},"end":{"line":29,"column":224}},"178":{"start":{"line":29,"column":226},"end":{"line":29,"column":250}},"179":{"start":{"line":29,"column":250},"end":{"line":29,"column":279}},"180":{"start":{"line":29,"column":279},"end":{"line":29,"column":303}},"181":{"start":{"line":29,"column":303},"end":{"line":29,"column":337}},"182":{"start":{"line":29,"column":337},"end":{"line":29,"column":361}},"183":{"start":{"line":29,"column":361},"end":{"line":29,"column":429}},"184":{"start":{"line":29,"column":429},"end":{"line":29,"column":453}},"185":{"start":{"line":29,"column":453},"end":{"line":29,"column":482}},"186":{"start":{"line":29,"column":482},"end":{"line":29,"column":506}},"187":{"start":{"line":29,"column":506},"end":{"line":29,"column":576}},"188":{"start":{"line":29,"column":576},"end":{"line":29,"column":600}},"189":{"start":{"line":29,"column":600},"end":{"line":29,"column":627}},"190":{"start":{"line":30,"column":0},"end":{"line":30,"column":24}},"191":{"start":{"line":30,"column":24},"end":{"line":32,"column":40}},"192":{"start":{"line":30,"column":232},"end":{"line":30,"column":258}},"193":{"start":{"line":30,"column":258},"end":{"line":30,"column":282}},"194":{"start":{"line":32,"column":0},"end":{"line":32,"column":7}},"195":{"start":{"line":32,"column":13},"end":{"line":32,"column":39}},"196":{"start":{"line":32,"column":53},"end":{"line":32,"column":97}},"197":{"start":{"line":32,"column":99},"end":{"line":32,"column":123}},"198":{"start":{"line":32,"column":123},"end":{"line":32,"column":164}},"199":{"start":{"line":32,"column":164},"end":{"line":32,"column":188}},"200":{"start":{"line":32,"column":188},"end":{"line":32,"column":248}},"201":{"start":{"line":32,"column":248},"end":{"line":32,"column":272}},"202":{"start":{"line":32,"column":272},"end":{"line":36,"column":2}},"203":{"start":{"line":32,"column":298},"end":{"line":32,"column":322}},"204":{"start":{"line":32,"column":322},"end":{"line":32,"column":346}},"205":{"start":{"line":32,"column":346},"end":{"line":32,"column":388}},"206":{"start":{"line":32,"column":388},"end":{"line":32,"column":412}},"207":{"start":{"line":32,"column":412},"end":{"line":32,"column":434}},"208":{"start":{"line":32,"column":434},"end":{"line":32,"column":458}},"209":{"start":{"line":32,"column":458},"end":{"line":32,"column":480}},"210":{"start":{"line":32,"column":480},"end":{"line":32,"column":504}},"211":{"start":{"line":32,"column":504},"end":{"line":34,"column":33}},"212":{"start":{"line":32,"column":537},"end":{"line":32,"column":563}},"213":{"start":{"line":32,"column":563},"end":{"line":32,"column":587}},"214":{"start":{"line":32,"column":587},"end":{"line":32,"column":676}},"215":{"start":{"line":32,"column":676},"end":{"line":32,"column":701}},"216":{"start":{"line":32,"column":701},"end":{"line":32,"column":756}},"217":{"start":{"line":33,"column":0},"end":{"line":33,"column":25}},"218":{"start":{"line":33,"column":25},"end":{"line":33,"column":43}},"219":{"start":{"line":34,"column":6},"end":{"line":34,"column":32}},"220":{"start":{"line":36,"column":2},"end":{"line":36,"column":27}},"221":{"start":{"line":36,"column":27},"end":{"line":36,"column":66}},"222":{"start":{"line":37,"column":24},"end":{"line":37,"column":48}},"223":{"start":{"line":37,"column":62},"end":{"line":37,"column":89}},"224":{"start":{"line":37,"column":105},"end":{"line":37,"column":142}},"225":{"start":{"line":38,"column":8},"end":{"line":38,"column":57}},"226":{"start":{"line":38,"column":66},"end":{"line":38,"column":140}},"227":{"start":{"line":38,"column":142},"end":{"line":38,"column":167}},"228":{"start":{"line":38,"column":167},"end":{"line":38,"column":196}},"229":{"start":{"line":38,"column":196},"end":{"line":38,"column":221}},"230":{"start":{"line":38,"column":221},"end":{"line":38,"column":278}},"231":{"start":{"line":38,"column":278},"end":{"line":38,"column":303}},"232":{"start":{"line":38,"column":303},"end":{"line":38,"column":370}},"233":{"start":{"line":38,"column":370},"end":{"line":38,"column":395}},"234":{"start":{"line":38,"column":395},"end":{"line":38,"column":442}},"235":{"start":{"line":38,"column":442},"end":{"line":38,"column":467}},"236":{"start":{"line":38,"column":467},"end":{"line":38,"column":498}},"237":{"start":{"line":39,"column":0},"end":{"line":39,"column":25}},"238":{"start":{"line":39,"column":25},"end":{"line":41,"column":41}},"239":{"start":{"line":39,"column":237},"end":{"line":39,"column":264}},"240":{"start":{"line":39,"column":264},"end":{"line":39,"column":289}},"241":{"start":{"line":41,"column":0},"end":{"line":41,"column":7}},"242":{"start":{"line":41,"column":13},"end":{"line":41,"column":40}},"243":{"start":{"line":41,"column":54},"end":{"line":41,"column":99}},"244":{"start":{"line":41,"column":101},"end":{"line":41,"column":126}},"245":{"start":{"line":41,"column":126},"end":{"line":41,"column":171}},"246":{"start":{"line":42,"column":0},"end":{"line":42,"column":25}},"247":{"start":{"line":42,"column":25},"end":{"line":42,"column":85}},"248":{"start":{"line":42,"column":85},"end":{"line":42,"column":110}},"249":{"start":{"line":42,"column":110},"end":{"line":47,"column":136}},"250":{"start":{"line":42,"column":136},"end":{"line":42,"column":160}},"251":{"start":{"line":42,"column":160},"end":{"line":42,"column":185}},"252":{"start":{"line":42,"column":185},"end":{"line":42,"column":227}},"253":{"start":{"line":42,"column":227},"end":{"line":42,"column":252}},"254":{"start":{"line":42,"column":252},"end":{"line":42,"column":293}},"255":{"start":{"line":42,"column":293},"end":{"line":42,"column":318}},"256":{"start":{"line":42,"column":318},"end":{"line":47,"column":134}},"257":{"start":{"line":42,"column":339},"end":{"line":42,"column":366}},"258":{"start":{"line":44,"column":5},"end":{"line":44,"column":32}},"259":{"start":{"line":44,"column":32},"end":{"line":44,"column":57}},"260":{"start":{"line":47,"column":0},"end":{"line":47,"column":90}},"261":{"start":{"line":47,"column":90},"end":{"line":47,"column":115}},"262":{"start":{"line":47,"column":115},"end":{"line":47,"column":133}},"263":{"start":{"line":47,"column":136},"end":{"line":47,"column":161}},"264":{"start":{"line":47,"column":161},"end":{"line":47,"column":200}}},"fnMap":{"0":{"name":"cov_18tk8i1im","decl":{"start":{"line":1,"column":9},"end":{"line":1,"column":22}},"loc":{"start":{"line":1,"column":24},"end":{"line":2,"column":73}},"line":1},"1":{"name":"(anonymous_1)","decl":{"start":{"line":2,"column":14},"end":{"line":2,"column":15}},"loc":{"start":{"line":2,"column":24},"end":{"line":2,"column":48}},"line":2},"2":{"name":"viewExpenses","decl":{"start":{"line":2,"column":98},"end":{"line":2,"column":110}},"loc":{"start":{"line":2,"column":112},"end":{"line":8,"column":1222}},"line":2},"3":{"name":"(anonymous_3)","decl":{"start":{"line":2,"column":719},"end":{"line":2,"column":720}},"loc":{"start":{"line":2,"column":729},"end":{"line":8,"column":1181}},"line":2},"4":{"name":"(anonymous_4)","decl":{"start":{"line":5,"column":58},"end":{"line":5,"column":59}},"loc":{"start":{"line":5,"column":75},"end":{"line":5,"column":165}},"line":5},"5":{"name":"editCategory","decl":{"start":{"line":8,"column":1231},"end":{"line":8,"column":1243}},"loc":{"start":{"line":8,"column":1253},"end":{"line":23,"column":226}},"line":8},"6":{"name":"viewResources2","decl":{"start":{"line":11,"column":394},"end":{"line":11,"column":408}},"loc":{"start":{"line":11,"column":410},"end":{"line":23,"column":184}},"line":11},"7":{"name":"(anonymous_7)","decl":{"start":{"line":11,"column":724},"end":{"line":11,"column":725}},"loc":{"start":{"line":11,"column":734},"end":{"line":23,"column":143}},"line":11},"8":{"name":"deleteExpenseItem","decl":{"start":{"line":23,"column":235},"end":{"line":23,"column":252}},"loc":{"start":{"line":23,"column":261},"end":{"line":24,"column":117}},"line":23},"9":{"name":"(anonymous_9)","decl":{"start":{"line":23,"column":816},"end":{"line":23,"column":817}},"loc":{"start":{"line":23,"column":826},"end":{"line":24,"column":43}},"line":23},"10":{"name":"displaySpecificCategory","decl":{"start":{"line":24,"column":126},"end":{"line":24,"column":149}},"loc":{"start":{"line":24,"column":158},"end":{"line":25,"column":441}},"line":24},"11":{"name":"displayPie","decl":{"start":{"line":25,"column":450},"end":{"line":25,"column":460}},"loc":{"start":{"line":25,"column":466},"end":{"line":29,"column":9}},"line":25},"12":{"name":"(anonymous_12)","decl":{"start":{"line":25,"column":550},"end":{"line":25,"column":551}},"loc":{"start":{"line":25,"column":571},"end":{"line":25,"column":645}},"line":25},"13":{"name":"(anonymous_13)","decl":{"start":{"line":25,"column":707},"end":{"line":25,"column":708}},"loc":{"start":{"line":25,"column":716},"end":{"line":25,"column":790}},"line":25},"14":{"name":"(anonymous_14)","decl":{"start":{"line":25,"column":849},"end":{"line":25,"column":850}},"loc":{"start":{"line":25,"column":858},"end":{"line":25,"column":930}},"line":25},"15":{"name":"(anonymous_15)","decl":{"start":{"line":28,"column":45},"end":{"line":28,"column":46}},"loc":{"start":{"line":28,"column":54},"end":{"line":29,"column":1}},"line":28},"16":{"name":"addExpense","decl":{"start":{"line":29,"column":18},"end":{"line":29,"column":28}},"loc":{"start":{"line":29,"column":30},"end":{"line":37,"column":1}},"line":29},"17":{"name":"(anonymous_17)","decl":{"start":{"line":32,"column":287},"end":{"line":32,"column":288}},"loc":{"start":{"line":32,"column":297},"end":{"line":36,"column":1}},"line":32},"18":{"name":"editExpense","decl":{"start":{"line":37,"column":10},"end":{"line":37,"column":21}},"loc":{"start":{"line":37,"column":23},"end":{"line":47,"column":201}},"line":37},"19":{"name":"(anonymous_19)","decl":{"start":{"line":42,"column":125},"end":{"line":42,"column":126}},"loc":{"start":{"line":42,"column":135},"end":{"line":47,"column":135}},"line":42}},"branchMap":{"0":{"loc":{"start":{"line":1,"column":14313},"end":{"line":1,"column":14342}},"type":"binary-expr","locations":[{"start":{"line":1,"column":14313},"end":{"line":1,"column":14324}},{"start":{"line":1,"column":14327},"end":{"line":1,"column":14341}}],"line":1},"1":{"loc":{"start":{"line":1,"column":14343},"end":{"line":1,"column":14420}},"type":"if","locations":[{"start":{"line":1,"column":14343},"end":{"line":1,"column":14420}},{"start":{"line":1,"column":14343},"end":{"line":1,"column":14420}}],"line":1},"2":{"loc":{"start":{"line":1,"column":14346},"end":{"line":1,"column":14389}},"type":"binary-expr","locations":[{"start":{"line":1,"column":14346},"end":{"line":1,"column":14361}},{"start":{"line":1,"column":14363},"end":{"line":1,"column":14389}}],"line":1},"3":{"loc":{"start":{"line":2,"column":243},"end":{"line":2,"column":434}},"type":"if","locations":[{"start":{"line":2,"column":243},"end":{"line":2,"column":434}},{"start":{"line":2,"column":243},"end":{"line":2,"column":434}}],"line":2},"4":{"loc":{"start":{"line":8,"column":202},"end":{"line":8,"column":380}},"type":"if","locations":[{"start":{"line":8,"column":202},"end":{"line":8,"column":380}},{"start":{"line":8,"column":202},"end":{"line":8,"column":380}}],"line":8},"5":{"loc":{"start":{"line":8,"column":551},"end":{"line":8,"column":787}},"type":"if","locations":[{"start":{"line":8,"column":551},"end":{"line":8,"column":787}},{"start":{"line":8,"column":551},"end":{"line":8,"column":787}}],"line":8},"6":{"loc":{"start":{"line":11,"column":109},"end":{"line":11,"column":302}},"type":"if","locations":[{"start":{"line":11,"column":109},"end":{"line":11,"column":302}},{"start":{"line":11,"column":109},"end":{"line":11,"column":302}}],"line":11},"7":{"loc":{"start":{"line":12,"column":0},"end":{"line":23,"column":141}},"type":"if","locations":[{"start":{"line":12,"column":0},"end":{"line":23,"column":141}},{"start":{"line":12,"column":0},"end":{"line":23,"column":141}}],"line":12},"8":{"loc":{"start":{"line":12,"column":3},"end":{"line":12,"column":131}},"type":"binary-expr","locations":[{"start":{"line":12,"column":4},"end":{"line":12,"column":63}},{"start":{"line":12,"column":67},"end":{"line":12,"column":130}}],"line":12},"9":{"loc":{"start":{"line":23,"column":457},"end":{"line":24,"column":116}},"type":"if","locations":[{"start":{"line":23,"column":457},"end":{"line":24,"column":116}},{"start":{"line":23,"column":457},"end":{"line":24,"column":116}}],"line":23},"10":{"loc":{"start":{"line":30,"column":24},"end":{"line":32,"column":40}},"type":"if","locations":[{"start":{"line":30,"column":24},"end":{"line":32,"column":40}},{"start":{"line":30,"column":24},"end":{"line":32,"column":40}}],"line":30},"11":{"loc":{"start":{"line":30,"column":27},"end":{"line":30,"column":230}},"type":"binary-expr","locations":[{"start":{"line":30,"column":28},"end":{"line":30,"column":79}},{"start":{"line":30,"column":83},"end":{"line":30,"column":129}},{"start":{"line":30,"column":133},"end":{"line":30,"column":177}},{"start":{"line":30,"column":181},"end":{"line":30,"column":229}}],"line":30},"12":{"loc":{"start":{"line":32,"column":504},"end":{"line":34,"column":33}},"type":"if","locations":[{"start":{"line":32,"column":504},"end":{"line":34,"column":33}},{"start":{"line":32,"column":504},"end":{"line":34,"column":33}}],"line":32},"13":{"loc":{"start":{"line":39,"column":25},"end":{"line":41,"column":41}},"type":"if","locations":[{"start":{"line":39,"column":25},"end":{"line":41,"column":41}},{"start":{"line":39,"column":25},"end":{"line":41,"column":41}}],"line":39},"14":{"loc":{"start":{"line":39,"column":28},"end":{"line":39,"column":235}},"type":"binary-expr","locations":[{"start":{"line":39,"column":29},"end":{"line":39,"column":81}},{"start":{"line":39,"column":85},"end":{"line":39,"column":132}},{"start":{"line":39,"column":136},"end":{"line":39,"column":181}},{"start":{"line":39,"column":185},"end":{"line":39,"column":234}}],"line":39},"15":{"loc":{"start":{"line":42,"column":318},"end":{"line":47,"column":134}},"type":"if","locations":[{"start":{"line":42,"column":318},"end":{"line":47,"column":134}},{"start":{"line":42,"column":318},"end":{"line":47,"column":134}}],"line":42}},"s":{"0":0,"1":0,"2":0,"3":0,"4":0,"5":0,"6":0,"7":0,"8":0,"9":0,"10":0,"11":0,"12":0,"13":0,"14":0,"15":0,"16":0,"17":0,"18":0,"19":0,"20":0,"21":0,"22":0,"23":0,"24":0,"25":0,"26":0,"27":0,"28":0,"29":0,"30":0,"31":0,"32":0,"33":0,"34":0,"35":0,"36":0,"37":0,"38":0,"39":0,"40":0,"41":0,"42":0,"43":0,"44":0,"45":0,"46":0,"47":0,"48":0,"49":0,"50":0,"51":0,"52":0,"53":0,"54":0,"55":0,"56":0,"57":0,"58":0,"59":0,"60":0,"61":0,"62":0,"63":0,"64":0,"65":0,"66":0,"67":0,"68":0,"69":0,"70":0,"71":0,"72":0,"73":0,"74":0,"75":0,"76":0,"77":0,"78":0,"79":0,"80":0,"81":0,"82":0,"83":0,"84":0,"85":0,"86":0,"87":0,"88":0,"89":0,"90":0,"91":0,"92":0,"93":0,"94":0,"95":0,"96":0,"97":0,"98":0,"99":0,"100":0,"101":0,"102":0,"103":0,"104":0,"105":0,"106":0,"107":0,"108":0,"109":0,"110":0,"111":0,"112":0,"113":0,"114":0,"115":0,"116":0,"117":0,"118":0,"119":0,"120":0,"121":0,"122":0,"123":0,"124":0,"125":0,"126":0,"127":0,"128":0,"129":0,"130":0,"131":0,"132":0,"133":0,"134":0,"135":0,"136":0,"137":0,"138":0,"139":0,"140":0,"141":0,"142":0,"143":0,"144":0,"145":0,"146":0,"147":0,"148":0,"149":0,"150":0,"151":0,"152":0,"153":0,"154":0,"155":0,"156":0,"157":0,"158":0,"159":0,"160":0,"161":0,"162":0,"163":0,"164":0,"165":0,"166":0,"167":0,"168":0,"169":0,"170":0,"171":0,"172":0,"173":0,"174":0,"175":0,"176":0,"177":0,"178":0,"179":0,"180":0,"181":0,"182":0,"183":0,"184":0,"185":0,"186":0,"187":0,"188":0,"189":0,"190":0,"191":0,"192":0,"193":0,"194":0,"195":0,"196":0,"197":0,"198":0,"199":0,"200":0,"201":0,"202":0,"203":0,"204":0,"205":0,"206":0,"207":0,"208":0,"209":0,"210":0,"211":0,"212":0,"213":0,"214":0,"215":0,"216":0,"217":0,"218":0,"219":0,"220":0,"221":0,"222":0,"223":0,"224":0,"225":0,"226":0,"227":0,"228":0,"229":0,"230":0,"231":0,"232":0,"233":0,"234":0,"235":0,"236":0,"237":0,"238":0,"239":0,"240":0,"241":0,"242":0,"243":0,"244":0,"245":0,"246":0,"247":0,"248":0,"249":0,"250":0,"251":0,"252":0,"253":0,"254":0,"255":0,"256":0,"257":0,"258":0,"259":0,"260":0,"261":0,"262":0,"263":0,"264":0},"f":{"0":0,"1":0,"2":0,"3":0,"4":0,"5":0,"6":0,"7":0,"8":0,"9":0,"10":0,"11":0,"12":0,"13":0,"14":0,"15":0,"16":0,"17":0,"18":0,"19":0},"b":{"0":[0,0],"1":[0,0],"2":[0,0],"3":[0,0],"4":[0,0],"5":[0,0],"6":[0,0],"7":[0,0],"8":[0,0],"9":[0,0],"10":[0,0],"11":[0,0,0,0],"12":[0,0],"13":[0,0],"14":[0,0,0,0],"15":[0,0]},"inputSourceMap":{"version":3,"names":["cov_18tk8i1im","actualCoverage","viewExpenses","f","userEmailInSession","s","sessionStorage","getItem","b","console","log","response","request","XMLHttpRequest","open","setRequestHeader","onload","JSON","parse","responseText","userExpenses","filter","expense","user","html","categories","Map","length","has","description","set","key","value","j","parseFloat","amount","toFixed","displayPie","document","getElementById","innerHTML","send","editCategory","category","textContent","viewResources2","i","id","insertAdjacentHTML","deleteExpenseItem","element","getAttribute","confirm","location","reload","displaySpecificCategory","window","currentResourceId","$","val","toString","data","expensesData","Array","from","map","amounts","ctx","getContext","expensesChart","Chart","type","labels","datasets","backgroundColor","options","plugins","datalabels","formatter","addExpense","jsonData","Object","e","isNaN","message","undefined","stringify","editExpense","success"],"sources":["expense.js"],"sourcesContent":["function viewExpenses() {\r\n  var userEmailInSession = sessionStorage.getItem(\"Useremail\");\r\n\r\n  if (!userEmailInSession) {\r\n    console.log(\"User email not found in session storage\");\r\n    return;\r\n  }\r\n\r\n  var response = \"\";\r\n  var request = new XMLHttpRequest();\r\n  request.open(\"GET\", \"/view-expneses\", true);\r\n  request.setRequestHeader(\"Content-Type\", \"application/json\");\r\n  request.onload = function () {\r\n    response = JSON.parse(request.responseText);\r\n\r\n    //-----------------------------------------------\r\n\r\n    // console.log(\"All Expenses Data:\", response);\r\n\r\n    // Filter expenses based on user email\r\n    var userExpenses = response.filter(function (expense) {\r\n      return expense.user === userEmailInSession;\r\n    });\r\n\r\n    // console.log(\"User's Expenses:\", userExpenses);\r\n\r\n    //--------------------------\r\n\r\n    // console.log(response);\r\n    var html = \"\";\r\n    var categories = new Map();\r\n\r\n    for (var b = 0; b < userExpenses.length; b++) {\r\n      if (!categories.has(userExpenses[b].description))\r\n        categories.set(userExpenses[b].description, 0);\r\n    }\r\n\r\n    for (let [key, value] of categories) {\r\n      for (var j = 0; j < userExpenses.length; j++) {\r\n        if (userExpenses[j].description === key) {\r\n          value += parseFloat(userExpenses[j].amount);\r\n          categories.set(key, parseFloat(value.toFixed(2)));\r\n        }\r\n      }\r\n    }\r\n\r\n    for (let [key, value] of categories) {\r\n      html +=\r\n        \"<tr><td>\" +\r\n        key +\r\n        \"</td><td>$\" +\r\n        value +\r\n        \"</td><td><button data-toggle='modal' id='openeditmodal' data-target='#editModal' onclick='editCategory(\\\"\" +\r\n        key +\r\n        \"\\\")'>Edit</button></td></tr>\";\r\n    }\r\n\r\n    displayPie(categories);\r\n\r\n    document.getElementById(\"tableContent\").innerHTML = html;\r\n  };\r\n  request.send();\r\n}\r\n\r\nfunction editCategory(category) {\r\n  // Implement the logic to handle the edit action for the specified category\r\n  // console.log(\"Editing category: \" + category);\r\n\r\n  // Check if the Useremail in session storage exists\r\n  var userEmailInSession = sessionStorage.getItem(\"Useremail\");\r\n  if (!userEmailInSession) {\r\n    console.log(\"User email not found in session storage\");\r\n    return;\r\n  }\r\n\r\n  document.getElementById(\"categories\").textContent = category;\r\n\r\n  function viewResources2() {\r\n    var response = \"\";\r\n    var request = new XMLHttpRequest();\r\n    request.open(\"GET\", \"/view-expneses\", true);\r\n    request.setRequestHeader(\"Content-Type\", \"application/json\");\r\n    request.onload = function () {\r\n      response = JSON.parse(request.responseText);\r\n      console.log(response);\r\n\r\n      for (let i = 0; i < response.length; i++) {\r\n        // Check if Useremail in session matches the user in the data\r\n        if (\r\n          response[i].description == category &&\r\n          response[i].user === userEmailInSession\r\n        ) {\r\n          console.log(response[i].description);\r\n          var html = `\r\n          <div class=\"text-center\" style=\"width:100%;\">\r\n              <div class=\"card\">\r\n                  <div class=\"card-body\">\r\n                      <h6 style=\
[...]
46":0,"47":0,"48":0,"49":0,"50":0,"51":0,"52":0,"53":0,"54":0,"55":0,"56":0,"57":0,"58":0,"59":0,"60":0,"61":0,"62":0,"63":0,"64":0,"65":0,"66":0,"67":0,"68":0,"69":0,"70":0,"71":0,"72":0,"73":0,"74":0,"75":0,"76":0,"77":0,"78":0,"79":0},"f":{"0":0,"1":0,"2":0,"3":0,"4":0,"5":0,"6":0,"7":0,"8":0,"9":0},"b":{"0":[0,0],"1":[0,0],"2":[0,0],"3":[0,0],"4":[0,0],"5":[0,0]},"all":true},"C:\\Users\\Tangt\\Desktop\\Poly study stuff (Sem2.2)\\DevOps\\CG-Finance-Website\\utils\\RetirementUtil.js":{"path":"C:\\Users\\Tangt\\Desktop\\Poly study stuff (Sem2.2)\\DevOps\\CG-Finance-Website\\utils\\RetirementUtil.js","statementMap":{"0":{"start":{"line":1,"column":23},"end":{"line":1,"column":54}},"1":{"start":{"line":2,"column":11},"end":{"line":2,"column":33}},"2":{"start":{"line":5,"column":2},"end":{"line":11,"column":3}},"3":{"start":{"line":6,"column":17},"end":{"line":6,"column":52}},"4":{"start":{"line":7,"column":4},"end":{"line":7,"column":28}},"5":{"start":{"line":9,"column":4},"end":{"line":9,"column":63}},"6":{"start":{"line":10,"column":4},"end":{"line":10,"column":14}},"7":{"start":{"line":15,"column":2},"end":{"line":23,"column":3}},"8":{"start":{"line":16,"column":23},"end":{"line":16,"column":57}},"9":{"start":{"line":17,"column":4},"end":{"line":17,"column":28}},"10":{"start":{"line":18,"column":4},"end":{"line":18,"column":69}},"11":{"start":{"line":19,"column":4},"end":{"line":19,"column":22}},"12":{"start":{"line":21,"column":4},"end":{"line":21,"column":61}},"13":{"start":{"line":22,"column":4},"end":{"line":22,"column":14}},"14":{"start":{"line":27,"column":2},"end":{"line":32,"column":3}},"15":{"start":{"line":28,"column":26},"end":{"line":28,"column":76}},"16":{"start":{"line":29,"column":4},"end":{"line":29,"column":47}},"17":{"start":{"line":31,"column":4},"end":{"line":31,"column":60}},"18":{"start":{"line":36,"column":2},"end":{"line":77,"column":3}},"19":{"start":{"line":37,"column":18},"end":{"line":37,"column":32}},"20":{"start":{"line":38,"column":24},"end":{"line":38,"column":54}},"21":{"start":{"line":39,"column":27},"end":{"line":39,"column":60}},"22":{"start":{"line":40,"column":22},"end":{"line":40,"column":50}},"23":{"start":{"line":41,"column":31},"end":{"line":41,"column":68}},"24":{"start":{"line":42,"column":17},"end":{"line":42,"column":30}},"25":{"start":{"line":44,"column":4},"end":{"line":57,"column":5}},"26":{"start":{"line":56,"column":6},"end":{"line":56,"column":72}},"27":{"start":{"line":59,"column":26},"end":{"line":66,"column":5}},"28":{"start":{"line":68,"column":4},"end":{"line":68,"column":61}},"29":{"start":{"line":70,"column":30},"end":{"line":73,"column":5}},"30":{"start":{"line":74,"column":4},"end":{"line":74,"column":51}},"31":{"start":{"line":76,"column":4},"end":{"line":76,"column":60}},"32":{"start":{"line":81,"column":2},"end":{"line":117,"column":3}},"33":{"start":{"line":82,"column":15},"end":{"line":82,"column":28}},"34":{"start":{"line":83,"column":18},"end":{"line":83,"column":32}},"35":{"start":{"line":84,"column":24},"end":{"line":84,"column":44}},"36":{"start":{"line":85,"column":27},"end":{"line":85,"column":50}},"37":{"start":{"line":86,"column":22},"end":{"line":86,"column":40}},"38":{"start":{"line":87,"column":31},"end":{"line":87,"column":58}},"39":{"start":{"line":88,"column":17},"end":{"line":88,"column":30}},"40":{"start":{"line":89,"column":26},"end":{"line":89,"column":76}},"41":{"start":{"line":90,"column":19},"end":{"line":90,"column":24}},"42":{"start":{"line":91,"column":4},"end":{"line":102,"column":5}},"43":{"start":{"line":91,"column":17},"end":{"line":91,"column":18}},"44":{"start":{"line":92,"column":30},"end":{"line":92,"column":46}},"45":{"start":{"line":93,"column":6},"end":{"line":101,"column":7}},"46":{"start":{"line":94,"column":8},"end":{"line":94,"column":39}},"47":{"start":{"line":95,"column":8},"end":{"line":95,"column":51}},"48":{"start":{"line":96,"column":8},"end":{"line":96,"column":57}},"49":{"start":{"line":97,"column":8},"end":{"line":97,"column":47}},"50":{"start":{"line":98,"column":8},"end":{"line":98,"column":65}},"51":{"start":{"line":99,"column":8},"end":{"line":99,"column":37}},"52":{"start":{"line":100,"column":8},"end":{"line":100,"column":24}},"53":{"start":{"line":103,"column":4},"end":{"line":114,"column":5}},"54":{"start":{"line":104,"column":6},"end":{"line":108,"column":8}},"55":{"start":{"line":109,"column":6},"end":{"line":109,"column":49}},"56":{"start":{"line":111,"column":6},"end":{"line":113,"column":64}},"57":{"start":{"line":116,"column":4},"end":{"line":116,"column":60}},"58":{"start":{"line":121,"column":2},"end":{"line":121,"column":49}},"59":{"start":{"line":122,"column":2},"end":{"line":122,"column":51}},"60":{"start":{"line":123,"column":2},"end":{"line":156,"column":3}},"61":{"start":{"line":124,"column":15},"end":{"line":124,"column":28}},"62":{"start":{"line":125,"column":17},"end":{"line":125,"column":30}},"63":{"start":{"line":127,"column":26},"end":{"line":127,"column":76}},"64":{"start":{"line":128,"column":18},"end":{"line":128,"column":79}},"65":{"start":{"line":128,"column":58},"end":{"line":128,"column":78}},"66":{"start":{"line":130,"column":4},"end":{"line":153,"column":5}},"67":{"start":{"line":131,"column":29},"end":{"line":131,"column":49}},"68":{"start":{"line":134,"column":6},"end":{"line":138,"column":7}},"69":{"start":{"line":135,"column":8},"end":{"line":137,"column":77}},"70":{"start":{"line":140,"column":6},"end":{"line":140,"column":37}},"71":{"start":{"line":142,"column":6},"end":{"line":146,"column":8}},"72":{"start":{"line":149,"column":6},"end":{"line":149,"column":49}},"73":{"start":{"line":152,"column":6},"end":{"line":152,"column":61}},"74":{"start":{"line":155,"column":4},"end":{"line":155,"column":60}},"75":{"start":{"line":159,"column":0},"end":{"line":166,"column":2}}},"fnMap":{"0":{"name":"readJSONRetirement","decl":{"start":{"line":4,"column":15},"end":{"line":4,"column":33}},"loc":{"start":{"line":4,"column":44},"end":{"line":12,"column":1}},"line":4},"1":{"name":"writeJSONRetirement","decl":{"start":{"line":14,"column":15},"end":{"line":14,"column":34}},"loc":{"start":{"line":14,"column":53},"end":{"line":24,"column":1}},"line":14},"2":{"name":"view_retirement","decl":{"start":{"line":26,"column":15},"end":{"line":26,"column":30}},"loc":{"start":{"line":26,"column":41},"end":{"line":33,"column":1}},"line":26},"3":{"name":"add_retirement","decl":{"start":{"line":35,"column":15},"end":{"line":35,"column":29}},"loc":{"start":{"line":35,"column":40},"end":{"line":78,"column":1}},"line":35},"4":{"name":"edit_retirement","decl":{"start":{"line":80,"column":15},"end":{"line":80,"column":30}},"loc":{"start":{"line":80,"column":41},"end":{"line":118,"column":1}},"line":80},"5":{"name":"delete_retirement","decl":{"start":{"line":120,"column":15},"end":{"line":120,"column":32}},"loc":{"start":{"line":120,"column":43},"end":{"line":157,"column":1}},"line":120},"6":{"name":"(anonymous_6)","decl":{"start":{"line":128,"column":42},"end":{"line":128,"column":43}},"loc":{"start":{"line":128,"column":58},"end":{"line":128,"column":78}},"line":128}},"branchMap":{"0":{"loc":{"start":{"line":44,"column":4},"end":{"line":57,"column":5}},"type":"if","locations":[{"start":{"line":44,"column":4},"end":{"line":57,"column":5}},{"start":{"line":44,"column":4},"end":{"line":57,"column":5}}],"line":44},"1":{"loc":{"start":{"line":45,"column":6},"end":{"line":54,"column":30}},"type":"binary-expr","locations":[{"start":{"line":45,"column":6},"end":{"line":45,"column":31}},{"start":{"line":46,"column":6},"end":{"line":46,"column":24}},{"start":{"line":47,"column":6},"end":{"line":47,"column":37}},{"start":{"line":48,"column":6},"end":{"line":48,"column":27}},{"start":{"line":49,"column":6},"end":{"line":49,"column":40}},{"start":{"line":50,"column":6},"end":{"line":50,"column":22}},{"start":{"line":51,"column":6},"end":{"line":51,"column":35}},{"start":{"line":52,"column":6},"end":{"line":52,"column":31}},{"start":{"line":53,"column":6},"end":{"line":53,"column":44}},{"start":{"line":54,"column":6},"end":{"line":54,"column":30}}],"line":45},"2":{"loc":{"start":{"line":93,"column":6},"end":{"line":101,"column":7}},"type":"if","locations":[{"start":{"line":93,"column":6},"end":{"line":101,"column":7}},{"start":{"line":93,"column":6},"end":{"line":101,"column":7}}],"line":93},"3":{"loc":{"start":{"line":103,"column":4},"end":{"line":114,"column":5}},"type":"if","locations":[{"start":{"line":103,"column":4},"end":{"line":114,"column":5}},{"start":{"line":103,"column":4},"end":{"line":114,"column":5}}],"line":103},"4":{"loc":{"start":{"line":130,"column":4},"end":{"line":153,"column":5}},"type":"if","locations":[{"start":{"line":130,"column":4},"end":{"line":153,"column":5}},{"start":{"line":130,"column":4},"end":{"line":153,"column":5}}],"line":130},"5":{"loc":{"start":{"line":134,"column":6},"end":{"line":138,"column":7}},"type":"if","locations":[{"start":{"line":134,"column":6},"end":{"line":138,"column":7}},{"start":{"line":134,"column":6},"end":{"line":138,"column":7}}],"line":134}},"s":{"0":0,"1":0,"2":0,"3":0,"4":0,"5":0,"6":0,"7":0,"8":0,"9":0,"10":0,"11":0,"12":0,"13":0,"14":0,"15":0,"16":0,"17":0,"18":0,"19":0,"20":0,"21":0,"22":0,"23":0,"24":0,"25":0,"26":0,"27":0,"28":0,"29":0,"30":0,"31":0,"32":0,"33":0,"34":0,"35":0,"36":0,"37":0,"38":0,"39":0,"40":0,"41":0,"42":0,"43":0,"44":0,"45":0,"46":0,"47":0,"48":0,"49":0,"50":0,"51":0,"52":0,"53":0,"54":0,"55":0,"56":0,"57":0,"58":0,"59":0,"60":0,"61":0,"62":0,"63":0,"64":0,"65":0,"66":0,"67":0,"68":0,"69":0,"70":0,"71":0,"72":0,"73":0,"74":0,"75":0},"f":{"0":0,"1":0,"2":0,"3":0,"4":0,"5":0,"6":0},"b":{"0":[0,0],"1":[0,0,0,0,0,0,0,0,0,0],"2":[0,0],"3":[0,0],"4":[0,0],"5":[0,0]},"all":true},"C:\\Users\\Tangt\\Desktop\\Poly study stuff (Sem2.2)\\DevOps\\CG-Finance-Website\\utils\\UserUtil.js":{"path":"C:\\Users\\Tangt\\Desktop\\Poly study stuff (Sem2.2)\\DevOps\\CG-Finance-Website\\utils\\UserUtil.js","statementMap":{"0":{"start":{"line":1,"column":17},"end":{"line":1,"column":42}},"1":{"start":{"line":2,"column":11},"end":{"line":2,"column":33}},"2":{"start":{"line":4,"column":2},"end":{"line":10,"column":3}},"3":{"start":{"line":5,"column":17},"end":{"line":5,"column":52}},"4":{"start":{"line":6,"column":4},"end":{"line":6,"column":28}},"5":{"start":{"line":8,"column":4},"end":{"line":8,"column":23}},"6":{"start":{"line":9,"column":4},"end":{"line":9,"column":14}},"7":{"start":{"line":13,"column":2},"end":{"line":21,"column":3}},"8":{"start":{"line":14,"column":23},"end":{"line":14,"column":47}},"9":{"start":{"line":15,"column":4},"end":{"line":15,"column":28}},"10":{"start":{"line":16,"column":4},"end":{"line":16,"column":69}},"11":{"start":{"line":17,"column":4},"end":{"line":17,"column":22}},"12":{"start":{"line":19,"column":4},"end":{"line":19,"column":23}},"13":{"start":{"line":20,"column":4},"end":{"line":20,"column":14}},"14":{"start":{"line":24,"column":2},"end":{"line":36,"column":3}},"15":{"start":{"line":25,"column":18},"end":{"line":25,"column":32}},"16":{"start":{"line":26,"column":21},"end":{"line":26,"column":38}},"17":{"start":{"line":27,"column":4},"end":{"line":33,"column":5}},"18":{"start":{"line":28,"column":6},"end":{"line":28,"column":67}},"19":{"start":{"line":30,"column":22},"end":{"line":30,"column":47}},"20":{"start":{"line":31,"column":27},"end":{"line":31,"column":71}},"21":{"start":{"line":32,"column":6},"end":{"line":32,"column":48}},"22":{"start":{"line":35,"column":4},"end":{"line":35,"column":60}},"23":{"start":{"line":39,"column":2},"end":{"line":56,"column":3}},"24":{"start":{"line":40,"column":18},"end":{"line":40,"column":32}},"25":{"start":{"line":41,"column":21},"end":{"line":41,"column":38}},"26":{"start":{"line":42,"column":21},"end":{"line":42,"column":55}},"27":{"start":{"line":43,"column":27},"end":{"line":43,"column":32}},"28":{"start":{"line":44,"column":4},"end":{"line":48,"column":5}},"29":{"start":{"line":44,"column":17},"end":{"line":44,"column":18}},"30":{"start":{"line":45,"column":21},"end":{"line":45,"column":32}},"31":{"start":{"line":46,"column":6},"end":{"line":47,"column":32}},"32":{"start":{"line":47,"column":8},"end":{"line":47,"column":32}},"33":{"start":{"line":49,"column":4},"end":{"line":53,"column":5}},"34":{"start":{"line":50,"column":6},"end":{"line":50,"column":68}},"35":{"start":{"line":52,"column":6},"end":{"line":52,"column":71}},"36":{"start":{"line":55,"column":4},"end":{"line":55,"column":60}},"37":{"start":{"line":59,"column":2},"end":{"line":64,"column":3}},"38":{"start":{"line":60,"column":21},"end":{"line":60,"column":55}},"39":{"start":{"line":61,"column":4},"end":{"line":61,"column":42}},"40":{"start":{"line":63,"column":4},"end":{"line":63,"column":60}},"41":{"start":{"line":68,"column":2},"end":{"line":112,"column":3}},"42":{"start":{"line":69,"column":24},"end":{"line":69,"column":44}},"43":{"start":{"line":70,"column":21},"end":{"line":70,"column":38}},"44":{"start":{"line":71,"column":24},"end":{"line":71,"column":44}},"45":{"start":{"line":72,"column":31},"end":{"line":72,"column":58}},"46":{"start":{"line":75,"column":4},"end":{"line":77,"column":5}},"47":{"start":{"line":76,"column":6},"end":{"line":76,"column":98}},"48":{"start":{"line":79,"column":21},"end":{"line":79,"column":55}},"49":{"start":{"line":80,"column":19},"end":{"line":80,"column":24}},"50":{"start":{"line":82,"column":4},"end":{"line":98,"column":5}},"51":{"start":{"line":82,"column":17},"end":{"line":82,"column":18}},"52":{"start":{"line":83,"column":24},"end":{"line":83,"column":35}},"53":{"start":{"line":86,"column":6},"end":{"line":97,"column":7}},"54":{"start":{"line":88,"column":8},"end":{"line":90,"column":9}},"55":{"start":{"line":89,"column":10},"end":{"line":89,"column":39}},"56":{"start":{"line":91,"column":8},"end":{"line":93,"column":9}},"57":{"start":{"line":92,"column":10},"end":{"line":92,"column":45}},"58":{"start":{"line":95,"column":8},"end":{"line":95,"column":24}},"59":{"start":{"line":96,"column":8},"end":{"line":96,"column":14}},"60":{"start":{"line":100,"column":4},"end":{"line":109,"column":5}},"61":{"start":{"line":101,"column":6},"end":{"line":105,"column":8}},"62":{"start":{"line":106,"column":6},"end":{"line":106,"column":89}},"63":{"start":{"line":108,"column":6},"end":{"line":108,"column":101}},"64":{"start":{"line":111,"column":4},"end":{"line":111,"column":60}},"65":{"start":{"line":115,"column":2},"end":{"line":133,"column":3}},"66":{"start":{"line":116,"column":26},"end":{"line":116,"column":48}},"67":{"start":{"line":118,"column":21},"end":{"line":118,"column":55}},"68":{"start":{"line":119,"column":25},"end":{"line":119,"column":78}},"69":{"start":{"line":119,"column":49},"end":{"line":119,"column":77}},"70":{"start":{"line":121,"column":4},"end":{"line":130,"column":5}},"71":{"start":{"line":122,"column":6},"end":{"line":126,"column":8}},"72":{"start":{"line":127,"column":6},"end":{"line":127,"column":77}},"73":{"start":{"line":129,"column":6},"end":{"line":129,"column":91}},"74":{"start":{"line":132,"column":4},"end":{"line":132,"column":60}},"75":{"start":{"line":137,"column":0},"end":{"line":143,"column":2}}},"fnMap":{"0":{"name":"readJSON","decl":{"start":{"line":3,"column":15},"end":{"line":3,"column":23}},"loc":{"start":{"line":3,"column":34},"end":{"line":11,"column":1}},"line":3},"1":{"name":"writeJSON","decl":{"start":{"line":12,"column":15},"end":{"line":12,"column":24}},"loc":{"start":{"line":12,"column":43},"end":{"line":22,"column":1}},"line":12},"2":{"name":"register","decl":{"start":{"line":23,"column":15},"end":{"line":23,"column":23}},"loc":{"start":{"line":23,"column":34},"end":{"line":37,"column":1}},"line":23},"3":{"name":"login","decl":{"start":{"line":38,"column":15},"end":{"line":38,"column":20}},"loc":{"start":{"line":38,"column":31},"end":{"line":57,"column":1}},"line":38},"4":{"name":"viewUser","decl":{"start":{"line":58,"column":15},"end":{"line":58,"column":23}},"loc":{"start":{"line":58,"column":34},"end":{"line":65,"column":1}},"line":58},"5":{"name":"editUser","decl":{"start":{"line":67,"column":15},"end":{"line":67,"column":23}},"loc":{"start":{"line":67,"column":34},"end":{"line":113,"column":1}},"line":67},"6":{"name":"deleteUser","decl":{"start":{"line":114,"column":15},"end":{"line":114,"column":25}},"loc":{"start":{"line":114,"column":36},"end":{"line":134,"column":1}},"line":114},"7":{"name":"(anonymous_7)","decl":{"start":{"line":119,"column":41},"end":{"line":119,"column":42}},"loc":{"start":{"line":119,"column":49},"end":{"line":119,"column":77}},"line":119}},"branchMap":{"0":{"loc":{"start":{"line":27,"column":4},"end":{"line":33,"column":5}},"type":"if","locations":[{"start":{"line":27,"column":4},"end":{"line":33,"column":5}},{"start":{"line":27,"column":4},"end":{"line":33,"column":5}}],"line":27},"1":{"loc":{"start":{"line":27,"column":8},"end":{"line":27,"column":75}},"type":"binary-expr","locations":[{"start":{"line":27,"column":8},"end":{"line":27,"column":28}},{"start":{"line":27,"column":32},"end":{"line":27,"column":52}},{"start":{"line":27,"column":56},"end":{"line":27,"column":75}}],"line":27},"2":{"loc":{"start":{"line":46,"column":6},"end":{"line":47,"column":32}},"type":"if","locations":[{"start":{"line":46,"column":6},"end":{"line":47,"column":32}},{"start":{"line":46,"column":6},"end":{"line":47,"column":32}}],"line":46},"3":{"loc":{"start":{"line":46,"column":10},"end":{"line":46,"column":66}},"type":"binary-expr","locations":[{"start":{"line":46,"column":10},"end":{"line":46,"column":33}},{"start":{"line":46,"column":37},"end":{"line":46,"column":66}}],"line":46},"4":{"loc":{"start":{"line":49,"column":4},"end":{"line":53,"column":5}},"type":"if","locations":[{"start":{"line":49,"column":4},"end":{"line":53,"column":5}},{"start":{"line":49,"column":4},"end":{"line":53,"column":5}}],"line":49},"5":{"loc":{"start":{"line":75,"column":4},"end":{"line":77,"column":5}},"type":"if","locations":[{"start":{"line":75,"column":4},"end":{"line":77,"column":5}},{"start":{"line":75,"column":4},"end":{"line":77,"column":5}}],"line":75},"6":{"loc":{"start":{"line":86,"column":6},"end":{"line":97,"column":7}},"type":"if","locations":[{"start":{"line":86,"column":6},"end":{"line":97,"column":7}},{"start":{"line":86,"column":6},"end":{"line":97,"column":7}}],"line":86},"7":{"loc":{"start":{"line":88,"column":8},"end":{"line":90,"column":9}},"type":"if","locations":[{"start":{"line":88,"column":8},"end":{"line":90,"column":9}},{"start":{"line":88,"column":8},"end":{"line":90,"column":9}}],"line":88},"8":{"loc":{"start":{"line":91,"column":8},"end":{"line":93,"column":9}},"type":"if","locations":[{"start":{"line":91,"column":8},"end":{"line":93,"column":9}},{"start":{"line":91,"column":8},"end":{"line":93,"column":9}}],"line":91},"9":{"loc":{"start":{"line":100,"column":4},"end":{"line":109,"column":5}},"type":"if","locations":[{"start":{"line":100,"column":4},"end":{"line":109,"column":5}},{"start":{"line":100,"column":4},"end":{"line":109,"column":5}}],"line":100},"10":{"loc":{"start":{"line":121,"column":4},"end":{"line":130,"column":5}},"type":"if","locations":[{"start":{"line":121,"column":4},"end":{"line":130,"column":5}},{"start":{"line":121,"column":4},"end":{"line":130,"column":5}}],"line":121}},"s":{"0":0,"1":0,"2":0,"3":0,"4":0,"5":0,"6":0,"7":0,"8":0,"9":0,"10":0,"11":0,"12":0,"13":0,"14":0,"15":0,"16":0,"17":0,"18":0,"19":0,"20":0,"21":0,"22":0,"23":0,"24":0,"25":0,"26":0,"27":0,"28":0,"29":0,"30":0,"31":0,"32":0,"33":0,"34":0,"35":0,"36":0,"37":0,"38":0,"39":0,"40":0,"41":0,"42":0,"43":0,"44":0,"45":0,"46":0,"47":0,"48":0,"49":0,"50":0,"51":0,"52":0,"53":0,"54":0,"55":0,"56":0,"57":0,"58":0,"59":0,"60":0,"61":0,"62":0,"63":0,"64":0,"65":0,"66":0,"67":0,"68":0,"69":0,"70":0,"71":0,"72":0,"73":0,"74":0,"75":0},"f":{"0":0,"1":0,"2":0,"3":0,"4":0,"5":0,"6":0,"7":0},"b":{"0":[0,0],"1":[0,0,0],"2":[0,0],"3":[0,0],"4":[0,0],"5":[0,0],"6":[0,0],"7":[0,0],"8":[0,0],"9":[0,0],"10":[0,0]},"all":true}}