{"C:\\Users\\Lenovo\\Documents\\DVOPS_Projects\\CG-Finance-Website\\public\\instrumented\\js\\createRetirement.js":{"path":"C:\\Users\\Lenovo\\Documents\\DVOPS_Projects\\CG-Finance-Website\\public\\instrumented\\js\\createRetirement.js","statementMap":{"0":{"start":{"line":1,"column":35},"end":{"line":1,"column":134}},"1":{"start":{"line":1,"column":144},"end":{"line":1,"column":186}},"2":{"start":{"line":1,"column":198},"end":{"line":1,"column":227}},"3":{"start":{"line":1,"column":236},"end":{"line":1,"column":250}},"4":{"start":{"line":1,"column":268},"end":{"line":1,"column":4530}},"5":{"start":{"line":1,"column":4544},"end":{"line":1,"column":4573}},"6":{"start":{"line":1,"column":4574},"end":{"line":1,"column":4651}},"7":{"start":{"line":1,"column":4622},"end":{"line":1,"column":4650}},"8":{"start":{"line":1,"column":4670},"end":{"line":1,"column":4684}},"9":{"start":{"line":2,"column":0},"end":{"line":2,"column":50}},"10":{"start":{"line":2,"column":26},"end":{"line":2,"column":48}},"11":{"start":{"line":2,"column":51},"end":{"line":2,"column":73}},"12":{"start":{"line":2,"column":74},"end":{"line":2,"column":91}},"13":{"start":{"line":2,"column":112},"end":{"line":2,"column":136}},"14":{"start":{"line":2,"column":147},"end":{"line":2,"column":216}},"15":{"start":{"line":2,"column":234},"end":{"line":2,"column":308}},"16":{"start":{"line":2,"column":329},"end":{"line":2,"column":406}},"17":{"start":{"line":2,"column":423},"end":{"line":2,"column":496}},"18":{"start":{"line":2,"column":498},"end":{"line":2,"column":522}},"19":{"start":{"line":2,"column":522},"end":{"line":2,"column":820}},"20":{"start":{"line":2,"column":656},"end":{"line":2,"column":683}},"21":{"start":{"line":2,"column":683},"end":{"line":2,"column":707}},"22":{"start":{"line":2,"column":707},"end":{"line":2,"column":755}},"23":{"start":{"line":2,"column":755},"end":{"line":2,"column":779}},"24":{"start":{"line":2,"column":779},"end":{"line":2,"column":786}},"25":{"start":{"line":2,"column":792},"end":{"line":2,"column":819}},"26":{"start":{"line":2,"column":820},"end":{"line":2,"column":844}},"27":{"start":{"line":2,"column":844},"end":{"line":2,"column":863}},"28":{"start":{"line":2,"column":863},"end":{"line":2,"column":887}},"29":{"start":{"line":2,"column":887},"end":{"line":2,"column":911}},"30":{"start":{"line":2,"column":911},"end":{"line":2,"column":935}},"31":{"start":{"line":2,"column":935},"end":{"line":2,"column":962}},"32":{"start":{"line":2,"column":962},"end":{"line":2,"column":987}},"33":{"start":{"line":2,"column":987},"end":{"line":2,"column":1010}},"34":{"start":{"line":3,"column":27},"end":{"line":3,"column":96}},"35":{"start":{"line":3,"column":98},"end":{"line":3,"column":123}},"36":{"start":{"line":3,"column":123},"end":{"line":3,"column":179}},"37":{"start":{"line":3,"column":179},"end":{"line":3,"column":204}},"38":{"start":{"line":3,"column":204},"end":{"line":3,"column":291}},"39":{"start":{"line":4,"column":26},"end":{"line":4,"column":102}},"40":{"start":{"line":4,"column":104},"end":{"line":4,"column":129}},"41":{"start":{"line":4,"column":129},"end":{"line":4,"column":184}},"42":{"start":{"line":4,"column":184},"end":{"line":4,"column":209}},"43":{"start":{"line":4,"column":209},"end":{"line":4,"column":294}},"44":{"start":{"line":4,"column":308},"end":{"line":4,"column":335}},"45":{"start":{"line":4,"column":351},"end":{"line":4,"column":388}},"46":{"start":{"line":4,"column":390},"end":{"line":4,"column":415}},"47":{"start":{"line":4,"column":415},"end":{"line":4,"column":476}},"48":{"start":{"line":4,"column":476},"end":{"line":4,"column":501}},"49":{"start":{"line":4,"column":501},"end":{"line":4,"column":573}},"50":{"start":{"line":4,"column":573},"end":{"line":4,"column":598}},"51":{"start":{"line":4,"column":598},"end":{"line":4,"column":676}},"52":{"start":{"line":4,"column":676},"end":{"line":4,"column":701}},"53":{"start":{"line":4,"column":701},"end":{"line":4,"column":770}},"54":{"start":{"line":4,"column":770},"end":{"line":4,"column":795}},"55":{"start":{"line":4,"column":795},"end":{"line":4,"column":842}},"56":{"start":{"line":4,"column":842},"end":{"line":4,"column":867}},"57":{"start":{"line":4,"column":867},"end":{"line":4,"column":917}},"58":{"start":{"line":4,"column":917},"end":{"line":4,"column":942}},"59":{"start":{"line":4,"column":942},"end":{"line":4,"column":1009}},"60":{"start":{"line":4,"column":1009},"end":{"line":4,"column":1034}},"61":{"start":{"line":4,"column":1034},"end":{"line":4,"column":1510}},"62":{"start":{"line":4,"column":1362},"end":{"line":4,"column":1389}},"63":{"start":{"line":4,"column":1389},"end":{"line":4,"column":1414}},"64":{"start":{"line":4,"column":1414},"end":{"line":4,"column":1444}},"65":{"start":{"line":4,"column":1444},"end":{"line":4,"column":1469}},"66":{"start":{"line":4,"column":1469},"end":{"line":4,"column":1476}},"67":{"start":{"line":4,"column":1482},"end":{"line":4,"column":1509}},"68":{"start":{"line":4,"column":1523},"end":{"line":4,"column":1568}},"69":{"start":{"line":4,"column":1570},"end":{"line":4,"column":1595}},"70":{"start":{"line":4,"column":1595},"end":{"line":4,"column":1639}},"71":{"start":{"line":4,"column":1639},"end":{"line":4,"column":1664}},"72":{"start":{"line":4,"column":1664},"end":{"line":4,"column":1724}},"73":{"start":{"line":4,"column":1724},"end":{"line":4,"column":1749}},"74":{"start":{"line":4,"column":1749},"end":{"line":4,"column":2144}},"75":{"start":{"line":4,"column":1775},"end":{"line":4,"column":1799}},"76":{"start":{"line":4,"column":1799},"end":{"line":4,"column":1824}},"77":{"start":{"line":4,"column":1824},"end":{"line":4,"column":1866}},"78":{"start":{"line":4,"column":1866},"end":{"line":4,"column":1891}},"79":{"start":{"line":4,"column":1891},"end":{"line":4,"column":1913}},"80":{"start":{"line":4,"column":1913},"end":{"line":4,"column":1938}},"81":{"start":{"line":4,"column":1938},"end":{"line":4,"column":2142}},"82":{"start":{"line":4,"column":1970},"end":{"line":4,"column":1997}},"83":{"start":{"line":4,"column":1997},"end":{"line":4,"column":2022}},"84":{"start":{"line":4,"column":2022},"end":{"line":4,"column":2049}},"85":{"start":{"line":4,"column":2055},"end":{"line":4,"column":2082}},"86":{"start":{"line":4,"column":2082},"end":{"line":4,"column":2107}},"87":{"start":{"line":4,"column":2107},"end":{"line":4,"column":2141}},"88":{"start":{"line":4,"column":2144},"end":{"line":4,"column":2169}},"89":{"start":{"line":4,"column":2169},"end":{"line":4,"column":2208}}},"fnMap":{"0":{"name":"cov_1ux28edjez","decl":{"start":{"line":1,"column":9},"end":{"line":1,"column":23}},"loc":{"start":{"line":1,"column":25},"end":{"line":2,"column":74}},"line":1},"1":{"name":"(anonymous_1)","decl":{"start":{"line":2,"column":15},"end":{"line":2,"column":16}},"loc":{"start":{"line":2,"column":25},"end":{"line":2,"column":49}},"line":2},"2":{"name":"calculate","decl":{"start":{"line":2,"column":100},"end":{"line":2,"column":109}},"loc":{"start":{"line":2,"column":111},"end":{"line":4,"column":2209}},"line":2},"3":{"name":"(anonymous_3)","decl":{"start":{"line":4,"column":1764},"end":{"line":4,"column":1765}},"loc":{"start":{"line":4,"column":1774},"end":{"line":4,"column":2143}},"line":4}},"branchMap":{"0":{"loc":{"start":{"line":1,"column":4544},"end":{"line":1,"column":4573}},"type":"binary-expr","locations":[{"start":{"line":1,"column":4544},"end":{"line":1,"column":4555}},{"start":{"line":1,"column":4558},"end":{"line":1,"column":4572}}],"line":1},"1":{"loc":{"start":{"line":1,"column":4574},"end":{"line":1,"column":4651}},"type":"if","locations":[{"start":{"line":1,"column":4574},"end":{"line":1,"column":4651}},{"start":{"line":1,"column":4574},"end":{"line":1,"column":4651}}],"line":1},"2":{"loc":{"start":{"line":1,"column":4577},"end":{"line":1,"column":4620}},"type":"binary-expr","locations":[{"start":{"line":1,"column":4577},"end":{"line":1,"column":4592}},{"start":{"line":1,"column":4594},"end":{"line":1,"column":4620}}],"line":1},"3":{"loc":{"start":{"line":2,"column":522},"end":{"line":2,"column":820}},"type":"if","locations":[{"start":{"line":2,"column":522},"end":{"line":2,"column":820}},{"start":{"line":2,"column":522},"end":{"line":2,"column":820}}],"line":2},"4":{"loc":{"start":{"line":2,"column":525},"end":{"line":2,"column":654}},"type":"binary-expr","locations":[{"start":{"line":2,"column":526},"end":{"line":2,"column":565}},{"start":{"line":2,"column":569},"end":{"line":2,"column":611}},{"start":{"line":2,"column":615},"end":{"line":2,"column":653}}],"line":2},"5":{"loc":{"start":{"line":4,"column":1034},"end":{"line":4,"column":1510}},"type":"if","locations":[{"start":{"line":4,"column":1034},"end":{"line":4,"column":1510}},{"start":{"line":4,"column":1034},"end":{"line":4,"column":1510}}],"line":4},"6":{"loc":{"start":{"line":4,"column":1037},"end":{"line":4,"column":1360}},"type":"binary-expr","locations":[{"start":{"line":4,"column":1038},"end":{"line":4,"column":1083}},{"start":{"line":4,"column":1087},"end":{"line":4,"column":1138}},{"start":{"line":4,"column":1142},"end":{"line":4,"column":1196}},{"start":{"line":4,"column":1200},"end":{"line":4,"column":1249}},{"start":{"line":4,"column":1253},"end":{"line":4,"column":1311}},{"start":{"line":4,"column":1315},"end":{"line":4,"column":1359}}],"line":4},"7":{"loc":{"start":{"line":4,"column":1938},"end":{"line":4,"column":2142}},"type":"if","locations":[{"start":{"line":4,"column":1938},"end":{"line":4,"column":2142}},{"start":{"line":4,"column":1938},"end":{"line":4,"column":2142}}],"line":4}},"s":{"0":0,"1":0,"2":0,"3":0,"4":0,"5":0,"6":0,"7":0,"8":0,"9":0,"10":0,"11":0,"12":0,"13":0,"14":0,"15":0,"16":0,"17":0,"18":0,"19":0,"20":0,"21":0,"22":0,"23":0,"24":0,"25":0,"26":0,"27":0,"28":0,"29":0,"30":0,"31":0,"32":0,"33":0,"34":0,"35":0,"36":0,"37":0,"38":0,"39":0,"40":0,"41":0,"42":0,"43":0,"44":0,"45":0,"46":0,"47":0,"48":0,"49":0,"50":0,"51":0,"52":0,"53":0,"54":0,"55":0,"56":0,"57":0,"58":0,"59":0,"60":0,"61":0,"62":0,"63":0,"64":0,"65":0,"66":0,"67":0,"68":0,"69":0,"70":0,"71":0,"72":0,"73":0,"74":0,"75":0,"76":0,"77":0,"78":0,"79":0,"80":0,"81":0,"82":0,"83":0,"84":0,"85":0,"86":0,"87":0,"88":0,"89":0},"f":{"0":0,"1":0,"2":0,"3":0},"b":{"0":[0,0],"1":[0,0],"2":[0,0],"3":[0,0],"4":[0,0,0],"5":[0,0],"6":[0,0,0,0,0,0],"7":[0,0]},"inputSourceMap":{"version":3,"names":["cov_1ux28edjez","actualCoverage","calculate","f","title","s","document","getElementById","value","currentAge","retirementAge","fundGoals","b","alert","console","log","years_to_retirement","parseInt","textContent","annual_saving_goal","parseFloat","response","jsonData","Object","current_age","retirement_age","fund_goal","user","sessionStorage","getItem","request","XMLHttpRequest","open","setRequestHeader","onload","JSON","parse","responseText","message","undefined","send","stringify"],"sources":["createRetirement.js"],"sourcesContent":["function calculate() {\r\n    let title = document.getElementById(\"create_title\").value;\r\n    let currentAge = document.getElementById(\"create_currentAge\").value;\r\n    let retirementAge = document.getElementById(\"create_retirementAge\").value;\r\n    let fundGoals = document.getElementById(\"create_fundGoals\").value;\r\n\r\n    if (currentAge < 0 || retirementAge < 0 || fundGoals < 0) {\r\n      alert(\"No negative numbers allowed in fields!\");\r\n      return;\r\n    }\r\n\r\n    console.log(title);\r\n    console.log(currentAge);\r\n    console.log(retirementAge);\r\n    console.log(fundGoals);\r\n\r\n    //Calculating years to retirement\r\n    const years_to_retirement =\r\n      parseInt(retirementAge) - parseInt(currentAge);\r\n    console.log(\"Year to retirement: \", years_to_retirement);\r\n    document.getElementById(\"years_to_retirement_display\").textContent =\r\n      years_to_retirement;\r\n\r\n    //Calculating annual saving goal\r\n    const annual_saving_goal =\r\n      parseFloat(fundGoals) / parseInt(years_to_retirement);\r\n    console.log(\"Annual Saving Goal: \", annual_saving_goal);\r\n    document.getElementById(\"annual_saving_goal_display\").textContent =\r\n      annual_saving_goal;\r\n\r\n    var response = \"\";\r\n    var jsonData = new Object();\r\n    jsonData.title = document.getElementById(\"create_title\").value;\r\n    jsonData.current_age = document.getElementById(\"create_currentAge\").value;\r\n    jsonData.retirement_age = document.getElementById(\r\n      \"create_retirementAge\"\r\n    ).value;\r\n    jsonData.fund_goal = document.getElementById(\"create_fundGoals\").value;\r\n    jsonData.annual_saving_goal = annual_saving_goal;\r\n    jsonData.user = sessionStorage.getItem(\"Useremail\");\r\n\r\n    console.log(\"Annual saving goal is: \", jsonData.annual_saving_goal);\r\n\r\n    if (\r\n      jsonData.title == \"\" ||\r\n      jsonData.current_age == \"\" ||\r\n      jsonData.retirement_age == \"\" ||\r\n      jsonData.fund_goal == \"\" ||\r\n      jsonData.annual_saving_goal == \"\" ||\r\n      jsonData.user == \"\"\r\n    ) {\r\n      alert(\"All Fields required!\");\r\n      return;\r\n    }\r\n    \r\n    var request = new XMLHttpRequest();\r\n    request.open(\"POST\", \"/add-retirement\", true);\r\n    request.setRequestHeader(\"Content-Type\", \"application/json\");\r\n    request.onload = function () {\r\n      response = JSON.parse(request.responseText);\r\n      console.log(response);\r\n      if (response.message == undefined) {\r\n        alert(\"Retirement Added!\");\r\n      } else {\r\n        alert(\"Unable to add retirement\");\r\n      }\r\n    };\r\n    request.send(JSON.stringify(jsonData));\r\n  }"],"mappings":"8kJAeY;AAAAA,cAAA,SAAAA,CAAA,SAAAC,cAAA,WAAAA,cAAA,EAAAD,cAAA,GAfZ,QAAS,CAAAE,SAASA,CAAA,CAAG,CAAAF,cAAA,GAAAG,CAAA,MACjB,GAAI,CAAAC,KAAK,EAAAJ,cAAA,GAAAK,CAAA,MAAGC,QAAQ,CAACC,cAAc,CAAC,cAAc,CAAC,CAACC,KAAK,EACzD,GAAI,CAAAC,UAAU,EAAAT,cAAA,GAAAK,CAAA,MAAGC,QAAQ,CAACC,cAAc,CAAC,mBAAmB,CAAC,CAACC,KAAK,EACnE,GAAI,CAAAE,aAAa,EAAAV,cAAA,GAAAK,CAAA,MAAGC,QAAQ,CAACC,cAAc,CAAC,sBAAsB,CAAC,CAACC,KAAK,EACzE,GAAI,CAAAG,SAAS,EAAAX,cAAA,GAAAK,CAAA,MAAGC,QAAQ,CAACC,cAAc,CAAC,kBAAkB,CAAC,CAACC,KAAK,EAACR,cAAA,GAAAK,CAAA,MAElE,GAAI,CAAAL,cAAA,GAAAY,CAAA,SAAAH,UAAU,CAAG,CAAC,IAAAT,cAAA,GAAAY,CAAA,SAAIF,aAAa,CAAG,CAAC,IAAAV,cAAA,GAAAY,CAAA,SAAID,SAAS,CAAG,CAAC,EAAE,CAAAX,cAAA,GAAAY,CAAA,SAAAZ,cAAA,GAAAK,CAAA,MACxDQ,KAAK,CAAC,wCAAwC,CAAC,CAACb,cAAA,GAAAK,CAAA,MAChD,OACF,CAAC,KAAAL,cAAA,GAAAY,CAAA,UAAAZ,cAAA,GAAAK,CAAA,MAEDS,OAAO,CAACC,GAAG,CAACX,KAAK,CAAC,CAACJ,cAAA,GAAAK,CAAA,MACnBS,OAAO,CAACC,GAAG,CAACN,UAAU,CAAC,CAACT,cAAA,GAAAK,CAAA,MACxBS,OAAO,CAACC,GAAG,CAACL,aAAa,CAAC,CAACV,cAAA,GAAAK,CAAA,OAC3BS,OAAO,CAACC,GAAG,CAACJ,SAAS,CAAC,CAEtB;AACA,KAAM,CAAAK,mBAAmB,EAAAhB,cAAA,GAAAK,CAAA,OACvBY,QAAQ,CAACP,aAAa,CAAC,CAAGO,QAAQ,CAACR,UAAU,CAAC,EAACT,cAAA,GAAAK,CAAA,OACjDS,OAAO,CAACC,GAAG,CAAC,sBAAsB,CAAEC,mBAAmB,CAAC,CAAChB,cAAA,GAAAK,CAAA,OACzDC,QAAQ,CAACC,cAAc,CAAC,6BAA6B,CAAC,CAACW,WAAW,CAChEF,mBAAmB,CAErB;AACA,KAAM,CAAAG,kBAAkB,EAAAnB,cAAA,GAAAK,CAAA,OACtBe,UAAU,CAACT,SAAS,CAAC,CAAGM,QAAQ,CAACD,mBAAmB,CAAC,EAAChB,cAAA,GAAAK,CAAA,OACxDS,OAAO,CAACC,GAAG,CAAC,sBAAsB,CAAEI,kBAAkB,CAAC,CAACnB,cAAA,GAAAK,CAAA,OACxDC,QAAQ,CAACC,cAAc,CAAC,4BAA4B,CAAC,CAACW,WAAW,CAC/DC,kBAAkB,CAEpB,GAAI,CAAAE,QAAQ,EAAArB,cAAA,GAAAK,CAAA,OAAG,EAAE,EACjB,GAAI,CAAAiB,QAAQ,EAAAtB,cAAA,GAAAK,CAAA,OAAG,GAAI,CAAAkB,MAAM,CAAC,CAAC,EAACvB,cAAA,GAAAK,CAAA,OAC5BiB,QAAQ,CAAClB,KAAK,CAAGE,QAAQ,CAACC,cAAc,CAAC,cAAc,CAAC,CAACC,KAAK,CAACR,cAAA,GAAAK,CAAA,OAC/DiB,QAAQ,CAACE,WAAW,CAAGlB,QAAQ,CAACC,cAAc,CAAC,mBAAmB,CAAC,CAACC,KAAK,CAACR,cAAA,GAAAK,CAAA,OAC1EiB,QAAQ,CAACG,cAAc,CAAGnB,QAAQ,CAACC,cAAc,CAC/C,sBACF,CAAC,CAACC,KAAK,CAACR,cAAA,GAAAK,CAAA,OACRiB,QAAQ,CAACI,SAAS,CAAGpB,QAAQ,CAACC,cAAc,CAAC,kBAAkB,CAAC,CAACC,KAAK,CAACR,cAAA,GAAAK,CAAA,OACvEiB,QAAQ,CAACH,kBAAkB,CAAGA,kBAAkB,CAACnB,cAAA,GAAAK,CAAA,OACjDiB,QAAQ,CAACK,IAAI,CAAGC,cAAc,CAACC,OAAO,CAAC,WAAW,CAAC,CAAC7B,cAAA,GAAAK,CAAA,OAEpDS,OAAO,CAACC,GAAG,CAAC,yBAAyB,CAAEO,QAAQ,CAACH,kBAAkB,CAAC,CAACnB,cAAA,GAAAK,CAAA,OAEpE,GACE,CAAAL,cAAA,GAAAY,CAAA,SAAAU,QAAQ,CAAClB,KAAK,EAAI,EAAE,IAAAJ,cAAA,GAAAY,CAAA,SACpBU,QAAQ,CAACE,WAAW,EAAI,EAAE,IAAAxB,cAAA,GAAAY,CAAA,SAC1BU,QAAQ,CAACG,cAAc,EAAI,EAAE,IAAAzB,cAAA,GAAAY,CAAA,SAC7BU,QAAQ,CAACI,SAAS,EAAI,EAAE,IAAA1B,cAAA,GAAAY,CAAA,SACxBU,QAAQ,CAACH,kBAAkB,EAAI,EAAE,IAAAnB,cAAA,GAAAY,CAAA,SACjCU,QAAQ,CAACK,IAAI,EAAI,EAAE,EACnB,CAAA3B,cAAA,GAAAY,CAAA,SAAAZ,cAAA,GAAAK,CAAA,OACAQ,KAAK,CAAC,sBAAsB,CAAC,CAACb,cAAA,GAAAK,CAAA,OAC9B,OACF,CAAC,KAAAL,cAAA,GAAAY,CAAA,UAED,GAAI,CAAAkB,OAAO,EAAA9B,cAAA,GAAAK,CAAA,OAAG,GAAI,CAAA0B,cAAc,CAAC,CAAC,EAAC/B,cAAA,GAAAK,CAAA,OACnCyB,OAAO,CAACE,IAAI,CAAC,MAAM,CAAE,iBAAiB,CAAE,IAAI,CAAC,CAAChC,cAAA,GAAAK,CAAA,OAC9CyB,OAAO,CAACG,gBAAgB,CAAC,cAAc,CAAE,kBAAkB,CAAC,CAACjC,cAAA,GAAAK,CAAA,OAC7DyB,OAAO,CAACI,MAAM,CAAG,UAAY,CAAAlC,cAAA,GAAAG,CAAA,MAAAH,cAAA,GAAAK,CAAA,OAC3BgB,QAAQ,CAAGc,IAAI,CAACC,KAAK,CAACN,OAAO,CAACO,YAAY,CAAC,CAACrC,cAAA,GAAAK,CAAA,OAC5CS,OAAO,CAACC,GAAG,CAACM,QAAQ,CAAC,CAACrB,cAAA,GAAAK,CAAA,OACtB,GAAIgB,QAAQ,CAACiB,OAAO,EAAIC,SAAS,CAAE,CAAAvC,cAAA,GAAAY,CAAA,SAAAZ,cAAA,GAAAK,CAAA,OACjCQ,KAAK,CAAC,mBAAmB,CAAC,CAC5B,CAAC,IAAM,CAAAb,cAAA,GAAAY,CAAA,SAAAZ,cAAA,GAAAK,CAAA,OACLQ,KAAK,CAAC,0BAA0B,CAAC,CACnC,CACF,CAAC,CAACb,cAAA,GAAAK,CAAA,OACFyB,OAAO,CAACU,IAAI,CAACL,IAAI,CAACM,SAAS,CAACnB,QAAQ,CAAC,CAAC,CACxC"},"all":true},"C:\\Users\\Lenovo\\Documents\\DVOPS_Projects\\CG-Finance-Website\\public\\instrumented\\js\\editRetirement.js":{"path":"C:\\Users\\Lenovo\\Documents\\DVOPS_Projects\\CG-Finance-Website\\public\\instrumented\\js\\editRetirement.js","statementMap":{"0":{"start":{"line":1,"column":35},"end":{"line":1,"column":132}},"1":{"start":{"line":1,"column":142},"end":{"line":1,"column":184}},"2":{"start":{"line":1,"column":196},"end":{"line":1,"column":225}},"3":{"start":{"line":1,"column":234},"end":{"line":1,"column":248}},"4":{"start":{"line":1,"column":266},"end":{"line":1,"column":7305}},"5":{"start":{"line":1,"column":7319},"end":{"line":1,"column":7348}},"6":{"start":{"line":1,"column":7349},"end":{"line":1,"column":7426}},"7":{"start":{"line":1,"column":7397},"end":{"line":1,"column":7425}},"8":{"start":{"line":1,"column":7445},"end":{"line":1,"column":7459}},"9":{"start":{"line":2,"column":0},"end":{"line":2,"column":50}},"10":{"start":{"line":2,"column":26},"end":{"line":2,"column":48}},"11":{"start":{"line":2,"column":51},"end":{"line":2,"column":73}},"12":{"start":{"line":2,"column":74},"end":{"line":2,"column":91}},"13":{"start":{"line":3,"column":34},"end":{"line":3,"column":58}},"14":{"start":{"line":3,"column":77},"end":{"line":3,"column":123}},"15":{"start":{"line":3,"column":142},"end":{"line":3,"column":198}},"16":{"start":{"line":3,"column":200},"end":{"line":3,"column":224}},"17":{"start":{"line":3,"column":224},"end":{"line":3,"column":262}},"18":{"start":{"line":4,"column":20},"end":{"line":4,"column":68}},"19":{"start":{"line":4,"column":70},"end":{"line":4,"column":94}},"20":{"start":{"line":4,"column":94},"end":{"line":4,"column":137}},"21":{"start":{"line":4,"column":189},"end":{"line":4,"column":213}},"22":{"start":{"line":4,"column":213},"end":{"line":4,"column":237}},"23":{"start":{"line":4,"column":237},"end":{"line":8,"column":46}},"24":{"start":{"line":4,"column":275},"end":{"line":4,"column":299}},"25":{"start":{"line":4,"column":312},"end":{"line":4,"column":356}},"26":{"start":{"line":4,"column":358},"end":{"line":4,"column":382}},"27":{"start":{"line":4,"column":382},"end":{"line":4,"column":426}},"28":{"start":{"line":4,"column":426},"end":{"line":4,"column":450}},"29":{"start":{"line":4,"column":450},"end":{"line":4,"column":510}},"30":{"start":{"line":4,"column":510},"end":{"line":4,"column":534}},"31":{"start":{"line":4,"column":534},"end":{"line":8,"column":3}},"32":{"start":{"line":4,"column":560},"end":{"line":4,"column":584}},"33":{"start":{"line":4,"column":584},"end":{"line":4,"column":609}},"34":{"start":{"line":4,"column":609},"end":{"line":8,"column":1}},"35":{"start":{"line":4,"column":627},"end":{"line":4,"column":684}},"36":{"start":{"line":4,"column":686},"end":{"line":4,"column":711}},"37":{"start":{"line":4,"column":711},"end":{"line":4,"column":733}},"38":{"start":{"line":4,"column":733},"end":{"line":4,"column":758}},"39":{"start":{"line":4,"column":758},"end":{"line":6,"column":67}},"40":{"start":{"line":4,"column":769},"end":{"line":4,"column":795}},"41":{"start":{"line":4,"column":820},"end":{"line":4,"column":845}},"42":{"start":{"line":4,"column":845},"end":{"line":6,"column":66}},"43":{"start":{"line":4,"column":879},"end":{"line":4,"column":906}},"44":{"start":{"line":4,"column":906},"end":{"line":4,"column":931}},"45":{"start":{"line":4,"column":931},"end":{"line":4,"column":956}},"46":{"start":{"line":4,"column":956},"end":{"line":4,"column":981}},"47":{"start":{"line":4,"column":981},"end":{"line":4,"column":1043}},"48":{"start":{"line":4,"column":1043},"end":{"line":4,"column":1068}},"49":{"start":{"line":4,"column":1068},"end":{"line":4,"column":1141}},"50":{"start":{"line":4,"column":1141},"end":{"line":4,"column":1166}},"51":{"start":{"line":4,"column":1166},"end":{"line":4,"column":1245}},"52":{"start":{"line":4,"column":1245},"end":{"line":4,"column":1270}},"53":{"start":{"line":4,"column":1270},"end":{"line":4,"column":1340}},"54":{"start":{"line":4,"column":1367},"end":{"line":4,"column":1462}},"55":{"start":{"line":4,"column":1464},"end":{"line":4,"column":1489}},"56":{"start":{"line":4,"column":1489},"end":{"line":4,"column":1545}},"57":{"start":{"line":4,"column":1545},"end":{"line":4,"column":1570}},"58":{"start":{"line":4,"column":1570},"end":{"line":4,"column":1662}},"59":{"start":{"line":5,"column":26},"end":{"line":5,"column":114}},"60":{"start":{"line":5,"column":116},"end":{"line":5,"column":141}},"61":{"start":{"line":5,"column":141},"end":{"line":5,"column":196}},"62":{"start":{"line":5,"column":196},"end":{"line":5,"column":221}},"63":{"start":{"line":5,"column":221},"end":{"line":5,"column":311}},"64":{"start":{"line":5,"column":311},"end":{"line":5,"column":336}},"65":{"start":{"line":5,"column":336},"end":{"line":5,"column":357}},"66":{"start":{"line":6,"column":0},"end":{"line":6,"column":25}},"67":{"start":{"line":6,"column":25},"end":{"line":6,"column":32}},"68":{"start":{"line":6,"column":38},"end":{"line":6,"column":65}},"69":{"start":{"line":6,"column":67},"end":{"line":6,"column":92}},"70":{"start":{"line":6,"column":92},"end":{"line":6,"column":134}},"71":{"start":{"line":7,"column":14},"end":{"line":7,"column":39}},"72":{"start":{"line":7,"column":39},"end":{"line":7,"column":53}},"73":{"start":{"line":8,"column":3},"end":{"line":8,"column":28}},"74":{"start":{"line":8,"column":28},"end":{"line":8,"column":43}},"75":{"start":{"line":9,"column":30},"end":{"line":9,"column":54}},"76":{"start":{"line":9,"column":54},"end":{"line":9,"column":79}},"77":{"start":{"line":9,"column":79},"end":{"line":11,"column":22}},"78":{"start":{"line":9,"column":105},"end":{"line":9,"column":171}},"79":{"start":{"line":10,"column":0},"end":{"line":10,"column":25}},"80":{"start":{"line":10,"column":25},"end":{"line":10,"column":53}},"81":{"start":{"line":10,"column":67},"end":{"line":10,"column":92}},"82":{"start":{"line":11,"column":0},"end":{"line":11,"column":21}},"83":{"start":{"line":11,"column":23},"end":{"line":11,"column":48}},"84":{"start":{"line":11,"column":48},"end":{"line":11,"column":63}},"85":{"start":{"line":11,"column":88},"end":{"line":11,"column":112}},"86":{"start":{"line":11,"column":123},"end":{"line":11,"column":191}},"87":{"start":{"line":11,"column":209},"end":{"line":11,"column":282}},"88":{"start":{"line":11,"column":303},"end":{"line":11,"column":379}},"89":{"start":{"line":11,"column":396},"end":{"line":11,"column":468}},"90":{"start":{"line":11,"column":470},"end":{"line":11,"column":495}},"91":{"start":{"line":11,"column":495},"end":{"line":11,"column":514}},"92":{"start":{"line":11,"column":514},"end":{"line":11,"column":539}},"93":{"start":{"line":11,"column":539},"end":{"line":11,"column":563}},"94":{"start":{"line":11,"column":563},"end":{"line":11,"column":588}},"95":{"start":{"line":11,"column":588},"end":{"line":11,"column":615}},"96":{"start":{"line":11,"column":615},"end":{"line":11,"column":640}},"97":{"start":{"line":11,"column":640},"end":{"line":11,"column":663}},"98":{"start":{"line":12,"column":27},"end":{"line":12,"column":96}},"99":{"start":{"line":12,"column":98},"end":{"line":12,"column":123}},"100":{"start":{"line":12,"column":123},"end":{"line":12,"column":179}},"101":{"start":{"line":12,"column":179},"end":{"line":12,"column":204}},"102":{"start":{"line":12,"column":204},"end":{"line":12,"column":296}},"103":{"start":{"line":13,"column":26},"end":{"line":13,"column":102}},"104":{"start":{"line":13,"column":104},"end":{"line":13,"column":129}},"105":{"start":{"line":13,"column":129},"end":{"line":13,"column":184}},"106":{"start":{"line":13,"column":184},"end":{"line":13,"column":209}},"107":{"start":{"line":13,"column":209},"end":{"line":13,"column":299}},"108":{"start":{"line":13,"column":313},"end":{"line":13,"column":340}},"109":{"start":{"line":13,"column":356},"end":{"line":13,"column":393}},"110":{"start":{"line":13,"column":395},"end":{"line":13,"column":420}},"111":{"start":{"line":13,"column":420},"end":{"line":13,"column":479}},"112":{"start":{"line":13,"column":479},"end":{"line":13,"column":504}},"113":{"start":{"line":13,"column":504},"end":{"line":13,"column":574}},"114":{"start":{"line":13,"column":574},"end":{"line":13,"column":599}},"115":{"start":{"line":13,"column":599},"end":{"line":13,"column":675}},"116":{"start":{"line":13,"column":675},"end":{"line":13,"column":700}},"117":{"start":{"line":13,"column":700},"end":{"line":13,"column":767}},"118":{"start":{"line":13,"column":767},"end":{"line":13,"column":792}},"119":{"start":{"line":13,"column":792},"end":{"line":13,"column":839}},"120":{"start":{"line":13,"column":839},"end":{"line":13,"column":864}},"121":{"start":{"line":13,"column":864},"end":{"line":13,"column":914}},"122":{"start":{"line":13,"column":914},"end":{"line":13,"column":939}},"123":{"start":{"line":13,"column":939},"end":{"line":13,"column":1006}},"124":{"start":{"line":13,"column":1006},"end":{"line":13,"column":1031}},"125":{"start":{"line":13,"column":1031},"end":{"line":13,"column":1507}},"126":{"start":{"line":13,"column":1359},"end":{"line":13,"column":1386}},"127":{"start":{"line":13,"column":1386},"end":{"line":13,"column":1411}},"128":{"start":{"line":13,"column":1411},"end":{"line":13,"column":1441}},"129":{"start":{"line":13,"column":1441},"end":{"line":13,"column":1466}},"130":{"start":{"line":13,"column":1466},"end":{"line":13,"column":1473}},"131":{"start":{"line":13,"column":1479},"end":{"line":13,"column":1506}},"132":{"start":{"line":13,"column":1520},"end":{"line":13,"column":1565}},"133":{"start":{"line":13,"column":1567},"end":{"line":13,"column":1592}},"134":{"start":{"line":13,"column":1592},"end":{"line":13,"column":1650}},"135":{"start":{"line":13,"column":1650},"end":{"line":13,"column":1675}},"136":{"start":{"line":13,"column":1675},"end":{"line":13,"column":1735}},"137":{"start":{"line":13,"column":1735},"end":{"line":13,"column":1760}},"138":{"start":{"line":13,"column":1760},"end":{"line":13,"column":2157}},"139":{"start":{"line":13,"column":1786},"end":{"line":13,"column":1810}},"140":{"start":{"line":13,"column":1810},"end":{"line":13,"column":1835}},"141":{"start":{"line":13,"column":1835},"end":{"line":13,"column":1877}},"142":{"start":{"line":13,"column":1877},"end":{"line":13,"column":1902}},"143":{"start":{"line":13,"column":1902},"end":{"line":13,"column":1924}},"144":{"start":{"line":13,"column":1924},"end":{"line":13,"column":1949}},"145":{"start":{"line":13,"column":1949},"end":{"line":13,"column":2155}},"146":{"start":{"line":13,"column":1981},"end":{"line":13,"column":2008}},"147":{"start":{"line":13,"column":2008},"end":{"line":13,"column":2033}},"148":{"start":{"line":13,"column":2033},"end":{"line":13,"column":2061}},"149":{"start":{"line":13,"column":2067},"end":{"line":13,"column":2094}},"150":{"start":{"line":13,"column":2094},"end":{"line":13,"column":2119}},"151":{"start":{"line":13,"column":2119},"end":{"line":13,"column":2154}},"152":{"start":{"line":13,"column":2157},"end":{"line":13,"column":2182}},"153":{"start":{"line":13,"column":2182},"end":{"line":13,"column":2221}}},"fnMap":{"0":{"name":"cov_2lymlb0x1p","decl":{"start":{"line":1,"column":9},"end":{"line":1,"column":23}},"loc":{"start":{"line":1,"column":25},"end":{"line":2,"column":74}},"line":1},"1":{"name":"(anonymous_1)","decl":{"start":{"line":2,"column":15},"end":{"line":2,"column":16}},"loc":{"start":{"line":2,"column":25},"end":{"line":2,"column":49}},"line":2},"2":{"name":"getRetirementIdFromUrl","decl":{"start":{"line":3,"column":9},"end":{"line":3,"column":31}},"loc":{"start":{"line":3,"column":33},"end":{"line":3,"column":263}},"line":3},"3":{"name":"getSpecificRetirement","decl":{"start":{"line":4,"column":152},"end":{"line":4,"column":173}},"loc":{"start":{"line":4,"column":188},"end":{"line":8,"column":47}},"line":4},"4":{"name":"(anonymous_4)","decl":{"start":{"line":4,"column":256},"end":{"line":4,"column":257}},"loc":{"start":{"line":4,"column":274},"end":{"line":8,"column":44}},"line":4},"5":{"name":"(anonymous_5)","decl":{"start":{"line":4,"column":549},"end":{"line":4,"column":550}},"loc":{"start":{"line":4,"column":559},"end":{"line":8,"column":2}},"line":4},"6":{"name":"exampleUsage","decl":{"start":{"line":9,"column":15},"end":{"line":9,"column":27}},"loc":{"start":{"line":9,"column":29},"end":{"line":11,"column":23}},"line":9},"7":{"name":"calculateEdit","decl":{"start":{"line":11,"column":72},"end":{"line":11,"column":85}},"loc":{"start":{"line":11,"column":87},"end":{"line":13,"column":2222}},"line":11},"8":{"name":"(anonymous_8)","decl":{"start":{"line":13,"column":1775},"end":{"line":13,"column":1776}},"loc":{"start":{"line":13,"column":1785},"end":{"line":13,"column":2156}},"line":13}},"branchMap":{"0":{"loc":{"start":{"line":1,"column":7319},"end":{"line":1,"column":7348}},"type":"binary-expr","locations":[{"start":{"line":1,"column":7319},"end":{"line":1,"column":7330}},{"start":{"line":1,"column":7333},"end":{"line":1,"column":7347}}],"line":1},"1":{"loc":{"start":{"line":1,"column":7349},"end":{"line":1,"column":7426}},"type":"if","locations":[{"start":{"line":1,"column":7349},"end":{"line":1,"column":7426}},{"start":{"line":1,"column":7349},"end":{"line":1,"column":7426}}],"line":1},"2":{"loc":{"start":{"line":1,"column":7352},"end":{"line":1,"column":7395}},"type":"binary-expr","locations":[{"start":{"line":1,"column":7352},"end":{"line":1,"column":7367}},{"start":{"line":1,"column":7369},"end":{"line":1,"column":7395}}],"line":1},"3":{"loc":{"start":{"line":4,"column":845},"end":{"line":6,"column":66}},"type":"if","locations":[{"start":{"line":4,"column":845},"end":{"line":6,"column":66}},{"start":{"line":4,"column":845},"end":{"line":6,"column":66}}],"line":4},"4":{"loc":{"start":{"line":13,"column":1031},"end":{"line":13,"column":1507}},"type":"if","locations":[{"start":{"line":13,"column":1031},"end":{"line":13,"column":1507}},{"start":{"line":13,"column":1031},"end":{"line":13,"column":1507}}],"line":13},"5":{"loc":{"start":{"line":13,"column":1034},"end":{"line":13,"column":1357}},"type":"binary-expr","locations":[{"start":{"line":13,"column":1035},"end":{"line":13,"column":1080}},{"start":{"line":13,"column":1084},"end":{"line":13,"column":1135}},{"start":{"line":13,"column":1139},"end":{"line":13,"column":1193}},{"start":{"line":13,"column":1197},"end":{"line":13,"column":1246}},{"start":{"line":13,"column":1250},"end":{"line":13,"column":1308}},{"start":{"line":13,"column":1312},"end":{"line":13,"column":1356}}],"line":13},"6":{"loc":{"start":{"line":13,"column":1949},"end":{"line":13,"column":2155}},"type":"if","locations":[{"start":{"line":13,"column":1949},"end":{"line":13,"column":2155}},{"start":{"line":13,"column":1949},"end":{"line":13,"column":2155}}],"line":13}},"s":{"0":0,"1":0,"2":0,"3":0,"4":0,"5":0,"6":0,"7":0,"8":0,"9":0,"10":0,"11":0,"12":0,"13":0,"14":0,"15":0,"16":0,"17":0,"18":0,"19":0,"20":0,"21":0,"22":0,"23":0,"24":0,"25":0,"26":0,"27":0,"28":0,"29":0,"30":0,"31":0,"32":0,"33":0,"34":0,"35":0,"36":0,"37":0,"38":0,"39":0,"40":0,"41":0,"42":0,"43":0,"44":0,"45":0,"46":0,"47":0,"48":0,"49":0,"50":0,"51":0,"52":0,"53":0,"54":0,"55":0,"56":0,"57":0,"58":0,"59":0,"60":0,"61":0,"62":0,"63":0,"64":0,"65":0,"66":0,"67":0,"68":0,"69":0,"70":0,"71":0,"72":0,"73":0,"74":0,"75":0,"76":0,"77":0,"78":0,"79":0,"80":0,"81":0,"82":0,"83":0,"84":0,"85":0,"86":0,"87":0,"88":0,"89":0,"90":0,"91":0,"92":0,"93":0,"94":0,"95":0,"96":0,"97":0,"98":0,"99":0,"100":0,"101":0,"102":0,"103":0,"104":0,"105":0,"106":0,"107":0,"108":0,"109":0,"110":0,"111":0,"112":0,"113":0,"114":0,"115":0,"116":0,"117":0,"118":0,"119":0,"120":0,"121":0,"122":0,"123":0,"124":0,"125":0,"126":0,"127":0,"128":0,"129":0,"130":0,"131":0,"132":0,"133":0,"134":0,"135":0,"136":0,"137":0,"138":0,"139":0,"140":0,"141":0,"142":0,"143":0,"144":0,"145":0,"146":0,"147":0,"148":0,"149":0,"150":0,"151":0,"152":0,"153":0},"f":{"0":0,"1":0,"2":0,"3":0,"4":0,"5":0,"6":0,"7":0,"8":0},"b":{"0":[0,0],"1":[0,0],"2":[0,0],"3":[0,0],"4":[0,0],"5":[0,0,0,0,0,0],"6":[0,0]},"inputSourceMap":{"version":3,"names":["cov_2lymlb0x1p","actualCoverage","getRetirementIdFromUrl","f","queryString","s","window","location","search","urlParams","URLSearchParams","get","retirementId","console","log","getSpecificRetirement","retirement_id","Promise","resolve","reject","request","XMLHttpRequest","open","setRequestHeader","onload","response","JSON","parse","responseText","i","length","id","b","document","getElementById","value","title","current_age","retirement_age","fund_goal","years_to_retirement","parseInt","textContent","annual_saving_goal","parseFloat","Error","error","send","exampleUsage","retirementData","calculateEdit","currentAge","retirementAge","fundGoals","jsonData","Object","user","sessionStorage","getItem","alert","message","undefined","stringify"],"sources":["editRetirement.js"],"sourcesContent":["// Function to get the retirement_id from the URL\r\nfunction getRetirementIdFromUrl() {\r\n  const queryString = window.location.search;\r\n  const urlParams = new URLSearchParams(queryString);\r\n  return urlParams.get(\"retirement_id\");\r\n}\r\n\r\n// Example usage\r\nconst retirementId = getRetirementIdFromUrl();\r\nconsole.log(\"Retirement ID:\", retirementId);\r\nasync function getSpecificRetirement(retirement_id) {\r\n  return new Promise((resolve, reject) => {\r\n    var request = new XMLHttpRequest();\r\n    request.open(\"GET\", \"/view-retirement\", true);\r\n    request.setRequestHeader(\"Content-Type\", \"application/json\");\r\n\r\n    request.onload = function () {\r\n      try {\r\n        var response = JSON.parse(request.responseText);\r\n        console.log(response);\r\n        for (var i = 0; i < response.length; i++) {\r\n          if (response[i].id == retirement_id) {\r\n            console.log(response[i]);\r\n            document.getElementById(\"edit_title\").value = response[i].title;\r\n            document.getElementById(\"edit_currentAge\").value =\r\n              response[i].current_age;\r\n            document.getElementById(\"edit_retirementAge\").value =\r\n              response[i].retirement_age;\r\n            document.getElementById(\"edit_fundGoals\").value =\r\n              response[i].fund_goal;\r\n\r\n            const years_to_retirement =\r\n              parseInt(response[i].retirement_age) -\r\n              parseInt(response[i].current_age);\r\n            console.log(\"Year to retirement: \", years_to_retirement);\r\n            document.getElementById(\r\n              \"edit_years_to_retirement_display\"\r\n            ).textContent = years_to_retirement;\r\n\r\n            // Calculating annual saving goal\r\n            const annual_saving_goal =\r\n              parseFloat(response[i].fund_goal) / parseInt(years_to_retirement);\r\n            console.log(\"Annual Saving Goal: \", annual_saving_goal);\r\n            document.getElementById(\r\n              \"edit_annual_saving_goal_display\"\r\n            ).textContent = annual_saving_goal;\r\n\r\n            resolve(response[i]); // Resolve the promise with the found retirement object\r\n            return;\r\n          }\r\n        }\r\n        reject(new Error(\"Retirement not found\")); // Reject the promise if retirement is not found\r\n      } catch (error) {\r\n        reject(error); // Reject the promise if there's an error parsing the response\r\n      }\r\n    };\r\n\r\n    request.send();\r\n  });\r\n}\r\n\r\n// Example of using the asynchronous function\r\nasync function exampleUsage() {\r\n  try {\r\n    const retirementData = await getSpecificRetirement(retirementId);\r\n    // Do something with the retirementData\r\n    console.log(retirementData);\r\n  } catch (error) {\r\n    // Handle errors\r\n    console.error(error);\r\n  }\r\n}\r\n\r\nexampleUsage();\r\n\r\nfunction calculateEdit() {\r\n  let title = document.getElementById(\"edit_title\").value;\r\n  let currentAge = document.getElementById(\"edit_currentAge\").value;\r\n  let retirementAge = document.getElementById(\"edit_retirementAge\").value;\r\n  let fundGoals = document.getElementById(\"edit_fundGoals\").value;\r\n\r\n  console.log(title);\r\n  console.log(currentAge);\r\n  console.log(retirementAge);\r\n  console.log(fundGoals);\r\n\r\n  //Calculating years to retirement\r\n  const years_to_retirement = parseInt(retirementAge) - parseInt(currentAge);\r\n  console.log(\"Year to retirement: \", years_to_retirement);\r\n  document.getElementById(\"edit_years_to_retirement_display\").textContent =\r\n    years_to_retirement;\r\n\r\n  //Calculating annual saving goal\r\n  const annual_saving_goal =\r\n    parseFloat(fundGoals) / parseInt(years_to_retirement);\r\n  console.log(\"Annual Saving Goal: \", annual_saving_goal);\r\n  document.getElementById(\"edit_annual_saving_goal_display\").textContent =\r\n    annual_saving_goal;\r\n\r\n  var response = \"\";\r\n  var jsonData = new Object();\r\n  jsonData.title = document.getElementById(\"edit_title\").value;\r\n  jsonData.current_age = document.getElementById(\"edit_currentAge\").value;\r\n  jsonData.retirement_age = document.getElementById(\"edit_retirementAge\").value;\r\n  jsonData.fund_goal = document.getElementById(\"edit_fundGoals\").value;\r\n  jsonData.annual_saving_goal = annual_saving_goal;\r\n  jsonData.user = sessionStorage.getItem(\"Useremail\");\r\n\r\n  console.log(\"Annual saving goal is: \", jsonData.annual_saving_goal);\r\n  if (\r\n    jsonData.title == \"\" ||\r\n    jsonData.current_age == \"\" ||\r\n    jsonData.retirement_age == \"\" ||\r\n    jsonData.fund_goal == \"\" ||\r\n    jsonData.annual_saving_goal == \"\" ||\r\n    jsonData.user == \"\"\r\n  ) {\r\n    alert(\"All Fields required!\");\r\n    return;\r\n  }\r\n  var request = new XMLHttpRequest();\r\n  request.open(\"PUT\", \"/edit-retirement/\" + retirementId, true);\r\n  request.setRequestHeader(\"Content-Type\", \"application/json\");\r\n  request.onload = function () {\r\n    response = JSON.parse(request.responseText);\r\n    console.log(response);\r\n    if (response.message == undefined) {\r\n      alert(\"Retirement Edited!\");\r\n    } else {\r\n      alert(\"Unable to edit retirement\");\r\n    }\r\n  };\r\n  request.send(JSON.stringify(jsonData));\r\n}\r\n"],"mappings":"qyOAeY;AAAAA,cAAA,SAAAA,CAAA,SAAAC,cAAA,WAAAA,cAAA,EAAAD,cAAA,GAfZ;AACA,QAAS,CAAAE,sBAAsBA,CAAA,CAAG,CAAAF,cAAA,GAAAG,CAAA,MAChC,KAAM,CAAAC,WAAW,EAAAJ,cAAA,GAAAK,CAAA,MAAGC,MAAM,CAACC,QAAQ,CAACC,MAAM,EAC1C,KAAM,CAAAC,SAAS,EAAAT,cAAA,GAAAK,CAAA,MAAG,GAAI,CAAAK,eAAe,CAACN,WAAW,CAAC,EAACJ,cAAA,GAAAK,CAAA,MACnD,MAAO,CAAAI,SAAS,CAACE,GAAG,CAAC,eAAe,CAAC,CACvC,CAEA;AACA,KAAM,CAAAC,YAAY,EAAAZ,cAAA,GAAAK,CAAA,MAAGH,sBAAsB,CAAC,CAAC,EAACF,cAAA,GAAAK,CAAA,MAC9CQ,OAAO,CAACC,GAAG,CAAC,gBAAgB,CAAEF,YAAY,CAAC,CAC3C,cAAe,CAAAG,qBAAqBA,CAACC,aAAa,CAAE,CAAAhB,cAAA,GAAAG,CAAA,MAAAH,cAAA,GAAAK,CAAA,MAClD,MAAO,IAAI,CAAAY,OAAO,CAAC,CAACC,OAAO,CAAEC,MAAM,GAAK,CAAAnB,cAAA,GAAAG,CAAA,MACtC,GAAI,CAAAiB,OAAO,EAAApB,cAAA,GAAAK,CAAA,MAAG,GAAI,CAAAgB,cAAc,CAAC,CAAC,EAACrB,cAAA,GAAAK,CAAA,MACnCe,OAAO,CAACE,IAAI,CAAC,KAAK,CAAE,kBAAkB,CAAE,IAAI,CAAC,CAACtB,cAAA,GAAAK,CAAA,MAC9Ce,OAAO,CAACG,gBAAgB,CAAC,cAAc,CAAE,kBAAkB,CAAC,CAACvB,cAAA,GAAAK,CAAA,MAE7De,OAAO,CAACI,MAAM,CAAG,UAAY,CAAAxB,cAAA,GAAAG,CAAA,MAAAH,cAAA,GAAAK,CAAA,OAC3B,GAAI,CACF,GAAI,CAAAoB,QAAQ,EAAAzB,cAAA,GAAAK,CAAA,OAAGqB,IAAI,CAACC,KAAK,CAACP,OAAO,CAACQ,YAAY,CAAC,EAAC5B,cAAA,GAAAK,CAAA,OAChDQ,OAAO,CAACC,GAAG,CAACW,QAAQ,CAAC,CAACzB,cAAA,GAAAK,CAAA,OACtB,IAAK,GAAI,CAAAwB,CAAC,EAAA7B,cAAA,GAAAK,CAAA,OAAG,CAAC,EAAEwB,CAAC,CAAGJ,QAAQ,CAACK,MAAM,CAAED,CAAC,EAAE,CAAE,CAAA7B,cAAA,GAAAK,CAAA,OACxC,GAAIoB,QAAQ,CAACI,CAAC,CAAC,CAACE,EAAE,EAAIf,aAAa,CAAE,CAAAhB,cAAA,GAAAgC,CAAA,SAAAhC,cAAA,GAAAK,CAAA,OACnCQ,OAAO,CAACC,GAAG,CAACW,QAAQ,CAACI,CAAC,CAAC,CAAC,CAAC7B,cAAA,GAAAK,CAAA,OACzB4B,QAAQ,CAACC,cAAc,CAAC,YAAY,CAAC,CAACC,KAAK,CAAGV,QAAQ,CAACI,CAAC,CAAC,CAACO,KAAK,CAACpC,cAAA,GAAAK,CAAA,OAChE4B,QAAQ,CAACC,cAAc,CAAC,iBAAiB,CAAC,CAACC,KAAK,CAC9CV,QAAQ,CAACI,CAAC,CAAC,CAACQ,WAAW,CAACrC,cAAA,GAAAK,CAAA,OAC1B4B,QAAQ,CAACC,cAAc,CAAC,oBAAoB,CAAC,CAACC,KAAK,CACjDV,QAAQ,CAACI,CAAC,CAAC,CAACS,cAAc,CAACtC,cAAA,GAAAK,CAAA,OAC7B4B,QAAQ,CAACC,cAAc,CAAC,gBAAgB,CAAC,CAACC,KAAK,CAC7CV,QAAQ,CAACI,CAAC,CAAC,CAACU,SAAS,CAEvB,KAAM,CAAAC,mBAAmB,EAAAxC,cAAA,GAAAK,CAAA,OACvBoC,QAAQ,CAAChB,QAAQ,CAACI,CAAC,CAAC,CAACS,cAAc,CAAC,CACpCG,QAAQ,CAAChB,QAAQ,CAACI,CAAC,CAAC,CAACQ,WAAW,CAAC,EAACrC,cAAA,GAAAK,CAAA,OACpCQ,OAAO,CAACC,GAAG,CAAC,sBAAsB,CAAE0B,mBAAmB,CAAC,CAACxC,cAAA,GAAAK,CAAA,OACzD4B,QAAQ,CAACC,cAAc,CACrB,kCACF,CAAC,CAACQ,WAAW,CAAGF,mBAAmB,CAEnC;AACA,KAAM,CAAAG,kBAAkB,EAAA3C,cAAA,GAAAK,CAAA,OACtBuC,UAAU,CAACnB,QAAQ,CAACI,CAAC,CAAC,CAACU,SAAS,CAAC,CAAGE,QAAQ,CAACD,mBAAmB,CAAC,EAACxC,cAAA,GAAAK,CAAA,OACpEQ,OAAO,CAACC,GAAG,CAAC,sBAAsB,CAAE6B,kBAAkB,CAAC,CAAC3C,cAAA,GAAAK,CAAA,OACxD4B,QAAQ,CAACC,cAAc,CACrB,iCACF,CAAC,CAACQ,WAAW,CAAGC,kBAAkB,CAAC3C,cAAA,GAAAK,CAAA,OAEnCa,OAAO,CAACO,QAAQ,CAACI,CAAC,CAAC,CAAC,CAAE;AAAA7B,cAAA,GAAAK,CAAA,OACtB,OACF,CAAC,KAAAL,cAAA,GAAAgC,CAAA,UACH,CAAChC,cAAA,GAAAK,CAAA,OACDc,MAAM,CAAC,GAAI,CAAA0B,KAAK,CAAC,sBAAsB,CAAC,CAAC,CAAE;AAC7C,CAAE,MAAOC,KAAK,CAAE,CAAA9C,cAAA,GAAAK,CAAA,OACdc,MAAM,CAAC2B,KAAK,CAAC,CAAE;AACjB,CACF,CAAC,CAAC9C,cAAA,GAAAK,CAAA,OAEFe,OAAO,CAAC2B,IAAI,CAAC,CAAC,CAChB,CAAC,CAAC,CACJ,CAEA;AACA,cAAe,CAAAC,YAAYA,CAAA,CAAG,CAAAhD,cAAA,GAAAG,CAAA,MAAAH,cAAA,GAAAK,CAAA,OAC5B,GAAI,CACF,KAAM,CAAA4C,cAAc,EAAAjD,cAAA,GAAAK,CAAA,OAAG,KAAM,CAAAU,qBAAqB,CAACH,YAAY,CAAC,EAChE;AAAAZ,cAAA,GAAAK,CAAA,OACAQ,OAAO,CAACC,GAAG,CAACmC,cAAc,CAAC,CAC7B,CAAE,MAAOH,KAAK,CAAE,CAAA9C,cAAA,GAAAK,CAAA,OACd;AACAQ,OAAO,CAACiC,KAAK,CAACA,KAAK,CAAC,CACtB,CACF,CAAC9C,cAAA,GAAAK,CAAA,OAED2C,YAAY,CAAC,CAAC,CAEd,QAAS,CAAAE,aAAaA,CAAA,CAAG,CAAAlD,cAAA,GAAAG,CAAA,MACvB,GAAI,CAAAiC,KAAK,EAAApC,cAAA,GAAAK,CAAA,OAAG4B,QAAQ,CAACC,cAAc,CAAC,YAAY,CAAC,CAACC,KAAK,EACvD,GAAI,CAAAgB,UAAU,EAAAnD,cAAA,GAAAK,CAAA,OAAG4B,QAAQ,CAACC,cAAc,CAAC,iBAAiB,CAAC,CAACC,KAAK,EACjE,GAAI,CAAAiB,aAAa,EAAApD,cAAA,GAAAK,CAAA,OAAG4B,QAAQ,CAACC,cAAc,CAAC,oBAAoB,CAAC,CAACC,KAAK,EACvE,GAAI,CAAAkB,SAAS,EAAArD,cAAA,GAAAK,CAAA,OAAG4B,QAAQ,CAACC,cAAc,CAAC,gBAAgB,CAAC,CAACC,KAAK,EAACnC,cAAA,GAAAK,CAAA,OAEhEQ,OAAO,CAACC,GAAG,CAACsB,KAAK,CAAC,CAACpC,cAAA,GAAAK,CAAA,OACnBQ,OAAO,CAACC,GAAG,CAACqC,UAAU,CAAC,CAACnD,cAAA,GAAAK,CAAA,OACxBQ,OAAO,CAACC,GAAG,CAACsC,aAAa,CAAC,CAACpD,cAAA,GAAAK,CAAA,OAC3BQ,OAAO,CAACC,GAAG,CAACuC,SAAS,CAAC,CAEtB;AACA,KAAM,CAAAb,mBAAmB,EAAAxC,cAAA,GAAAK,CAAA,OAAGoC,QAAQ,CAACW,aAAa,CAAC,CAAGX,QAAQ,CAACU,UAAU,CAAC,EAACnD,cAAA,GAAAK,CAAA,OAC3EQ,OAAO,CAACC,GAAG,CAAC,sBAAsB,CAAE0B,mBAAmB,CAAC,CAACxC,cAAA,GAAAK,CAAA,OACzD4B,QAAQ,CAACC,cAAc,CAAC,kCAAkC,CAAC,CAACQ,WAAW,CACrEF,mBAAmB,CAErB;AACA,KAAM,CAAAG,kBAAkB,EAAA3C,cAAA,GAAAK,CAAA,OACtBuC,UAAU,CAACS,SAAS,CAAC,CAAGZ,QAAQ,CAACD,mBAAmB,CAAC,EAACxC,cAAA,GAAAK,CAAA,OACxDQ,OAAO,CAACC,GAAG,CAAC,sBAAsB,CAAE6B,kBAAkB,CAAC,CAAC3C,cAAA,GAAAK,CAAA,OACxD4B,QAAQ,CAACC,cAAc,CAAC,iCAAiC,CAAC,CAACQ,WAAW,CACpEC,kBAAkB,CAEpB,GAAI,CAAAlB,QAAQ,EAAAzB,cAAA,GAAAK,CAAA,OAAG,EAAE,EACjB,GAAI,CAAAiD,QAAQ,EAAAtD,cAAA,GAAAK,CAAA,OAAG,GAAI,CAAAkD,MAAM,CAAC,CAAC,EAACvD,cAAA,GAAAK,CAAA,OAC5BiD,QAAQ,CAAClB,KAAK,CAAGH,QAAQ,CAACC,cAAc,CAAC,YAAY,CAAC,CAACC,KAAK,CAACnC,cAAA,GAAAK,CAAA,OAC7DiD,QAAQ,CAACjB,WAAW,CAAGJ,QAAQ,CAACC,cAAc,CAAC,iBAAiB,CAAC,CAACC,KAAK,CAACnC,cAAA,GAAAK,CAAA,OACxEiD,QAAQ,CAAChB,cAAc,CAAGL,QAAQ,CAACC,cAAc,CAAC,oBAAoB,CAAC,CAACC,KAAK,CAACnC,cAAA,GAAAK,CAAA,OAC9EiD,QAAQ,CAACf,SAAS,CAAGN,QAAQ,CAACC,cAAc,CAAC,gBAAgB,CAAC,CAACC,KAAK,CAACnC,cAAA,GAAAK,CAAA,OACrEiD,QAAQ,CAACX,kBAAkB,CAAGA,kBAAkB,CAAC3C,cAAA,GAAAK,CAAA,OACjDiD,QAAQ,CAACE,IAAI,CAAGC,cAAc,CAACC,OAAO,CAAC,WAAW,CAAC,CAAC1D,cAAA,GAAAK,CAAA,OAEpDQ,OAAO,CAACC,GAAG,CAAC,yBAAyB,CAAEwC,QAAQ,CAACX,kBAAkB,CAAC,CAAC3C,cAAA,GAAAK,CAAA,OACpE,GACE,CAAAL,cAAA,GAAAgC,CAAA,SAAAsB,QAAQ,CAAClB,KAAK,EAAI,EAAE,IAAApC,cAAA,GAAAgC,CAAA,SACpBsB,QAAQ,CAACjB,WAAW,EAAI,EAAE,IAAArC,cAAA,GAAAgC,CAAA,SAC1BsB,QAAQ,CAAChB,cAAc,EAAI,EAAE,IAAAtC,cAAA,GAAAgC,CAAA,SAC7BsB,QAAQ,CAACf,SAAS,EAAI,EAAE,IAAAvC,cAAA,GAAAgC,CAAA,SACxBsB,QAAQ,CAACX,kBAAkB,EAAI,EAAE,IAAA3C,cAAA,GAAAgC,CAAA,SACjCsB,QAAQ,CAACE,IAAI,EAAI,EAAE,EACnB,CAAAxD,cAAA,GAAAgC,CAAA,SAAAhC,cAAA,GAAAK,CAAA,OACAsD,KAAK,CAAC,sBAAsB,CAAC,CAAC3D,cAAA,GAAAK,CAAA,OAC9B,OACF,CAAC,KAAAL,cAAA,GAAAgC,CAAA,UACD,GAAI,CAAAZ,OAAO,EAAApB,cAAA,GAAAK,CAAA,OAAG,GAAI,CAAAgB,cAAc,CAAC,CAAC,EAACrB,cAAA,GAAAK,CAAA,OACnCe,OAAO,CAACE,IAAI,CAAC,KAAK,CAAE,mBAAmB,CAAGV,YAAY,CAAE,IAAI,CAAC,CAACZ,cAAA,GAAAK,CAAA,OAC9De,OAAO,CAACG,gBAAgB,CAAC,cAAc,CAAE,kBAAkB,CAAC,CAACvB,cAAA,GAAAK,CAAA,OAC7De,OAAO,CAACI,MAAM,CAAG,UAAY,CAAAxB,cAAA,GAAAG,CAAA,MAAAH,cAAA,GAAAK,CAAA,OAC3BoB,QAAQ,CAAGC,IAAI,CAACC,KAAK,CAACP,OAAO,CAACQ,YAAY,CAAC,CAAC5B,cAAA,GAAAK,CAAA,OAC5CQ,OAAO,CAACC,GAAG,CAACW,QAAQ,CAAC,CAACzB,cAAA,GAAAK,CAAA,OACtB,GAAIoB,QAAQ,CAACmC,OAAO,EAAIC,SAAS,CAAE,CAAA7D,cAAA,GAAAgC,CAAA,SAAAhC,cAAA,GAAAK,CAAA,OACjCsD,KAAK,CAAC,oBAAoB,CAAC,CAC7B,CAAC,IAAM,CAAA3D,cAAA,GAAAgC,CAAA,SAAAhC,cAAA,GAAAK,CAAA,OACLsD,KAAK,CAAC,2BAA2B,CAAC,CACpC,CACF,CAAC,CAAC3D,cAAA,GAAAK,CAAA,OACFe,OAAO,CAAC2B,IAAI,CAACrB,IAAI,CAACoC,SAAS,CAACR,QAAQ,CAAC,CAAC,CACxC"},"all":true},"C:\\Users\\Lenovo\\Documents\\DVOPS_Projects\\CG-Finance-Website\\public\\instrumented\\js\\home.js":{"path":"C:\\Users\\Lenovo\\Documents\\DVOPS_Projects\\CG-Finance-Website\\public\\instrumented\\js\\home.js","statementMap":{"0":{"start":{"line":1,"column":35},"end":{"line":1,"column":122}},"1":{"start":{"line":1,"column":132},"end":{"line":1,"column":174}},"2":{"start":{"line":1,"column":186},"end":{"line":1,"column":215}},"3":{"start":{"line":1,"column":224},"end":{"line":1,"column":238}},"4":{"start":{"line":1,"column":256},"end":{"line":1,"column":2064}},"5":{"start":{"line":1,"column":2078},"end":{"line":1,"column":2107}},"6":{"start":{"line":1,"column":2108},"end":{"line":1,"column":2185}},"7":{"start":{"line":1,"column":2156},"end":{"line":1,"column":2184}},"8":{"start":{"line":1,"column":2204},"end":{"line":1,"column":2218}},"9":{"start":{"line":2,"column":0},"end":{"line":2,"column":50}},"10":{"start":{"line":2,"column":26},"end":{"line":2,"column":48}},"11":{"start":{"line":2,"column":51},"end":{"line":2,"column":73}},"12":{"start":{"line":2,"column":74},"end":{"line":2,"column":91}},"13":{"start":{"line":2,"column":115},"end":{"line":2,"column":139}},"14":{"start":{"line":2,"column":153},"end":{"line":2,"column":179}},"15":{"start":{"line":2,"column":194},"end":{"line":2,"column":238}},"16":{"start":{"line":2,"column":240},"end":{"line":2,"column":264}},"17":{"start":{"line":2,"column":264},"end":{"line":2,"column":306}},"18":{"start":{"line":2,"column":306},"end":{"line":2,"column":330}},"19":{"start":{"line":2,"column":330},"end":{"line":2,"column":390}},"20":{"start":{"line":37,"column":22},"end":{"line":37,"column":46}},"21":{"start":{"line":37,"column":60},"end":{"line":37,"column":86}},"22":{"start":{"line":37,"column":102},"end":{"line":37,"column":138}},"23":{"start":{"line":37,"column":140},"end":{"line":37,"column":164}},"24":{"start":{"line":37,"column":164},"end":{"line":37,"column":192}},"25":{"start":{"line":37,"column":192},"end":{"line":37,"column":216}},"26":{"start":{"line":37,"column":216},"end":{"line":37,"column":250}},"27":{"start":{"line":37,"column":250},"end":{"line":37,"column":274}},"28":{"start":{"line":37,"column":274},"end":{"line":37,"column":296}},"29":{"start":{"line":37,"column":296},"end":{"line":37,"column":320}},"30":{"start":{"line":37,"column":320},"end":{"line":37,"column":349}},"31":{"start":{"line":37,"column":362},"end":{"line":37,"column":407}},"32":{"start":{"line":37,"column":409},"end":{"line":37,"column":434}},"33":{"start":{"line":37,"column":434},"end":{"line":37,"column":475}},"34":{"start":{"line":37,"column":475},"end":{"line":37,"column":500}},"35":{"start":{"line":37,"column":500},"end":{"line":37,"column":560}},"36":{"start":{"line":37,"column":560},"end":{"line":37,"column":585}},"37":{"start":{"line":37,"column":585},"end":{"line":37,"column":798}},"38":{"start":{"line":37,"column":611},"end":{"line":37,"column":635}},"39":{"start":{"line":37,"column":635},"end":{"line":37,"column":660}},"40":{"start":{"line":37,"column":660},"end":{"line":37,"column":702}},"41":{"start":{"line":37,"column":702},"end":{"line":37,"column":727}},"42":{"start":{"line":37,"column":727},"end":{"line":37,"column":749}},"43":{"start":{"line":37,"column":749},"end":{"line":37,"column":774}},"44":{"start":{"line":37,"column":774},"end":{"line":37,"column":796}},"45":{"start":{"line":37,"column":798},"end":{"line":37,"column":823}},"46":{"start":{"line":37,"column":823},"end":{"line":37,"column":862}}},"fnMap":{"0":{"name":"cov_24pqt0icbt","decl":{"start":{"line":1,"column":9},"end":{"line":1,"column":23}},"loc":{"start":{"line":1,"column":25},"end":{"line":2,"column":74}},"line":1},"1":{"name":"(anonymous_1)","decl":{"start":{"line":2,"column":15},"end":{"line":2,"column":16}},"loc":{"start":{"line":2,"column":25},"end":{"line":2,"column":49}},"line":2},"2":{"name":"viewExpenses","decl":{"start":{"line":2,"column":100},"end":{"line":2,"column":112}},"loc":{"start":{"line":2,"column":114},"end":{"line":2,"column":391}},"line":2},"3":{"name":"addExpense","decl":{"start":{"line":37,"column":9},"end":{"line":37,"column":19}},"loc":{"start":{"line":37,"column":21},"end":{"line":38,"column":1}},"line":37},"4":{"name":"(anonymous_4)","decl":{"start":{"line":37,"column":600},"end":{"line":37,"column":601}},"loc":{"start":{"line":37,"column":610},"end":{"line":37,"column":797}},"line":37}},"branchMap":{"0":{"loc":{"start":{"line":1,"column":2078},"end":{"line":1,"column":2107}},"type":"binary-expr","locations":[{"start":{"line":1,"column":2078},"end":{"line":1,"column":2089}},{"start":{"line":1,"column":2092},"end":{"line":1,"column":2106}}],"line":1},"1":{"loc":{"start":{"line":1,"column":2108},"end":{"line":1,"column":2185}},"type":"if","locations":[{"start":{"line":1,"column":2108},"end":{"line":1,"column":2185}},{"start":{"line":1,"column":2108},"end":{"line":1,"column":2185}}],"line":1},"2":{"loc":{"start":{"line":1,"column":2111},"end":{"line":1,"column":2154}},"type":"binary-expr","locations":[{"start":{"line":1,"column":2111},"end":{"line":1,"column":2126}},{"start":{"line":1,"column":2128},"end":{"line":1,"column":2154}}],"line":1}},"s":{"0":0,"1":0,"2":0,"3":0,"4":0,"5":0,"6":0,"7":0,"8":0,"9":0,"10":0,"11":0,"12":0,"13":0,"14":0,"15":0,"16":0,"17":0,"18":0,"19":0,"20":0,"21":0,"22":0,"23":0,"24":0,"25":0,"26":0,"27":0,"28":0,"29":0,"30":0,"31":0,"32":0,"33":0,"34":0,"35":0,"36":0,"37":0,"38":0,"39":0,"40":0,"41":0,"42":0,"43":0,"44":0,"45":0,"46":0},"f":{"0":0,"1":0,"2":0,"3":0,"4":0},"b":{"0":[0,0],"1":[0,0],"2":[0,0]},"inputSourceMap":{"version":3,"names":["cov_24pqt0icbt","actualCoverage","viewExpenses","f","response","s","request","XMLHttpRequest","open","setRequestHeader","addExpense","jsonData","Object","description","console","log","amount","onload","JSON","parse","responseText","send","stringify"],"sources":["home.js"],"sourcesContent":["function viewExpenses() {\r\n  var response = \"\";\r\n  var request = new XMLHttpRequest();\r\n  request.open(\"GET\", \"/view-expneses\", true);\r\n  request.setRequestHeader(\"Content-Type\", \"application/json\");\r\n}\r\n\r\n// function addResource() {\r\n//   var response = \"\";\r\n//   var jsonData = new Object();\r\n\r\n//   var e = document.getElementById(\"ammenity_dropdown\");\r\n//   jsonData.description = e.value;\r\n//   console.log(jsonData.description);\r\n\r\n//   jsonData.amount = document.getElementById(\"amount\").value;\r\n//   console.log(jsonData.amount);\r\n//   if (jsonData.name == \"\" || jsonData.description == \"\") {\r\n//     document.getElementById(\"message\").innerHTML = \"All fields are required!\";\r\n//     document.getElementById(\"message\").setAttribute(\"class\", \"text-danger\");\r\n//     return;\r\n//   }\r\n//   var request = new XMLHttpRequest();\r\n//   request.open(\"POST\", \"/add-resource\", true);\r\n//   request.setRequestHeader(\"Content-Type\", \"application/json\");\r\n//   request.onload = function () {\r\n//     response = JSON.parse(request.responseText);\r\n//     console.log(response);\r\n//     if (response.message == undefined) {\r\n//       document.getElementById(\"message\").innerHTML =\r\n//         \"Added Resource: \" + jsonData.description + \"!\";\r\n\r\n//       document.getElementById(\"amount\").value = \"\";\r\n//       // document.getElementById(\"description\").value = \"\";\r\n//       window.location.href = \"home.html\";\r\n//       location.reload();\r\n//     } else {\r\n//       document.getElementById(\"message\").innerHTML = \"Unable to add resource!\";\r\n//       document.getElementById(\"message\").setAttribute(\"class\", \"textdanger\");\r\n//       document.getElementById(\"message\").setAttribute(\"class\", \"text-danger\");\r\n//     }\r\n//   };\r\n//   request.send(JSON.stringify(jsonData));\r\n//   console.log(jsonData.toString());\r\n// }\r\n\r\nfunction addExpense() {\r\n  var response = \"\";\r\n  var jsonData = new Object();\r\n\r\n  jsonData.description = \"help\";\r\n  console.log(jsonData.description);\r\n\r\n  jsonData.amount = \"100\";\r\n  console.log(jsonData.amount);\r\n\r\n  var request = new XMLHttpRequest();\r\n  request.open(\"POST\", \"/add-expense\", true);\r\n  request.setRequestHeader(\"Content-Type\", \"application/json\");\r\n  request.onload = function () {\r\n    response = JSON.parse(request.responseText);\r\n    console.log(response);\r\n    console.log(response);\r\n  };\r\n  request.send(JSON.stringify(jsonData));\r\n  //console.log(JSON.stringify(jsonData));\r\n}\r\n"],"mappings":"4qEAeY;AAAAA,cAAA,SAAAA,CAAA,SAAAC,cAAA,WAAAA,cAAA,EAAAD,cAAA,GAfZ,QAAS,CAAAE,YAAYA,CAAA,CAAG,CAAAF,cAAA,GAAAG,CAAA,MACtB,GAAI,CAAAC,QAAQ,EAAAJ,cAAA,GAAAK,CAAA,MAAG,EAAE,EACjB,GAAI,CAAAC,OAAO,EAAAN,cAAA,GAAAK,CAAA,MAAG,GAAI,CAAAE,cAAc,CAAC,CAAC,EAACP,cAAA,GAAAK,CAAA,MACnCC,OAAO,CAACE,IAAI,CAAC,KAAK,CAAE,gBAAgB,CAAE,IAAI,CAAC,CAACR,cAAA,GAAAK,CAAA,MAC5CC,OAAO,CAACG,gBAAgB,CAAC,cAAc,CAAE,kBAAkB,CAAC,CAC9D,CAEA;AACA;AACA;AAEA;AACA;AACA;AAEA;AACA;AACA;AACA;AACA;AACA;AACA;AACA;AACA;AACA;AACA;AACA;AACA;AACA;AACA;AACA;AAEA;AACA;AACA;AACA;AACA;AACA;AACA;AACA;AACA;AACA;AACA;AACA;AACA;AAEA,QAAS,CAAAC,UAAUA,CAAA,CAAG,CAAAV,cAAA,GAAAG,CAAA,MACpB,GAAI,CAAAC,QAAQ,EAAAJ,cAAA,GAAAK,CAAA,MAAG,EAAE,EACjB,GAAI,CAAAM,QAAQ,EAAAX,cAAA,GAAAK,CAAA,MAAG,GAAI,CAAAO,MAAM,CAAC,CAAC,EAACZ,cAAA,GAAAK,CAAA,MAE5BM,QAAQ,CAACE,WAAW,CAAG,MAAM,CAACb,cAAA,GAAAK,CAAA,MAC9BS,OAAO,CAACC,GAAG,CAACJ,QAAQ,CAACE,WAAW,CAAC,CAACb,cAAA,GAAAK,CAAA,MAElCM,QAAQ,CAACK,MAAM,CAAG,KAAK,CAAChB,cAAA,GAAAK,CAAA,MACxBS,OAAO,CAACC,GAAG,CAACJ,QAAQ,CAACK,MAAM,CAAC,CAE5B,GAAI,CAAAV,OAAO,EAAAN,cAAA,GAAAK,CAAA,OAAG,GAAI,CAAAE,cAAc,CAAC,CAAC,EAACP,cAAA,GAAAK,CAAA,OACnCC,OAAO,CAACE,IAAI,CAAC,MAAM,CAAE,cAAc,CAAE,IAAI,CAAC,CAACR,cAAA,GAAAK,CAAA,OAC3CC,OAAO,CAACG,gBAAgB,CAAC,cAAc,CAAE,kBAAkB,CAAC,CAACT,cAAA,GAAAK,CAAA,OAC7DC,OAAO,CAACW,MAAM,CAAG,UAAY,CAAAjB,cAAA,GAAAG,CAAA,MAAAH,cAAA,GAAAK,CAAA,OAC3BD,QAAQ,CAAGc,IAAI,CAACC,KAAK,CAACb,OAAO,CAACc,YAAY,CAAC,CAACpB,cAAA,GAAAK,CAAA,OAC5CS,OAAO,CAACC,GAAG,CAACX,QAAQ,CAAC,CAACJ,cAAA,GAAAK,CAAA,OACtBS,OAAO,CAACC,GAAG,CAACX,QAAQ,CAAC,CACvB,CAAC,CAACJ,cAAA,GAAAK,CAAA,OACFC,OAAO,CAACe,IAAI,CAACH,IAAI,CAACI,SAAS,CAACX,QAAQ,CAAC,CAAC,CACtC;AACF"},"all":true},"C:\\Users\\Lenovo\\Documents\\DVOPS_Projects\\CG-Finance-Website\\public\\instrumented\\js\\login.js":{"path":"C:\\Users\\Lenovo\\Documents\\DVOPS_Projects\\CG-Finance-Website\\public\\instrumented\\js\\login.js","statementMap":{"0":{"start":{"line":1,"column":35},"end":{"line":1,"column":123}},"1":{"start":{"line":1,"column":133},"end":{"line":1,"column":175}},"2":{"start":{"line":1,"column":187},"end":{"line":1,"column":216}},"3":{"start":{"line":1,"column":225},"end":{"line":1,"column":239}},"4":{"start":{"line":1,"column":257},"end":{"line":1,"column":1956}},"5":{"start":{"line":1,"column":1970},"end":{"line":1,"column":1999}},"6":{"start":{"line":1,"column":2000},"end":{"line":1,"column":2077}},"7":{"start":{"line":1,"column":2048},"end":{"line":1,"column":2076}},"8":{"start":{"line":1,"column":2096},"end":{"line":1,"column":2110}},"9":{"start":{"line":2,"column":0},"end":{"line":2,"column":50}},"10":{"start":{"line":2,"column":26},"end":{"line":2,"column":48}},"11":{"start":{"line":2,"column":51},"end":{"line":2,"column":73}},"12":{"start":{"line":2,"column":74},"end":{"line":2,"column":91}},"13":{"start":{"line":2,"column":114},"end":{"line":2,"column":138}},"14":{"start":{"line":2,"column":151},"end":{"line":2,"column":213}},"15":{"start":{"line":2,"column":231},"end":{"line":2,"column":296}},"16":{"start":{"line":3,"column":0},"end":{"line":3,"column":24}},"17":{"start":{"line":3,"column":24},"end":{"line":3,"column":230}},"18":{"start":{"line":3,"column":49},"end":{"line":3,"column":76}},"19":{"start":{"line":3,"column":76},"end":{"line":3,"column":100}},"20":{"start":{"line":3,"column":100},"end":{"line":3,"column":165}},"21":{"start":{"line":3,"column":165},"end":{"line":3,"column":189}},"22":{"start":{"line":3,"column":189},"end":{"line":3,"column":196}},"23":{"start":{"line":3,"column":202},"end":{"line":3,"column":229}},"24":{"start":{"line":3,"column":230},"end":{"line":3,"column":254}},"25":{"start":{"line":3,"column":254},"end":{"line":5,"column":228}},"26":{"start":{"line":3,"column":274},"end":{"line":3,"column":438}},"27":{"start":{"line":3,"column":452},"end":{"line":3,"column":497}},"28":{"start":{"line":3,"column":499},"end":{"line":3,"column":523}},"29":{"start":{"line":3,"column":523},"end":{"line":5,"column":150}},"30":{"start":{"line":3,"column":539},"end":{"line":3,"column":566}},"31":{"start":{"line":3,"column":566},"end":{"line":3,"column":590}},"32":{"start":{"line":3,"column":590},"end":{"line":3,"column":617}},"33":{"start":{"line":3,"column":617},"end":{"line":3,"column":642}},"34":{"start":{"line":3,"column":642},"end":{"line":3,"column":717}},"35":{"start":{"line":4,"column":0},"end":{"line":4,"column":25}},"36":{"start":{"line":4,"column":25},"end":{"line":4,"column":58}},"37":{"start":{"line":5,"column":0},"end":{"line":5,"column":25}},"38":{"start":{"line":5,"column":25},"end":{"line":5,"column":59}},"39":{"start":{"line":5,"column":65},"end":{"line":5,"column":92}},"40":{"start":{"line":5,"column":92},"end":{"line":5,"column":117}},"41":{"start":{"line":5,"column":117},"end":{"line":5,"column":149}},"42":{"start":{"line":5,"column":164},"end":{"line":5,"column":189}},"43":{"start":{"line":5,"column":189},"end":{"line":5,"column":227}}},"fnMap":{"0":{"name":"cov_1db3bkgbsi","decl":{"start":{"line":1,"column":9},"end":{"line":1,"column":23}},"loc":{"start":{"line":1,"column":25},"end":{"line":2,"column":74}},"line":1},"1":{"name":"(anonymous_1)","decl":{"start":{"line":2,"column":15},"end":{"line":2,"column":16}},"loc":{"start":{"line":2,"column":25},"end":{"line":2,"column":49}},"line":2},"2":{"name":"login","decl":{"start":{"line":2,"column":106},"end":{"line":2,"column":111}},"loc":{"start":{"line":2,"column":113},"end":{"line":5,"column":229}},"line":2}},"branchMap":{"0":{"loc":{"start":{"line":1,"column":1970},"end":{"line":1,"column":1999}},"type":"binary-expr","locations":[{"start":{"line":1,"column":1970},"end":{"line":1,"column":1981}},{"start":{"line":1,"column":1984},"end":{"line":1,"column":1998}}],"line":1},"1":{"loc":{"start":{"line":1,"column":2000},"end":{"line":1,"column":2077}},"type":"if","locations":[{"start":{"line":1,"column":2000},"end":{"line":1,"column":2077}},{"start":{"line":1,"column":2000},"end":{"line":1,"column":2077}}],"line":1},"2":{"loc":{"start":{"line":1,"column":2003},"end":{"line":1,"column":2046}},"type":"binary-expr","locations":[{"start":{"line":1,"column":2003},"end":{"line":1,"column":2018}},{"start":{"line":1,"column":2020},"end":{"line":1,"column":2046}}],"line":1},"3":{"loc":{"start":{"line":3,"column":24},"end":{"line":3,"column":230}},"type":"if","locations":[{"start":{"line":3,"column":24},"end":{"line":3,"column":230}},{"start":{"line":3,"column":24},"end":{"line":3,"column":230}}],"line":3},"4":{"loc":{"start":{"line":3,"column":523},"end":{"line":5,"column":150}},"type":"if","locations":[{"start":{"line":3,"column":523},"end":{"line":5,"column":150}},{"start":{"line":3,"column":523},"end":{"line":5,"column":150}}],"line":3}},"s":{"0":0,"1":0,"2":0,"3":0,"4":0,"5":0,"6":0,"7":0,"8":0,"9":0,"10":0,"11":0,"12":0,"13":0,"14":0,"15":0,"16":0,"17":0,"18":0,"19":0,"20":0,"21":0,"22":0,"23":0,"24":0,"25":0,"26":0,"27":0,"28":0,"29":0,"30":0,"31":0,"32":0,"33":0,"34":0,"35":0,"36":0,"37":0,"38":0,"39":0,"40":0,"41":0,"42":0,"43":0},"f":{"0":0,"1":0,"2":0},"b":{"0":[0,0],"1":[0,0],"2":[0,0],"3":[0,0],"4":[0,0]},"inputSourceMap":{"version":3,"names":["cov_1db3bkgbsi","actualCoverage","login","f","email","s","document","getElementById","value","password","includes","b","alert","response","fetch","method","headers","body","JSON","stringify","data","json","ok","sessionStorage","setItem","window","location","href","message","error","console"],"sources":["login.js"],"sourcesContent":["async function login() {\r\n    const email = document.getElementById(\"email\").value;\r\n    const password = document.getElementById(\"password\").value;\r\n  \r\n    // Check if email contains \"@\" symbol\r\n    if (!email.includes(\"@\")) {\r\n      alert('Invalid email format! Please include \"@\" in your email.');\r\n      return;\r\n    }\r\n  \r\n  \r\n    try {\r\n      const response = await fetch(\"http://localhost:5050/login\", {\r\n        method: \"POST\",\r\n        headers: {\r\n          \"Content-Type\": \"application/json\",\r\n        },\r\n        body: JSON.stringify({\r\n          email,\r\n          password,\r\n        }),\r\n      });\r\n  \r\n      const data = await response.json();\r\n  \r\n      if (response.ok) {\r\n        alert(\"Login successful!\");\r\n        sessionStorage.setItem(\"Useremail\", document.getElementById(\"email\").value);\r\n          // Handle successful login, e.g., redirect to home page\r\n          window.location.href = \"home.html\";\r\n        // Redirect to index.html upon successful registration\r\n        window.location.href = \"index.html\";\r\n      } else {\r\n        alert(`Error: ${data.message}`);\r\n      }\r\n    } catch (error) {\r\n      console.error(\"Error:\", error.message);\r\n    }\r\n  }"],"mappings":"gkEAeY;AAAAA,cAAA,SAAAA,CAAA,SAAAC,cAAA,WAAAA,cAAA,EAAAD,cAAA,GAfZ,cAAe,CAAAE,KAAKA,CAAA,CAAG,CAAAF,cAAA,GAAAG,CAAA,MACnB,KAAM,CAAAC,KAAK,EAAAJ,cAAA,GAAAK,CAAA,MAAGC,QAAQ,CAACC,cAAc,CAAC,OAAO,CAAC,CAACC,KAAK,EACpD,KAAM,CAAAC,QAAQ,EAAAT,cAAA,GAAAK,CAAA,MAAGC,QAAQ,CAACC,cAAc,CAAC,UAAU,CAAC,CAACC,KAAK,EAE1D;AAAAR,cAAA,GAAAK,CAAA,MACA,GAAI,CAACD,KAAK,CAACM,QAAQ,CAAC,GAAG,CAAC,CAAE,CAAAV,cAAA,GAAAW,CAAA,SAAAX,cAAA,GAAAK,CAAA,MACxBO,KAAK,CAAC,yDAAyD,CAAC,CAACZ,cAAA,GAAAK,CAAA,MACjE,OACF,CAAC,KAAAL,cAAA,GAAAW,CAAA,UAAAX,cAAA,GAAAK,CAAA,MAGD,GAAI,CACF,KAAM,CAAAQ,QAAQ,EAAAb,cAAA,GAAAK,CAAA,MAAG,KAAM,CAAAS,KAAK,CAAC,6BAA6B,CAAE,CAC1DC,MAAM,CAAE,MAAM,CACdC,OAAO,CAAE,CACP,cAAc,CAAE,kBAClB,CAAC,CACDC,IAAI,CAAEC,IAAI,CAACC,SAAS,CAAC,CACnBf,KAAK,CACLK,QACF,CAAC,CACH,CAAC,CAAC,EAEF,KAAM,CAAAW,IAAI,EAAApB,cAAA,GAAAK,CAAA,MAAG,KAAM,CAAAQ,QAAQ,CAACQ,IAAI,CAAC,CAAC,EAACrB,cAAA,GAAAK,CAAA,MAEnC,GAAIQ,QAAQ,CAACS,EAAE,CAAE,CAAAtB,cAAA,GAAAW,CAAA,SAAAX,cAAA,GAAAK,CAAA,MACfO,KAAK,CAAC,mBAAmB,CAAC,CAACZ,cAAA,GAAAK,CAAA,OAC3BkB,cAAc,CAACC,OAAO,CAAC,WAAW,CAAElB,QAAQ,CAACC,cAAc,CAAC,OAAO,CAAC,CAACC,KAAK,CAAC,CACzE;AAAAR,cAAA,GAAAK,CAAA,OACAoB,MAAM,CAACC,QAAQ,CAACC,IAAI,CAAG,WAAW,CACpC;AAAA3B,cAAA,GAAAK,CAAA,OACAoB,MAAM,CAACC,QAAQ,CAACC,IAAI,CAAG,YAAY,CACrC,CAAC,IAAM,CAAA3B,cAAA,GAAAW,CAAA,SAAAX,cAAA,GAAAK,CAAA,OACLO,KAAK,CAAE,UAASQ,IAAI,CAACQ,OAAQ,EAAC,CAAC,CACjC,CACF,CAAE,MAAOC,KAAK,CAAE,CAAA7B,cAAA,GAAAK,CAAA,OACdyB,OAAO,CAACD,KAAK,CAAC,QAAQ,CAAEA,KAAK,CAACD,OAAO,CAAC,CACxC,CACF"},"all":true},"C:\\Users\\Lenovo\\Documents\\DVOPS_Projects\\CG-Finance-Website\\public\\instrumented\\js\\MonthlyBudget.js":{"path":"C:\\Users\\Lenovo\\Documents\\DVOPS_Projects\\CG-Finance-Website\\public\\instrumented\\js\\MonthlyBudget.js","statementMap":{"0":{"start":{"line":1,"column":35},"end":{"line":1,"column":131}},"1":{"start":{"line":1,"column":141},"end":{"line":1,"column":183}},"2":{"start":{"line":1,"column":195},"end":{"line":1,"column":224}},"3":{"start":{"line":1,"column":233},"end":{"line":1,"column":247}},"4":{"start":{"line":1,"column":265},"end":{"line":1,"column":9578}},"5":{"start":{"line":1,"column":9592},"end":{"line":1,"column":9621}},"6":{"start":{"line":1,"column":9622},"end":{"line":1,"column":9699}},"7":{"start":{"line":1,"column":9670},"end":{"line":1,"column":9698}},"8":{"start":{"line":1,"column":9718},"end":{"line":1,"column":9732}},"9":{"start":{"line":2,"column":0},"end":{"line":2,"column":50}},"10":{"start":{"line":2,"column":26},"end":{"line":2,"column":48}},"11":{"start":{"line":2,"column":51},"end":{"line":2,"column":73}},"12":{"start":{"line":2,"column":74},"end":{"line":2,"column":91}},"13":{"start":{"line":2,"column":106},"end":{"line":2,"column":134}},"14":{"start":{"line":3,"column":22},"end":{"line":3,"column":46}},"15":{"start":{"line":3,"column":59},"end":{"line":3,"column":103}},"16":{"start":{"line":3,"column":105},"end":{"line":3,"column":129}},"17":{"start":{"line":3,"column":129},"end":{"line":3,"column":169}},"18":{"start":{"line":3,"column":169},"end":{"line":3,"column":193}},"19":{"start":{"line":3,"column":193},"end":{"line":3,"column":253}},"20":{"start":{"line":3,"column":253},"end":{"line":3,"column":277}},"21":{"start":{"line":3,"column":277},"end":{"line":8,"column":331}},"22":{"start":{"line":3,"column":303},"end":{"line":3,"column":327}},"23":{"start":{"line":3,"column":327},"end":{"line":3,"column":351}},"24":{"start":{"line":3,"column":351},"end":{"line":8,"column":329}},"25":{"start":{"line":3,"column":453},"end":{"line":3,"column":480}},"26":{"start":{"line":3,"column":494},"end":{"line":3,"column":550}},"27":{"start":{"line":3,"column":552},"end":{"line":3,"column":576}},"28":{"start":{"line":3,"column":576},"end":{"line":8,"column":191}},"29":{"start":{"line":3,"column":598},"end":{"line":3,"column":625}},"30":{"start":{"line":3,"column":639},"end":{"line":3,"column":698}},"31":{"start":{"line":3,"column":722},"end":{"line":3,"column":849}},"32":{"start":{"line":3,"column":769},"end":{"line":3,"column":793}},"33":{"start":{"line":3,"column":793},"end":{"line":3,"column":818}},"34":{"start":{"line":3,"column":818},"end":{"line":3,"column":847}},"35":{"start":{"line":3,"column":861},"end":{"line":3,"column":888}},"36":{"start":{"line":3,"column":890},"end":{"line":3,"column":915}},"37":{"start":{"line":3,"column":915},"end":{"line":6,"column":132}},"38":{"start":{"line":3,"column":926},"end":{"line":3,"column":952}},"39":{"start":{"line":3,"column":985},"end":{"line":3,"column":1010}},"40":{"start":{"line":3,"column":1010},"end":{"line":6,"column":16}},"41":{"start":{"line":6,"column":34},"end":{"line":6,"column":78}},"42":{"start":{"line":6,"column":80},"end":{"line":6,"column":105}},"43":{"start":{"line":6,"column":105},"end":{"line":6,"column":131}},"44":{"start":{"line":6,"column":132},"end":{"line":6,"column":157}},"45":{"start":{"line":6,"column":157},"end":{"line":6,"column":212}},"46":{"start":{"line":7,"column":17},"end":{"line":7,"column":83}},"47":{"start":{"line":7,"column":85},"end":{"line":7,"column":110}},"48":{"start":{"line":7,"column":110},"end":{"line":7,"column":394}},"49":{"start":{"line":7,"column":144},"end":{"line":7,"column":168}},"50":{"start":{"line":7,"column":168},"end":{"line":7,"column":193}},"51":{"start":{"line":7,"column":193},"end":{"line":7,"column":391}},"52":{"start":{"line":7,"column":238},"end":{"line":7,"column":262}},"53":{"start":{"line":7,"column":270},"end":{"line":7,"column":331}},"54":{"start":{"line":7,"column":333},"end":{"line":7,"column":358}},"55":{"start":{"line":7,"column":358},"end":{"line":7,"column":388}},"56":{"start":{"line":7,"column":394},"end":{"line":7,"column":419}},"57":{"start":{"line":7,"column":419},"end":{"line":8,"column":85}},"58":{"start":{"line":7,"column":475},"end":{"line":7,"column":499}},"59":{"start":{"line":7,"column":499},"end":{"line":7,"column":524}},"60":{"start":{"line":7,"column":524},"end":{"line":8,"column":82}},"61":{"start":{"line":7,"column":602},"end":{"line":7,"column":626}},"62":{"start":{"line":7,"column":626},"end":{"line":7,"column":651}},"63":{"start":{"line":7,"column":651},"end":{"line":8,"column":79}},"64":{"start":{"line":7,"column":773},"end":{"line":7,"column":800}},"65":{"start":{"line":8,"column":0},"end":{"line":8,"column":43}},"66":{"start":{"line":8,"column":51},"end":{"line":8,"column":78}},"67":{"start":{"line":8,"column":91},"end":{"line":8,"column":118}},"68":{"start":{"line":8,"column":118},"end":{"line":8,"column":143}},"69":{"start":{"line":8,"column":143},"end":{"line":8,"column":190}},"70":{"start":{"line":8,"column":197},"end":{"line":8,"column":224}},"71":{"start":{"line":8,"column":224},"end":{"line":8,"column":249}},"72":{"start":{"line":8,"column":249},"end":{"line":8,"column":328}},"73":{"start":{"line":8,"column":331},"end":{"line":8,"column":356}},"74":{"start":{"line":8,"column":356},"end":{"line":8,"column":371}},"75":{"start":{"line":8,"column":399},"end":{"line":8,"column":423}},"76":{"start":{"line":8,"column":437},"end":{"line":8,"column":497}},"77":{"start":{"line":8,"column":513},"end":{"line":8,"column":540}},"78":{"start":{"line":8,"column":542},"end":{"line":8,"column":567}},"79":{"start":{"line":8,"column":567},"end":{"line":8,"column":634}},"80":{"start":{"line":8,"column":634},"end":{"line":8,"column":659}},"81":{"start":{"line":8,"column":659},"end":{"line":8,"column":718}},"82":{"start":{"line":8,"column":718},"end":{"line":8,"column":743}},"83":{"start":{"line":8,"column":743},"end":{"line":8,"column":767}},"84":{"start":{"line":8,"column":767},"end":{"line":8,"column":792}},"85":{"start":{"line":8,"column":792},"end":{"line":8,"column":820}},"86":{"start":{"line":9,"column":0},"end":{"line":9,"column":25}},"87":{"start":{"line":9,"column":25},"end":{"line":9,"column":212}},"88":{"start":{"line":9,"column":57},"end":{"line":9,"column":84}},"89":{"start":{"line":9,"column":84},"end":{"line":9,"column":109}},"90":{"start":{"line":9,"column":109},"end":{"line":9,"column":146}},"91":{"start":{"line":9,"column":146},"end":{"line":9,"column":171}},"92":{"start":{"line":9,"column":171},"end":{"line":9,"column":178}},"93":{"start":{"line":9,"column":184},"end":{"line":9,"column":211}},"94":{"start":{"line":9,"column":212},"end":{"line":9,"column":237}},"95":{"start":{"line":9,"column":237},"end":{"line":11,"column":1}},"96":{"start":{"line":9,"column":257},"end":{"line":9,"column":398}},"97":{"start":{"line":9,"column":412},"end":{"line":9,"column":458}},"98":{"start":{"line":9,"column":460},"end":{"line":9,"column":485}},"99":{"start":{"line":9,"column":485},"end":{"line":9,"column":523}},"100":{"start":{"line":9,"column":523},"end":{"line":9,"column":548}},"101":{"start":{"line":9,"column":548},"end":{"line":9,"column":561}},"102":{"start":{"line":10,"column":0},"end":{"line":10,"column":25}},"103":{"start":{"line":10,"column":25},"end":{"line":10,"column":54}},"104":{"start":{"line":10,"column":68},"end":{"line":10,"column":93}},"105":{"start":{"line":10,"column":93},"end":{"line":10,"column":137}},"106":{"start":{"line":11,"column":30},"end":{"line":11,"column":54}},"107":{"start":{"line":11,"column":54},"end":{"line":11,"column":79}},"108":{"start":{"line":11,"column":79},"end":{"line":11,"column":110}},"109":{"start":{"line":11,"column":126},"end":{"line":11,"column":153}},"110":{"start":{"line":11,"column":155},"end":{"line":11,"column":180}},"111":{"start":{"line":11,"column":180},"end":{"line":11,"column":248}},"112":{"start":{"line":11,"column":248},"end":{"line":11,"column":273}},"113":{"start":{"line":11,"column":273},"end":{"line":11,"column":333}},"114":{"start":{"line":11,"column":333},"end":{"line":11,"column":358}},"115":{"start":{"line":11,"column":358},"end":{"line":11,"column":416}},"116":{"start":{"line":11,"column":416},"end":{"line":11,"column":441}},"117":{"start":{"line":11,"column":441},"end":{"line":11,"column":463}},"118":{"start":{"line":11,"column":463},"end":{"line":11,"column":488}},"119":{"start":{"line":11,"column":488},"end":{"line":11,"column":675}},"120":{"start":{"line":11,"column":520},"end":{"line":11,"column":547}},"121":{"start":{"line":11,"column":547},"end":{"line":11,"column":572}},"122":{"start":{"line":11,"column":572},"end":{"line":11,"column":609}},"123":{"start":{"line":11,"column":609},"end":{"line":11,"column":634}},"124":{"start":{"line":11,"column":634},"end":{"line":11,"column":641}},"125":{"start":{"line":11,"column":647},"end":{"line":11,"column":674}},"126":{"start":{"line":11,"column":675},"end":{"line":11,"column":700}},"127":{"start":{"line":11,"column":700},"end":{"line":13,"column":1}},"128":{"start":{"line":11,"column":720},"end":{"line":11,"column":872}},"129":{"start":{"line":11,"column":874},"end":{"line":11,"column":899}},"130":{"start":{"line":11,"column":899},"end":{"line":11,"column":912}},"131":{"start":{"line":11,"column":924},"end":{"line":11,"column":970}},"132":{"start":{"line":11,"column":972},"end":{"line":11,"column":997}},"133":{"start":{"line":11,"column":997},"end":{"line":11,"column":1033}},"134":{"start":{"line":12,"column":0},"end":{"line":12,"column":25}},"135":{"start":{"line":12,"column":25},"end":{"line":12,"column":55}},"136":{"start":{"line":12,"column":69},"end":{"line":12,"column":94}},"137":{"start":{"line":12,"column":94},"end":{"line":12,"column":140}},"138":{"start":{"line":13,"column":28},"end":{"line":13,"column":52}},"139":{"start":{"line":13,"column":65},"end":{"line":13,"column":110}},"140":{"start":{"line":13,"column":112},"end":{"line":13,"column":137}},"141":{"start":{"line":13,"column":137},"end":{"line":13,"column":181}},"142":{"start":{"line":13,"column":181},"end":{"line":13,"column":206}},"143":{"start":{"line":13,"column":206},"end":{"line":13,"column":266}},"144":{"start":{"line":13,"column":266},"end":{"line":13,"column":291}},"145":{"start":{"line":13,"column":291},"end":{"line":13,"column":923}},"146":{"start":{"line":13,"column":317},"end":{"line":13,"column":342}},"147":{"start":{"line":13,"column":356},"end":{"line":13,"column":413}},"148":{"start":{"line":13,"column":415},"end":{"line":13,"column":440}},"149":{"start":{"line":13,"column":440},"end":{"line":13,"column":462}},"150":{"start":{"line":13,"column":462},"end":{"line":13,"column":487}},"151":{"start":{"line":13,"column":487},"end":{"line":13,"column":555}},"152":{"start":{"line":13,"column":555},"end":{"line":13,"column":580}},"153":{"start":{"line":13,"column":580},"end":{"line":13,"column":640}},"154":{"start":{"line":13,"column":640},"end":{"line":13,"column":665}},"155":{"start":{"line":13,"column":665},"end":{"line":13,"column":723}},"156":{"start":{"line":13,"column":723},"end":{"line":13,"column":748}},"157":{"start":{"line":13,"column":748},"end":{"line":13,"column":788}},"158":{"start":{"line":13,"column":796},"end":{"line":13,"column":832}},"159":{"start":{"line":13,"column":834},"end":{"line":13,"column":859}},"160":{"start":{"line":13,"column":859},"end":{"line":13,"column":883}},"161":{"start":{"line":13,"column":883},"end":{"line":13,"column":908}},"162":{"start":{"line":13,"column":908},"end":{"line":13,"column":921}},"163":{"start":{"line":13,"column":923},"end":{"line":13,"column":948}},"164":{"start":{"line":13,"column":948},"end":{"line":13,"column":963}},"165":{"start":{"line":13,"column":994},"end":{"line":13,"column":1019}},"166":{"start":{"line":13,"column":1019},"end":{"line":13,"column":1044}},"167":{"start":{"line":13,"column":1044},"end":{"line":13,"column":1074}},"168":{"start":{"line":13,"column":1074},"end":{"line":13,"column":1099}},"169":{"start":{"line":13,"column":1099},"end":{"line":16,"column":1}},"170":{"start":{"line":13,"column":1119},"end":{"line":13,"column":1246}},"171":{"start":{"line":13,"column":1248},"end":{"line":13,"column":1273}},"172":{"start":{"line":13,"column":1273},"end":{"line":13,"column":1302}},"173":{"start":{"line":13,"column":1302},"end":{"line":13,"column":1327}},"174":{"start":{"line":13,"column":1327},"end":{"line":15,"column":1}},"175":{"start":{"line":13,"column":1353},"end":{"line":13,"column":1380}},"176":{"start":{"line":13,"column":1392},"end":{"line":13,"column":1438}},"177":{"start":{"line":13,"column":1440},"end":{"line":13,"column":1465}},"178":{"start":{"line":13,"column":1465},"end":{"line":13,"column":1501}},"179":{"start":{"line":13,"column":1501},"end":{"line":13,"column":1526}},"180":{"start":{"line":13,"column":1526},"end":{"line":13,"column":1539}},"181":{"start":{"line":14,"column":0},"end":{"line":14,"column":25}},"182":{"start":{"line":14,"column":25},"end":{"line":14,"column":55}},"183":{"start":{"line":14,"column":61},"end":{"line":14,"column":88}},"184":{"start":{"line":14,"column":88},"end":{"line":14,"column":113}},"185":{"start":{"line":14,"column":113},"end":{"line":14,"column":155}},"186":{"start":{"line":15,"column":15},"end":{"line":15,"column":40}},"187":{"start":{"line":15,"column":40},"end":{"line":15,"column":86}}},"fnMap":{"0":{"name":"cov_1sm68qlszb","decl":{"start":{"line":1,"column":9},"end":{"line":1,"column":23}},"loc":{"start":{"line":1,"column":25},"end":{"line":2,"column":74}},"line":1},"1":{"name":"(anonymous_1)","decl":{"start":{"line":2,"column":15},"end":{"line":2,"column":16}},"loc":{"start":{"line":2,"column":25},"end":{"line":2,"column":49}},"line":2},"2":{"name":"viewBudget","decl":{"start":{"line":3,"column":9},"end":{"line":3,"column":19}},"loc":{"start":{"line":3,"column":21},"end":{"line":8,"column":372}},"line":3},"3":{"name":"(anonymous_3)","decl":{"start":{"line":3,"column":292},"end":{"line":3,"column":293}},"loc":{"start":{"line":3,"column":302},"end":{"line":8,"column":330}},"line":3},"4":{"name":"(anonymous_4)","decl":{"start":{"line":3,"column":762},"end":{"line":3,"column":763}},"loc":{"start":{"line":3,"column":768},"end":{"line":3,"column":848}},"line":3},"5":{"name":"(anonymous_5)","decl":{"start":{"line":7,"column":130},"end":{"line":7,"column":131}},"loc":{"start":{"line":7,"column":143},"end":{"line":7,"column":392}},"line":7},"6":{"name":"(anonymous_6)","decl":{"start":{"line":7,"column":222},"end":{"line":7,"column":223}},"loc":{"start":{"line":7,"column":237},"end":{"line":7,"column":389}},"line":7},"7":{"name":"(anonymous_7)","decl":{"start":{"line":7,"column":464},"end":{"line":7,"column":465}},"loc":{"start":{"line":7,"column":474},"end":{"line":8,"column":83}},"line":7},"8":{"name":"(anonymous_8)","decl":{"start":{"line":7,"column":586},"end":{"line":7,"colu
[...]
":0,"41":0,"42":0,"43":0,"44":0,"45":0,"46":0,"47":0,"48":0,"49":0,"50":0,"51":0,"52":0,"53":0,"54":0,"55":0,"56":0,"57":0,"58":0,"59":0,"60":0,"61":0,"62":0,"63":0,"64":0,"65":0,"66":0,"67":0,"68":0,"69":0,"70":0,"71":0,"72":0,"73":0,"74":0,"75":0,"76":0,"77":0,"78":0,"79":0,"80":0,"81":0},"f":{"0":0,"1":0,"2":0,"3":0,"4":0,"5":0,"6":0,"7":0,"8":0,"9":0},"b":{"0":[0,0],"1":[0,0],"2":[0,0],"3":[0,0],"4":[0,0],"5":[0,0],"6":[0,0]},"all":true},"C:\\Users\\Lenovo\\Documents\\DVOPS_Projects\\CG-Finance-Website\\utils\\RetirementUtil.js":{"path":"C:\\Users\\Lenovo\\Documents\\DVOPS_Projects\\CG-Finance-Website\\utils\\RetirementUtil.js","statementMap":{"0":{"start":{"line":1,"column":23},"end":{"line":1,"column":54}},"1":{"start":{"line":2,"column":11},"end":{"line":2,"column":33}},"2":{"start":{"line":5,"column":2},"end":{"line":11,"column":3}},"3":{"start":{"line":6,"column":17},"end":{"line":6,"column":52}},"4":{"start":{"line":7,"column":4},"end":{"line":7,"column":28}},"5":{"start":{"line":9,"column":4},"end":{"line":9,"column":63}},"6":{"start":{"line":10,"column":4},"end":{"line":10,"column":14}},"7":{"start":{"line":15,"column":2},"end":{"line":23,"column":3}},"8":{"start":{"line":16,"column":23},"end":{"line":16,"column":57}},"9":{"start":{"line":17,"column":4},"end":{"line":17,"column":28}},"10":{"start":{"line":18,"column":4},"end":{"line":18,"column":69}},"11":{"start":{"line":19,"column":4},"end":{"line":19,"column":22}},"12":{"start":{"line":21,"column":4},"end":{"line":21,"column":61}},"13":{"start":{"line":22,"column":4},"end":{"line":22,"column":14}},"14":{"start":{"line":27,"column":2},"end":{"line":32,"column":3}},"15":{"start":{"line":28,"column":26},"end":{"line":28,"column":76}},"16":{"start":{"line":29,"column":4},"end":{"line":29,"column":47}},"17":{"start":{"line":31,"column":4},"end":{"line":31,"column":60}},"18":{"start":{"line":36,"column":2},"end":{"line":77,"column":3}},"19":{"start":{"line":37,"column":18},"end":{"line":37,"column":32}},"20":{"start":{"line":38,"column":24},"end":{"line":38,"column":54}},"21":{"start":{"line":39,"column":27},"end":{"line":39,"column":60}},"22":{"start":{"line":40,"column":22},"end":{"line":40,"column":50}},"23":{"start":{"line":41,"column":31},"end":{"line":41,"column":68}},"24":{"start":{"line":42,"column":17},"end":{"line":42,"column":30}},"25":{"start":{"line":44,"column":4},"end":{"line":57,"column":5}},"26":{"start":{"line":56,"column":6},"end":{"line":56,"column":72}},"27":{"start":{"line":59,"column":26},"end":{"line":66,"column":5}},"28":{"start":{"line":68,"column":4},"end":{"line":68,"column":61}},"29":{"start":{"line":70,"column":30},"end":{"line":73,"column":5}},"30":{"start":{"line":74,"column":4},"end":{"line":74,"column":51}},"31":{"start":{"line":76,"column":4},"end":{"line":76,"column":60}},"32":{"start":{"line":81,"column":2},"end":{"line":117,"column":3}},"33":{"start":{"line":82,"column":15},"end":{"line":82,"column":28}},"34":{"start":{"line":83,"column":18},"end":{"line":83,"column":32}},"35":{"start":{"line":84,"column":24},"end":{"line":84,"column":44}},"36":{"start":{"line":85,"column":27},"end":{"line":85,"column":50}},"37":{"start":{"line":86,"column":22},"end":{"line":86,"column":40}},"38":{"start":{"line":87,"column":31},"end":{"line":87,"column":58}},"39":{"start":{"line":88,"column":17},"end":{"line":88,"column":30}},"40":{"start":{"line":89,"column":26},"end":{"line":89,"column":76}},"41":{"start":{"line":90,"column":19},"end":{"line":90,"column":24}},"42":{"start":{"line":91,"column":4},"end":{"line":102,"column":5}},"43":{"start":{"line":91,"column":17},"end":{"line":91,"column":18}},"44":{"start":{"line":92,"column":30},"end":{"line":92,"column":46}},"45":{"start":{"line":93,"column":6},"end":{"line":101,"column":7}},"46":{"start":{"line":94,"column":8},"end":{"line":94,"column":39}},"47":{"start":{"line":95,"column":8},"end":{"line":95,"column":51}},"48":{"start":{"line":96,"column":8},"end":{"line":96,"column":57}},"49":{"start":{"line":97,"column":8},"end":{"line":97,"column":47}},"50":{"start":{"line":98,"column":8},"end":{"line":98,"column":65}},"51":{"start":{"line":99,"column":8},"end":{"line":99,"column":37}},"52":{"start":{"line":100,"column":8},"end":{"line":100,"column":24}},"53":{"start":{"line":103,"column":4},"end":{"line":114,"column":5}},"54":{"start":{"line":104,"column":6},"end":{"line":108,"column":8}},"55":{"start":{"line":109,"column":6},"end":{"line":109,"column":49}},"56":{"start":{"line":111,"column":6},"end":{"line":113,"column":64}},"57":{"start":{"line":116,"column":4},"end":{"line":116,"column":60}},"58":{"start":{"line":121,"column":2},"end":{"line":121,"column":49}},"59":{"start":{"line":122,"column":2},"end":{"line":122,"column":51}},"60":{"start":{"line":123,"column":2},"end":{"line":156,"column":3}},"61":{"start":{"line":124,"column":15},"end":{"line":124,"column":28}},"62":{"start":{"line":125,"column":17},"end":{"line":125,"column":30}},"63":{"start":{"line":127,"column":26},"end":{"line":127,"column":76}},"64":{"start":{"line":128,"column":18},"end":{"line":128,"column":79}},"65":{"start":{"line":128,"column":58},"end":{"line":128,"column":78}},"66":{"start":{"line":130,"column":4},"end":{"line":153,"column":5}},"67":{"start":{"line":131,"column":29},"end":{"line":131,"column":49}},"68":{"start":{"line":134,"column":6},"end":{"line":138,"column":7}},"69":{"start":{"line":135,"column":8},"end":{"line":137,"column":77}},"70":{"start":{"line":140,"column":6},"end":{"line":140,"column":37}},"71":{"start":{"line":142,"column":6},"end":{"line":146,"column":8}},"72":{"start":{"line":149,"column":6},"end":{"line":149,"column":49}},"73":{"start":{"line":152,"column":6},"end":{"line":152,"column":61}},"74":{"start":{"line":155,"column":4},"end":{"line":155,"column":60}},"75":{"start":{"line":159,"column":0},"end":{"line":166,"column":2}}},"fnMap":{"0":{"name":"readJSONRetirement","decl":{"start":{"line":4,"column":15},"end":{"line":4,"column":33}},"loc":{"start":{"line":4,"column":44},"end":{"line":12,"column":1}},"line":4},"1":{"name":"writeJSONRetirement","decl":{"start":{"line":14,"column":15},"end":{"line":14,"column":34}},"loc":{"start":{"line":14,"column":53},"end":{"line":24,"column":1}},"line":14},"2":{"name":"view_retirement","decl":{"start":{"line":26,"column":15},"end":{"line":26,"column":30}},"loc":{"start":{"line":26,"column":41},"end":{"line":33,"column":1}},"line":26},"3":{"name":"add_retirement","decl":{"start":{"line":35,"column":15},"end":{"line":35,"column":29}},"loc":{"start":{"line":35,"column":40},"end":{"line":78,"column":1}},"line":35},"4":{"name":"edit_retirement","decl":{"start":{"line":80,"column":15},"end":{"line":80,"column":30}},"loc":{"start":{"line":80,"column":41},"end":{"line":118,"column":1}},"line":80},"5":{"name":"delete_retirement","decl":{"start":{"line":120,"column":15},"end":{"line":120,"column":32}},"loc":{"start":{"line":120,"column":43},"end":{"line":157,"column":1}},"line":120},"6":{"name":"(anonymous_6)","decl":{"start":{"line":128,"column":42},"end":{"line":128,"column":43}},"loc":{"start":{"line":128,"column":58},"end":{"line":128,"column":78}},"line":128}},"branchMap":{"0":{"loc":{"start":{"line":44,"column":4},"end":{"line":57,"column":5}},"type":"if","locations":[{"start":{"line":44,"column":4},"end":{"line":57,"column":5}},{"start":{"line":44,"column":4},"end":{"line":57,"column":5}}],"line":44},"1":{"loc":{"start":{"line":45,"column":6},"end":{"line":54,"column":30}},"type":"binary-expr","locations":[{"start":{"line":45,"column":6},"end":{"line":45,"column":31}},{"start":{"line":46,"column":6},"end":{"line":46,"column":24}},{"start":{"line":47,"column":6},"end":{"line":47,"column":37}},{"start":{"line":48,"column":6},"end":{"line":48,"column":27}},{"start":{"line":49,"column":6},"end":{"line":49,"column":40}},{"start":{"line":50,"column":6},"end":{"line":50,"column":22}},{"start":{"line":51,"column":6},"end":{"line":51,"column":35}},{"start":{"line":52,"column":6},"end":{"line":52,"column":31}},{"start":{"line":53,"column":6},"end":{"line":53,"column":44}},{"start":{"line":54,"column":6},"end":{"line":54,"column":30}}],"line":45},"2":{"loc":{"start":{"line":93,"column":6},"end":{"line":101,"column":7}},"type":"if","locations":[{"start":{"line":93,"column":6},"end":{"line":101,"column":7}},{"start":{"line":93,"column":6},"end":{"line":101,"column":7}}],"line":93},"3":{"loc":{"start":{"line":103,"column":4},"end":{"line":114,"column":5}},"type":"if","locations":[{"start":{"line":103,"column":4},"end":{"line":114,"column":5}},{"start":{"line":103,"column":4},"end":{"line":114,"column":5}}],"line":103},"4":{"loc":{"start":{"line":130,"column":4},"end":{"line":153,"column":5}},"type":"if","locations":[{"start":{"line":130,"column":4},"end":{"line":153,"column":5}},{"start":{"line":130,"column":4},"end":{"line":153,"column":5}}],"line":130},"5":{"loc":{"start":{"line":134,"column":6},"end":{"line":138,"column":7}},"type":"if","locations":[{"start":{"line":134,"column":6},"end":{"line":138,"column":7}},{"start":{"line":134,"column":6},"end":{"line":138,"column":7}}],"line":134}},"s":{"0":0,"1":0,"2":0,"3":0,"4":0,"5":0,"6":0,"7":0,"8":0,"9":0,"10":0,"11":0,"12":0,"13":0,"14":0,"15":0,"16":0,"17":0,"18":0,"19":0,"20":0,"21":0,"22":0,"23":0,"24":0,"25":0,"26":0,"27":0,"28":0,"29":0,"30":0,"31":0,"32":0,"33":0,"34":0,"35":0,"36":0,"37":0,"38":0,"39":0,"40":0,"41":0,"42":0,"43":0,"44":0,"45":0,"46":0,"47":0,"48":0,"49":0,"50":0,"51":0,"52":0,"53":0,"54":0,"55":0,"56":0,"57":0,"58":0,"59":0,"60":0,"61":0,"62":0,"63":0,"64":0,"65":0,"66":0,"67":0,"68":0,"69":0,"70":0,"71":0,"72":0,"73":0,"74":0,"75":0},"f":{"0":0,"1":0,"2":0,"3":0,"4":0,"5":0,"6":0},"b":{"0":[0,0],"1":[0,0,0,0,0,0,0,0,0,0],"2":[0,0],"3":[0,0],"4":[0,0],"5":[0,0]},"all":true},"C:\\Users\\Lenovo\\Documents\\DVOPS_Projects\\CG-Finance-Website\\utils\\UserUtil.js":{"path":"C:\\Users\\Lenovo\\Documents\\DVOPS_Projects\\CG-Finance-Website\\utils\\UserUtil.js","statementMap":{"0":{"start":{"line":1,"column":17},"end":{"line":1,"column":42}},"1":{"start":{"line":2,"column":11},"end":{"line":2,"column":33}},"2":{"start":{"line":4,"column":2},"end":{"line":10,"column":3}},"3":{"start":{"line":5,"column":17},"end":{"line":5,"column":52}},"4":{"start":{"line":6,"column":4},"end":{"line":6,"column":28}},"5":{"start":{"line":8,"column":4},"end":{"line":8,"column":23}},"6":{"start":{"line":9,"column":4},"end":{"line":9,"column":14}},"7":{"start":{"line":13,"column":2},"end":{"line":21,"column":3}},"8":{"start":{"line":14,"column":23},"end":{"line":14,"column":47}},"9":{"start":{"line":15,"column":4},"end":{"line":15,"column":28}},"10":{"start":{"line":16,"column":4},"end":{"line":16,"column":69}},"11":{"start":{"line":17,"column":4},"end":{"line":17,"column":22}},"12":{"start":{"line":19,"column":4},"end":{"line":19,"column":23}},"13":{"start":{"line":20,"column":4},"end":{"line":20,"column":14}},"14":{"start":{"line":24,"column":2},"end":{"line":36,"column":3}},"15":{"start":{"line":25,"column":18},"end":{"line":25,"column":32}},"16":{"start":{"line":26,"column":21},"end":{"line":26,"column":38}},"17":{"start":{"line":27,"column":4},"end":{"line":33,"column":5}},"18":{"start":{"line":28,"column":6},"end":{"line":28,"column":67}},"19":{"start":{"line":30,"column":22},"end":{"line":30,"column":47}},"20":{"start":{"line":31,"column":27},"end":{"line":31,"column":71}},"21":{"start":{"line":32,"column":6},"end":{"line":32,"column":48}},"22":{"start":{"line":35,"column":4},"end":{"line":35,"column":60}},"23":{"start":{"line":39,"column":2},"end":{"line":56,"column":3}},"24":{"start":{"line":40,"column":18},"end":{"line":40,"column":32}},"25":{"start":{"line":41,"column":21},"end":{"line":41,"column":38}},"26":{"start":{"line":42,"column":21},"end":{"line":42,"column":55}},"27":{"start":{"line":43,"column":27},"end":{"line":43,"column":32}},"28":{"start":{"line":44,"column":4},"end":{"line":48,"column":5}},"29":{"start":{"line":44,"column":17},"end":{"line":44,"column":18}},"30":{"start":{"line":45,"column":21},"end":{"line":45,"column":32}},"31":{"start":{"line":46,"column":6},"end":{"line":47,"column":32}},"32":{"start":{"line":47,"column":8},"end":{"line":47,"column":32}},"33":{"start":{"line":49,"column":4},"end":{"line":53,"column":5}},"34":{"start":{"line":50,"column":6},"end":{"line":50,"column":68}},"35":{"start":{"line":52,"column":6},"end":{"line":52,"column":71}},"36":{"start":{"line":55,"column":4},"end":{"line":55,"column":60}},"37":{"start":{"line":59,"column":2},"end":{"line":64,"column":3}},"38":{"start":{"line":60,"column":21},"end":{"line":60,"column":55}},"39":{"start":{"line":61,"column":4},"end":{"line":61,"column":42}},"40":{"start":{"line":63,"column":4},"end":{"line":63,"column":60}},"41":{"start":{"line":68,"column":2},"end":{"line":112,"column":3}},"42":{"start":{"line":69,"column":24},"end":{"line":69,"column":44}},"43":{"start":{"line":70,"column":21},"end":{"line":70,"column":38}},"44":{"start":{"line":71,"column":24},"end":{"line":71,"column":44}},"45":{"start":{"line":72,"column":31},"end":{"line":72,"column":58}},"46":{"start":{"line":75,"column":4},"end":{"line":77,"column":5}},"47":{"start":{"line":76,"column":6},"end":{"line":76,"column":98}},"48":{"start":{"line":79,"column":21},"end":{"line":79,"column":55}},"49":{"start":{"line":80,"column":19},"end":{"line":80,"column":24}},"50":{"start":{"line":82,"column":4},"end":{"line":98,"column":5}},"51":{"start":{"line":82,"column":17},"end":{"line":82,"column":18}},"52":{"start":{"line":83,"column":24},"end":{"line":83,"column":35}},"53":{"start":{"line":86,"column":6},"end":{"line":97,"column":7}},"54":{"start":{"line":88,"column":8},"end":{"line":90,"column":9}},"55":{"start":{"line":89,"column":10},"end":{"line":89,"column":39}},"56":{"start":{"line":91,"column":8},"end":{"line":93,"column":9}},"57":{"start":{"line":92,"column":10},"end":{"line":92,"column":45}},"58":{"start":{"line":95,"column":8},"end":{"line":95,"column":24}},"59":{"start":{"line":96,"column":8},"end":{"line":96,"column":14}},"60":{"start":{"line":100,"column":4},"end":{"line":109,"column":5}},"61":{"start":{"line":101,"column":6},"end":{"line":105,"column":8}},"62":{"start":{"line":106,"column":6},"end":{"line":106,"column":89}},"63":{"start":{"line":108,"column":6},"end":{"line":108,"column":101}},"64":{"start":{"line":111,"column":4},"end":{"line":111,"column":60}},"65":{"start":{"line":115,"column":2},"end":{"line":133,"column":3}},"66":{"start":{"line":116,"column":26},"end":{"line":116,"column":48}},"67":{"start":{"line":118,"column":21},"end":{"line":118,"column":55}},"68":{"start":{"line":119,"column":25},"end":{"line":119,"column":78}},"69":{"start":{"line":119,"column":49},"end":{"line":119,"column":77}},"70":{"start":{"line":121,"column":4},"end":{"line":130,"column":5}},"71":{"start":{"line":122,"column":6},"end":{"line":126,"column":8}},"72":{"start":{"line":127,"column":6},"end":{"line":127,"column":77}},"73":{"start":{"line":129,"column":6},"end":{"line":129,"column":91}},"74":{"start":{"line":132,"column":4},"end":{"line":132,"column":60}},"75":{"start":{"line":137,"column":0},"end":{"line":143,"column":2}}},"fnMap":{"0":{"name":"readJSON","decl":{"start":{"line":3,"column":15},"end":{"line":3,"column":23}},"loc":{"start":{"line":3,"column":34},"end":{"line":11,"column":1}},"line":3},"1":{"name":"writeJSON","decl":{"start":{"line":12,"column":15},"end":{"line":12,"column":24}},"loc":{"start":{"line":12,"column":43},"end":{"line":22,"column":1}},"line":12},"2":{"name":"register","decl":{"start":{"line":23,"column":15},"end":{"line":23,"column":23}},"loc":{"start":{"line":23,"column":34},"end":{"line":37,"column":1}},"line":23},"3":{"name":"login","decl":{"start":{"line":38,"column":15},"end":{"line":38,"column":20}},"loc":{"start":{"line":38,"column":31},"end":{"line":57,"column":1}},"line":38},"4":{"name":"viewUser","decl":{"start":{"line":58,"column":15},"end":{"line":58,"column":23}},"loc":{"start":{"line":58,"column":34},"end":{"line":65,"column":1}},"line":58},"5":{"name":"editUser","decl":{"start":{"line":67,"column":15},"end":{"line":67,"column":23}},"loc":{"start":{"line":67,"column":34},"end":{"line":113,"column":1}},"line":67},"6":{"name":"deleteUser","decl":{"start":{"line":114,"column":15},"end":{"line":114,"column":25}},"loc":{"start":{"line":114,"column":36},"end":{"line":134,"column":1}},"line":114},"7":{"name":"(anonymous_7)","decl":{"start":{"line":119,"column":41},"end":{"line":119,"column":42}},"loc":{"start":{"line":119,"column":49},"end":{"line":119,"column":77}},"line":119}},"branchMap":{"0":{"loc":{"start":{"line":27,"column":4},"end":{"line":33,"column":5}},"type":"if","locations":[{"start":{"line":27,"column":4},"end":{"line":33,"column":5}},{"start":{"line":27,"column":4},"end":{"line":33,"column":5}}],"line":27},"1":{"loc":{"start":{"line":27,"column":8},"end":{"line":27,"column":75}},"type":"binary-expr","locations":[{"start":{"line":27,"column":8},"end":{"line":27,"column":28}},{"start":{"line":27,"column":32},"end":{"line":27,"column":52}},{"start":{"line":27,"column":56},"end":{"line":27,"column":75}}],"line":27},"2":{"loc":{"start":{"line":46,"column":6},"end":{"line":47,"column":32}},"type":"if","locations":[{"start":{"line":46,"column":6},"end":{"line":47,"column":32}},{"start":{"line":46,"column":6},"end":{"line":47,"column":32}}],"line":46},"3":{"loc":{"start":{"line":46,"column":10},"end":{"line":46,"column":66}},"type":"binary-expr","locations":[{"start":{"line":46,"column":10},"end":{"line":46,"column":33}},{"start":{"line":46,"column":37},"end":{"line":46,"column":66}}],"line":46},"4":{"loc":{"start":{"line":49,"column":4},"end":{"line":53,"column":5}},"type":"if","locations":[{"start":{"line":49,"column":4},"end":{"line":53,"column":5}},{"start":{"line":49,"column":4},"end":{"line":53,"column":5}}],"line":49},"5":{"loc":{"start":{"line":75,"column":4},"end":{"line":77,"column":5}},"type":"if","locations":[{"start":{"line":75,"column":4},"end":{"line":77,"column":5}},{"start":{"line":75,"column":4},"end":{"line":77,"column":5}}],"line":75},"6":{"loc":{"start":{"line":86,"column":6},"end":{"line":97,"column":7}},"type":"if","locations":[{"start":{"line":86,"column":6},"end":{"line":97,"column":7}},{"start":{"line":86,"column":6},"end":{"line":97,"column":7}}],"line":86},"7":{"loc":{"start":{"line":88,"column":8},"end":{"line":90,"column":9}},"type":"if","locations":[{"start":{"line":88,"column":8},"end":{"line":90,"column":9}},{"start":{"line":88,"column":8},"end":{"line":90,"column":9}}],"line":88},"8":{"loc":{"start":{"line":91,"column":8},"end":{"line":93,"column":9}},"type":"if","locations":[{"start":{"line":91,"column":8},"end":{"line":93,"column":9}},{"start":{"line":91,"column":8},"end":{"line":93,"column":9}}],"line":91},"9":{"loc":{"start":{"line":100,"column":4},"end":{"line":109,"column":5}},"type":"if","locations":[{"start":{"line":100,"column":4},"end":{"line":109,"column":5}},{"start":{"line":100,"column":4},"end":{"line":109,"column":5}}],"line":100},"10":{"loc":{"start":{"line":121,"column":4},"end":{"line":130,"column":5}},"type":"if","locations":[{"start":{"line":121,"column":4},"end":{"line":130,"column":5}},{"start":{"line":121,"column":4},"end":{"line":130,"column":5}}],"line":121}},"s":{"0":0,"1":0,"2":0,"3":0,"4":0,"5":0,"6":0,"7":0,"8":0,"9":0,"10":0,"11":0,"12":0,"13":0,"14":0,"15":0,"16":0,"17":0,"18":0,"19":0,"20":0,"21":0,"22":0,"23":0,"24":0,"25":0,"26":0,"27":0,"28":0,"29":0,"30":0,"31":0,"32":0,"33":0,"34":0,"35":0,"36":0,"37":0,"38":0,"39":0,"40":0,"41":0,"42":0,"43":0,"44":0,"45":0,"46":0,"47":0,"48":0,"49":0,"50":0,"51":0,"52":0,"53":0,"54":0,"55":0,"56":0,"57":0,"58":0,"59":0,"60":0,"61":0,"62":0,"63":0,"64":0,"65":0,"66":0,"67":0,"68":0,"69":0,"70":0,"71":0,"72":0,"73":0,"74":0,"75":0},"f":{"0":0,"1":0,"2":0,"3":0,"4":0,"5":0,"6":0,"7":0},"b":{"0":[0,0],"1":[0,0,0],"2":[0,0],"3":[0,0],"4":[0,0],"5":[0,0],"6":[0,0],"7":[0,0],"8":[0,0],"9":[0,0],"10":[0,0]},"all":true}}